[DEBUG] 临时目录已设置为：/home/Yxwxwx/code/dmet/test/33/tmp_63719
#INFO: **** input file is /home/Yxwxwx/code/dmet/test/33/dmet_siso.py ****
from pyscf import gto, scf, ao2mo, mcscf, fci, dmrgscf, lib
# from pyscf.csf_fci import csf_solver  # TODO:
from pyscf.mcscf import avas
from pyscf.tools import molden, fcidump
from pyscf.lib import logger, cho_solve
from pyscf.data import nist
import numpy as np
import scipy
from functools import reduce
import os
import tempfile
from liblan.utils.rdiis import tag_rdiis_

dmrgscf.settings.BLOCKEXE = os.popen("which block2main").read().strip()
dmrgscf.settings.MPIPREFIX = " "

def set_custom_tmpdir(workdir):
    # 动态获取Slurm分配的作业ID（当在Slurm环境下运行时）
    slurm_job_id = os.getenv('SLURM_JOB_ID', 'localrun')
    
    # 构建唯一临时目录路径
    custom_tmp = os.path.abspath( 
        os.path.join(workdir, f"tmp_{slurm_job_id}") 
    )
    
    # 确保目录存在
    os.makedirs(custom_tmp, exist_ok=True)
    
    # 双重配置方案：修改PySCF参数 + 重定向环境变量
    lib.param.TMPDIR = custom_tmp
    os.environ['TMPDIR'] = custom_tmp  # 覆盖系统环境变量
    tempfile.tempdir = custom_tmp      # 影响Python标准库的临时文件
    
    print(f"[DEBUG] 临时目录已设置为：{custom_tmp}")

current_workdir = os.path.dirname(os.path.abspath(__file__))
set_custom_tmpdir(current_workdir)
def read_cas_info(fname):
    with open(fname, "r") as f1:
        ncasorb, ncaselec = [int(x) for x in f1.readline().split(" ")]
        casorbind = [int(x) for x in f1.readline().split(" ")]
        statelis = [int(x) for x in f1.readline().split(" ")]
    return ncasorb, ncaselec, casorbind, statelis


def rohf_solve_imp(hcore, eris, nelec, spin, max_mem, dm0=None, verbose=logger.INFO):
    mol = gto.M()
    mol.verbose = verbose
    mol.incore_anyway = True
    mol.nelectron = nelec
    mol.spin = spin

    nao = hcore.shape[0]
    print("nao = ", nao)
    print("nelec = ", mol.nelec)

    mf = scf.rohf.ROHF(mol).x2c()
    mf.max_memory = max_mem
    mf.mo_energy = np.zeros((nao))
    mf.max_cycle = 1000
    mf.diis_space = 8
    mf.init_guess = "1e"
    mf.level_shift = 0.2

    mf.get_hcore = lambda *args: hcore
    mf.get_ovlp = lambda *args: np.eye(nao)
    mf._eri = ao2mo.restore(8, eris, nao)

    if dm0 is None:
        mf.kernel()
    else:
        if dm0.shape != hcore.shape:
            bath_size = hcore.shape[0] - dm0.shape[0]
            dm0 = scipy.linalg.block_diag(
                dm0, np.eye(bath_size) * (nelec - np.trace(dm0)) / bath_size
            )
        mf.kernel(dm0)
    return mf


def sacasscf_solve_imp(
    solver_base, mol, ncasorb, ncaselec, casorbind, statelis, avas=False
):
    solver = mcscf.CASSCF(solver_base, ncasorb, ncaselec)

    if avas:
        mo = casorbind
    else:
        mo = solver.sort_mo(casorbind)
    mcfs = []
    logger.info(solver, "Attempting SA-DMRGSCF with")
    for i in range(len(statelis)):
        if statelis[i] != 0:
            new_mcf = dmrgscf.DMRGCI(mol, maxM=1500, tol=1e-10)
            new_mcf.spin = i
            new_mcf.nroots = statelis[i]
            new_mcf.threads = 16
            new_mcf.memory = int(mol.max_memory / 1000)
            new_mcf.block_extra_keyword = [
                "real_density_matrix",
                "davidson_soft_max_iter 1600",
                "noreorder",
                "cutoff 1E-24",
            ]
            new_mcf.runtimeDir = lib.param.TMPDIR + "/%d" % i
            new_mcf.scratchDirectory = lib.param.TMPDIR + "/%d" % i
            mcfs.append(new_mcf)
            logger.info(
                solver, "%s states with spin multiplicity %s", statelis[i], i + 1
            )

    statetot = sum(statelis)
    mcscf.state_average_mix_(solver, mcfs, np.ones(statetot) / statetot)
    solver.run(mo, verbose=mol.verbose)
    return solver


def lowdin(s):
    """new basis is |mu> c^{lowdin}_{mu i}"""
    e, v = scipy.linalg.eigh(s)
    idx = e > 1e-15
    return np.dot(v[:, idx] / np.sqrt(e[idx]), v[:, idx].conj().T)


def caolo(s):
    return lowdin(s)


def cloao(s):
    return lowdin(s) @ s


def get_dmet_as_props(mf, imp_inds, lo_meth="lowdin", thres=1e-13):
    """
    Returns C(AO->AS), entropy loss, and orbital composition
    """
    s = mf.get_ovlp()
    caolo_mat, cloao_mat = caolo(s), cloao(s)
    env_inds = [x for x in range(s.shape[0]) if x not in imp_inds]

    if mf.mol.spin == 0:
        pass
    else:
        dma, dmb = mf.make_rdm1()

        ldma = reduce(np.dot, (cloao_mat, dma, cloao_mat.conj().T))
        ldmb = reduce(np.dot, (cloao_mat, dmb, cloao_mat.conj().T))

        ldma_env = ldma[env_inds, :][:, env_inds]
        ldmb_env = ldmb[env_inds, :][:, env_inds]

        nat_occa, nat_coeffa = np.linalg.eigh(ldma_env)
        nat_occb, nat_coeffb = np.linalg.eigh(ldmb_env)

        ldmr_env = ldma_env + ldmb_env
        nat_occr, nat_coeffr = np.linalg.eigh(ldmr_env)

        caoas = np.hstack([caolo_mat[:, imp_inds], caolo_mat[:, env_inds] @ nat_coeffr])

        nuu = np.sum([nat_occr < thres])
        ne = np.sum([(nat_occr >= thres) & (nat_occr <= 2 - thres)])
        nuo = np.sum([nat_occr > 2 - thres])

        asorbs = (nuu, ne, nuo)
        print("caoas.shape = ", caoas.shape)
        print("asorbs = ", asorbs)

        nat_occa = nat_occa[nat_occa > thres]
        nat_occb = nat_occb[nat_occb > thres]
        nat_occr = nat_occr[nat_occr > thres]

        ent = -np.sum(nat_occa * np.log(nat_occa)) - np.sum(nat_occb * np.log(nat_occb))
        entr = -2 * np.sum(nat_occr / 2 * np.log(nat_occr / 2))

        return caoas, entr - ent, asorbs


def get_dmet_imp_ldm(mf, imp_inds, lo_meth="lowdin"):
    """
    Returns better initial guess than '1e' for impurity
    """
    s = mf.get_ovlp()
    caolo_mat, cloao_mat = caolo(s), cloao(s)

    dma, dmb = mf.make_rdm1()

    ldm = reduce(np.dot, (cloao_mat, (dma + dmb), cloao_mat.conj().T))[imp_inds, :][
        :, imp_inds
    ]
    return ldm


def get_as_1e_ints(mf, caoas, asorbs):
    # hcore from mf
    hcore = mf.get_hcore()

    # HF J/K from env UO
    uos = hcore.shape[0] - asorbs[-1]
    dm_uo = caoas[:, uos:] @ caoas[:, uos:].conj().T * 2
    vj, vk = mf.get_jk(dm=dm_uo)

    fock = hcore + vj - 0.5 * vk

    nimp = hcore.shape[0] - np.sum(asorbs)
    act_inds = [
        *list(range(nimp)),
        *list(range(nimp + asorbs[0], nimp + asorbs[0] + asorbs[1])),
    ]

    asints1e = reduce(np.dot, (caoas[:, act_inds].conj().T, fock, caoas[:, act_inds]))
    return asints1e


def get_as_2e_ints(mf, caoas, asorbs):
    nimp = caoas.shape[0] - np.sum(asorbs)
    act_inds = [
        *list(range(nimp)),
        *list(range(nimp + asorbs[0], nimp + asorbs[0] + asorbs[1])),
    ]

    if mf._eri is not None:
        asints2e = ao2mo.full(mf._eri, caoas[:, act_inds])
    else:
        asints2e = ao2mo.full(mf.mol, caoas[:, act_inds])

    return asints2e


def get_bp_hso2e(mol, dm0):
    hso2e = mol.intor("int2e_p1vxp1", 3).reshape(3, mol.nao, mol.nao, mol.nao, mol.nao)
    vj = np.einsum("yijkl,lk->yij", hso2e, dm0, optimize=True)
    vk = np.einsum("yijkl,jk->yil", hso2e, dm0, optimize=True)
    vk += np.einsum("yijkl,li->ykj", hso2e, dm0, optimize=True)
    return vj, vk


def get_bp_hso2e_amfi(mol, dm0):
    """atomic-mean-field approximation"""
    ao_loc = mol.ao_loc_nr()
    nao = ao_loc[-1]
    vj = np.zeros((3, nao, nao))
    vk = np.zeros((3, nao, nao))
    import copy

    atom = copy.copy(mol)
    aoslice = mol.aoslice_by_atom(ao_loc)
    for ia in range(mol.natm):
        b0, b1, p0, p1 = aoslice[ia]
        atom._bas = mol._bas[b0:b1]
        vj1, vk1 = get_bp_hso2e(atom, dm0[p0:p1, p0:p1])
        vj[:, p0:p1, p0:p1] = vj1
        vk[:, p0:p1, p0:p1] = vk1
    return vj, vk

if __name__ == "__main__":
    mol = gto.M(
        atom="""
        Co       4.51732000       6.67569000       9.46591000 
        O        0.10673000       5.71754000       4.08359000 
        O       -0.20263000       3.87954000       5.33764000 
        N        2.20103000       4.81931000       9.64841000 
        N        3.27947000       5.18898000      10.40808000 
        N        2.96166000       6.34059000       8.12730000 
        N        4.78118000       8.13083000       7.91817000 
        N        3.93960000       7.95118000       6.84297000 
        C        2.13409000       6.56281000       5.89663000 
        H        2.15281000       7.00310000       5.05479000 
        C        2.03077000       3.66458000      11.49540000 
        H        1.73700000       3.06541000      12.17190000 
        C        5.50442000       9.19936000       7.60933000 
        H        6.18258000       9.56592000       8.16466000 
        C        1.43158000       3.90965000      10.29386000 
        H        0.62724000       3.51713000       9.97328000 
        C        3.16869000       4.48078000      11.52190000 
        H        3.78222000       4.52024000      12.24510000 
        C        0.33451000       5.05711000       5.05858000 
        C       -1.20830000       3.41017000       4.41364000 
        H       -1.53949000       2.53582000       4.70645000 
        H       -1.95114000       4.04880000       4.38587000 
        H       -0.81534000       3.32710000       3.51879000 
        C        1.21376000       4.88369000       7.39477000 
        H        0.61320000       4.17029000       7.57651000 
        C        5.13582000       9.71857000       6.35604000 
        H        5.50592000      10.47662000       5.91809000 
        C        2.97247000       6.92938000       6.92905000 
        C        2.09430000       5.35617000       8.35146000 
        C        1.25428000       5.50570000       6.15663000 
        C        4.13930000       8.90860000       5.89915000 
        H        3.67507000       8.99583000       5.07499000 
        O        8.92791000       5.71754000      14.84822000 
        O        9.23727000       3.87954000      13.59418000 
        N        6.83361000       4.81931000       9.28341000 
        N        5.75518000       5.18898000       8.52374000
        N        6.07299000       6.34059000      10.80451000 
        N        4.25346000       8.13083000      11.01365000 
        N        5.09504000       7.95118000      12.08885000 
        C        6.90055000       6.56281000      13.03519000 
        H        6.88184000       7.00310000      13.87702000 
        C        7.00388000       3.66458000       7.43642000 
        H        7.29765000       3.06542000       6.75992000 
        C        3.53022000       9.19936000      11.32249000 
        H        2.85206000       9.56592000      10.76716000 
        C        7.60306000       3.90965000       8.63796000 
        H        8.40741000       3.51713000       8.95854000 
        C        5.86595000       4.48078000       7.40991000 
        H        5.25243000       4.52024000       6.68672000 
        C        8.70014000       5.05710000      13.87324000 
        C       10.24294000       3.41017000      14.51818000 
        H       10.57414000       2.53582000      14.22537000 
        H       10.98578000       4.04880000      14.54595000 
        H        9.84999000       3.32710000      15.41302000 
        C        7.82088000       4.88369000      11.53705000 
        H        8.42144000       4.17029000      11.35530000 
        C        3.89883000       9.71857000      12.57578000 
        H        3.52872000      10.47662000      13.01373000 
        C        6.06217000       6.92938000      12.00277000 
        C        6.94034000       5.35617000      10.58036000 
        C        7.78036000       5.50570000      12.77519000 
        C        4.89535000       8.90860000      13.03266000 
        H        5.35957000       8.99583000      13.85683000 
            """,
    basis={"default": "def2tzvp", "C": "6-31G*", "H": "6-31G*", "O": "6-31G*"},
    symmetry=0,
    spin=3,
    charge=+2,
    verbose=4,
    max_memory=200000,
    )
    
    mf = scf.rohf.ROHF(mol).x2c()
    mf.max_cycle = 100
    title = "Co_bpp_COOMe_2"
    imp_inds = mol.search_ao_label(["Co *"])
    mf.chkfile = title + "_rohf.chk"
    mf.init_guess = "atom"
    mf.level_shift = 0.2
    if os.path.isfile(title + "_rohf.chk"):
        mf.init_guess = "chk"
        mf.level_shift = 0.0
    mf = tag_rdiis_(mf=mf, imp_inds=imp_inds)
    mf.kernel()

    print("nao = ", mol.nao_nr())
    print("nelec = ", mol.nelec)


    print("imp_inds.shape", imp_inds.shape)

    # AS general info
    caoas, ent, asorbs = get_dmet_as_props(mf, imp_inds, thres=1e-13)
    # AS hcore + j/k
    as1e = get_as_1e_ints(mf, caoas, asorbs)
    # AS ERIs
    as2e = get_as_2e_ints(mf, caoas, asorbs)

    print(f"Entanglement S: {ent:.3f}")

    nimp = caoas.shape[0] - np.sum(asorbs)
    print("nimp = ", nimp)
    act_inds = [
        *list(range(nimp)),
        *list(range(nimp + asorbs[0], nimp + asorbs[0] + asorbs[1])),
    ]

    print("act_inds = ", act_inds)

    nelec = int(mf.mol.nelectron - asorbs[-1] * 2)
    ldm = get_dmet_imp_ldm(mf, imp_inds)
    solver_base = rohf_solve_imp(as1e, as2e, nelec, mf.mol.spin, mf.max_memory, dm0=ldm)

    with open(title + "_imp_rohf_orbs.molden", "w") as f1:
        molden.header(mf.mol, f1)
        molden.orbital_coeff(
            mf.mol,
            f1,
            caoas[:, act_inds] @ solver_base.mo_coeff,
            ene=solver_base.mo_energy,
            occ=solver_base.mo_occ,
        )

    casinfo_fname = title + "_cas_info"


    if not os.path.isfile(casinfo_fname):
        print("Failed to read saved CAS briefings.")
        exit()


    ncasorb, ncaselec, casorbind, statelis = read_cas_info(casinfo_fname)

    solver = sacasscf_solve_imp(
        solver_base, mf.mol, ncasorb, ncaselec, casorbind, statelis=statelis
    )

    mc = solver.copy()
    fcidump.from_integrals(
        "FCIDUMP",
        solver.get_h1eff()[0],
        solver.get_h2eff(),
        solver.ncas,
        solver.nelecas,
        nuc=solver.get_h1eff()[1],
    )

    uos = caoas.shape[0] - asorbs[-1]
    dm_uo = caoas[:, uos:] @ caoas[:, uos:].conj().T * 2
    mo_cas = caoas[:, act_inds] @ mc.mo_coeff[:, mc.ncore : mc.ncore + mc.ncas]
    print("mo_cas.shape = ", mo_cas.shape)
    sodm1_act = reduce(
        np.dot, [caoas[:, act_inds], mc.make_rdm1(), caoas[:, act_inds].conj().T]
    )
    sodm1 = sodm1_act + dm_uo

    # soc integral
    # breit-pauli amfi
    # amfi = True
    # hso1e = mol.intor_asymmetric("int1e_pnucxp", 3)
    # vj, vk = get_bp_hso2e_amfi(mol, sodm1) if amfi else get_bp_hso2e(mol, sodm1)
    # hso2e = vj - vk * 1.5
    # hsoao = 1.0j * (nist.ALPHA**2 / 2) * (hso1e + hso2e)
    # print("hsoao.shape = ", hsoao.shape)

    # hso = np.asarray([reduce(np.dot, (mo_cas.T, x.T, mo_cas)) for x in hsoao])
    # print("hso.shape = ", hso.shape)
    # # Save each component of hso (shape: 3 x nao x nao) to separate binary files as complex128
    # hso[0].astype(np.complex128).tofile("hso_x.bin")
    # hso[1].astype(np.complex128).tofile("hso_y.bin")
    # hso[2].astype(np.complex128).tofile("hso_z.bin")

    # x2camf
    from mycamf import x2camf
    import os

    xmol, ctr = mf.with_x2c.get_xmol(mol)
    xdmao = ctr @ sodm1 @ ctr.conj().T
    print("sodm1.shape = ", sodm1.shape)
    print("xdmao.shape = ", xdmao.shape)
    x = mf.with_x2c.get_xmat()
    r = mf.with_x2c._get_rmat(x=x)
    hso1e = xmol.intor_asymmetric("int1e_pnucxp", 3)
    hso1e = np.einsum(
        "pq,qr,irs,sk,kl->ipl", r.conj().T, x.conj().T, hso1e, x, r, optimize=True
    )

    hso2e = x2camf.amfi(mf.with_x2c, printLevel=1)

    hso2e = hso2e / (nist.ALPHA**2 / 4)
    sphsp = xmol.sph2spinor_coeff()
    p_repr = np.einsum("ixp,pq,jyq->ijxy", sphsp, hso2e, sphsp.conj(), optimize=True)
    hso2e = (p_repr[0, np.array([1, 1, 0])] * np.array([-1j, 1, -1j])[:, None, None]).real

    s22 = xmol.intor_symmetric("int1e_ovlp")
    s21 = gto.intor_cross("int1e_ovlp", xmol, mol)
    c = cho_solve(s22, s21)
    hso1e = c.conj().T @ hso1e @ c
    hso2e = c.conj().T @ hso2e @ c
    print("hso1e.shape = ", hso1e.shape)
    print("hso2e.shape = ", hso2e.shape)
    hsoao = (1j * nist.ALPHA**2 / 2) * (hso1e + hso2e)

    hso = np.asarray([reduce(np.dot, (mo_cas.T.conj(), i.T, mo_cas)) for i in hsoao])
    print("hso.shape = ", hso.shape)
    # Save each component of hso (shape: 3 x nao x nao) to separate binary files as complex128
    hso_labels = ["x", "y", "z"]
    for i, label in enumerate(hso_labels):
        with open(f"hso_{label}.bin", "wb") as f:
            # 先写入shape信息（int32），再写入数据（complex128）
            shape = np.array(hso[i].shape, dtype=np.int32)
            f.write(shape.tobytes())
            f.write(hso[i].astype(np.complex128).tobytes())
            # print(hso[i])
#INFO: ******************** input file end ********************


System: uname_result(system='Linux', node='cu10', release='5.15.0-133-generic', version='#144-Ubuntu SMP Fri Feb 7 20:47:38 UTC 2025', machine='x86_64')  Threads 16
Python 3.13.2 | packaged by Anaconda, Inc. | (main, Feb  6 2025, 18:56:02) [GCC 11.2.0]
numpy 2.2.6  scipy 1.15.3  h5py 3.13.0
Date: Thu Jun 26 20:04:26 2025
PySCF version 2.9.0
PySCF path  /home/Yxwxwx/.conda/envs/my_pyscf/lib/python3.13/site-packages/pyscf

[CONFIG] conf_file None
[INPUT] verbose = 4
[INPUT] num. atoms = 63
[INPUT] num. electrons = 305
[INPUT] charge = 2
[INPUT] spin (= nelec alpha-beta = 2S) = 3
[INPUT] symmetry 0 subgroup None
[INPUT] Mole.unit = angstrom
[INPUT] Symbol           X                Y                Z      unit          X                Y                Z       unit  Magmom
[INPUT]  1 Co     4.517320000000   6.675690000000   9.465910000000 AA    8.536497617020  12.615225792498  17.887977419782 Bohr   0.0
[INPUT]  2 O      0.106730000000   5.717540000000   4.083590000000 AA    0.201690469275  10.804584706246   7.716866705013 Bohr   0.0
[INPUT]  3 O     -0.202630000000   3.879540000000   5.337640000000 AA   -0.382915204621   7.331268089295  10.086677751523 Bohr   0.0
[INPUT]  4 N      2.201030000000   4.819310000000   9.648410000000 AA    4.159343891951   9.107176009378  18.232852437515 Bohr   0.0
[INPUT]  5 N      3.279470000000   5.188980000000  10.408080000000 AA    6.197300133727   9.805751065846  19.668420682563 Bohr   0.0
[INPUT]  6 N      2.961660000000   6.340590000000   8.127300000000 AA    5.596726274079  11.981978568156  15.358371132178 Bohr   0.0
[INPUT]  7 N      4.781180000000   8.130830000000   7.918170000000 AA    9.035120752248  15.365041865397  14.963172707747 Bohr   0.0
[INPUT]  8 N      3.939600000000   7.951180000000   6.842970000000 AA    7.444765040337  15.025552567119  12.931339178615 Bohr   0.0
[INPUT]  9 C      2.134090000000   6.562810000000   5.896630000000 AA    4.032845625173  12.401913507557  11.143015757894 Bohr   0.0
[INPUT] 10 H      2.152810000000   7.003100000000   5.054790000000 AA    4.068221298225  13.233941022942   9.552168717190 Bohr   0.0
[INPUT] 11 C      2.030770000000   3.664580000000  11.495400000000 AA    3.837599121983   6.925052561559  21.723157692325 Bohr   0.0
[INPUT] 12 H      1.737000000000   3.065410000000  12.171900000000 AA    3.282454278370   5.792785359503  23.001557415593 Bohr   0.0
[INPUT] 13 C      5.504420000000   9.199360000000   7.609330000000 AA   10.401846274578  17.384270921279  14.379549691437 Bohr   0.0
[INPUT] 14 H      6.182580000000   9.565920000000   8.164660000000 AA   11.683382943213  18.076968929499  15.428971300191 Bohr   0.0
[INPUT] 15 C      1.431580000000   3.909650000000  10.293860000000 AA    2.705294125405   7.388167742906  19.452576164615 Bohr   0.0
[INPUT] 16 H      0.627240000000   3.517130000000   9.973280000000 AA    1.185311814372   6.646412444492  18.846767763602 Bohr   0.0
[INPUT] 17 C      3.168690000000   4.480780000000  11.521900000000 AA    5.987956273648   8.467447024429  21.773235434626 Bohr   0.0
[INPUT] 18 H      3.782220000000   4.520240000000  12.245100000000 AA    7.147359942852   8.542015617304  23.139885367912 Bohr   0.0
[INPUT] 19 C      0.334510000000   5.057110000000   5.058580000000 AA    0.632132285928   9.556552881799   9.559330779202 Bohr   0.0
[INPUT] 20 C     -1.208300000000   3.410170000000   4.413640000000 AA   -2.283356076312   6.444287338208   8.340570812425 Bohr   0.0
[INPUT] 21 H     -1.539490000000   2.535820000000   4.706450000000 AA   -2.909214471507   4.792005301195   8.893901518959 Bohr   0.0
[INPUT] 22 H     -1.951140000000   4.048800000000   4.385870000000 AA   -3.687120230684   7.651123133139   8.288093117946 Bohr   0.0
[INPUT] 23 H     -0.815340000000   3.327100000000   3.518790000000 AA   -1.540769298403   6.287307789040   6.649549389858 Bohr   0.0
[INPUT] 24 C      1.213760000000   4.883690000000   7.394770000000 AA    2.293673980952   9.228836577277  13.974090054150 Bohr   0.0
[INPUT] 25 H      0.613200000000   4.170290000000   7.576510000000 AA    1.158780059583   7.880705960012  14.317528880028 Bohr   0.0
[INPUT] 26 C      5.135820000000   9.718570000000   6.356040000000 AA    9.705293225064  18.365435622414  12.011174836781 Bohr   0.0
[INPUT] 27 H      5.505920000000  10.476620000000   5.918090000000 AA   10.404680863765  19.797942511141  11.183569280527 Bohr   0.0
[INPUT] 28 C      2.972470000000   6.929380000000   6.929050000000 AA    5.617154213486  13.094630413039  13.094006803418 Bohr   0.0
[INPUT] 29 C      2.094300000000   5.356170000000   8.351460000000 AA    3.957653422677  10.121694376612  15.781972140260 Bohr   0.0
[INPUT] 30 C      1.254280000000   5.505700000000   6.156630000000 AA    2.370245683519  10.404265124018  11.634344550281 Bohr   0.0
[INPUT] 31 C      4.139300000000   8.908600000000   5.899150000000 AA    7.822143347412  16.834814153300  11.147777867728 Bohr   0.0
[INPUT] 32 H      3.675070000000   8.995830000000   5.074990000000 AA    6.944875788605  16.999654963146   9.590341184906 Bohr   0.0
[INPUT] 33 O      8.927910000000   5.717540000000  14.848220000000 AA   16.871304764766  10.804584706246  28.059069237289 Bohr   0.0
[INPUT] 34 O      9.237270000000   3.879540000000  13.594180000000 AA   17.455910438661   7.331268089295  25.689277088040 Bohr   0.0
[INPUT] 35 N      6.833610000000   4.819310000000   9.283410000000 AA   12.913651342089   9.107176009378  17.543102402049 Bohr   0.0
[INPUT] 36 N      5.755180000000   5.188980000000   8.523740000000 AA   10.875713997574   9.805751065846  16.107534157000 Bohr   0.0
[INPUT] 37 N      6.072990000000   6.340590000000  10.804510000000 AA   11.476287857222  11.981978568156  20.417564810124 Bohr   0.0
[INPUT] 38 N      4.253460000000   8.130830000000  11.013650000000 AA    8.037874481793  15.365041865397  20.812782131816 Bohr   0.0
[INPUT] 39 N      5.095040000000   7.951180000000  12.088850000000 AA    9.628230193704  15.025552567119  22.844615660948 Bohr   0.0
[INPUT] 40 C      6.900550000000   6.562810000000  13.035190000000 AA   13.040149608867  12.401913507557  24.632939081669 Bohr   0.0
[INPUT] 41 H      6.881840000000   7.003100000000  13.877020000000 AA   13.004792833077  13.233941022942  26.223767225112 Bohr   0.0
[INPUT] 42 C      7.003880000000   3.664580000000   7.436420000000 AA   13.235415009319   6.925052561559  14.052797147238 Bohr   0.0
[INPUT] 43 H      7.297650000000   3.065420000000   6.759920000000 AA   13.790559852932   5.792804256764  12.774397423970 Bohr   0.0
[INPUT] 44 C      3.530220000000   9.199360000000  11.322490000000 AA    6.671148959462  17.384270921279  21.396405148127 Bohr   0.0
[INPUT] 45 H      2.852060000000   9.565920000000  10.767160000000 AA    5.389612290827  18.076968929499  20.346983539372 Bohr   0.0
[INPUT] 46 C      7.603060000000   3.909650000000   8.637960000000 AA   14.367701108636   7.388167742906  16.323378674948 Bohr   0.0
[INPUT] 47 H      8.407410000000   3.517130000000   8.958540000000 AA   15.887702316930   6.646412444492  16.929187075961 Bohr   0.0
[INPUT] 48 C      5.865950000000   4.480780000000   7.409910000000 AA   11.085038960392   8.467447024429  14.002700507676 Bohr   0.0
[INPUT] 49 H      5.252430000000   4.520240000000   6.686720000000 AA    9.925654188449   8.542015617304  12.636069471652 Bohr   0.0
[INPUT] 50 C      8.700140000000   5.057100000000  13.873240000000 AA   16.440881845373   9.556533984538  26.216624060361 Bohr   0.0
[INPUT] 51 C     10.242940000000   3.410170000000  14.518180000000 AA   19.356351310352   6.444287338208  27.435384027138 Bohr   0.0
[INPUT] 52 H     10.574140000000   2.535820000000  14.225370000000 AA   19.982228602808   4.792005301195  26.882053320604 Bohr   0.0
[INPUT] 53 H     10.985780000000   4.048800000000  14.545950000000 AA   20.760115464724   7.651123133139  27.487861721617 Bohr   0.0
[INPUT] 54 H      9.849990000000   3.327100000000  15.413020000000 AA   18.613783429705   6.287307789040  29.126386552444 Bohr   0.0
[INPUT] 55 C      7.820880000000   4.883690000000  11.537050000000 AA   14.779321253088   9.228836577277  21.801864785413 Bohr   0.0
[INPUT] 56 H      8.421440000000   4.170290000000  11.355300000000 AA   15.914215174457   7.880705960012  21.458407062274 Bohr   0.0
[INPUT] 57 C      3.898830000000   9.718570000000  12.575780000000 AA    7.367720906238  18.365435622414  23.764780002783 Bohr   0.0
[INPUT] 58 H      3.528720000000  10.476620000000  13.013730000000 AA    6.668314370275  19.797942511141  24.592385559036 Bohr   0.0
[INPUT] 59 C      6.062170000000   6.929380000000  12.002770000000 AA   11.455841020555  13.094630413039  22.681948036146 Bohr   0.0
[INPUT] 60 C      6.940340000000   5.356170000000  10.580360000000 AA   13.115341811364  10.121694376612  19.993982699303 Bohr   0.0
[INPUT] 61 C      7.780360000000   5.505700000000  12.775190000000 AA   14.702749550521  10.404265124018  24.141610289282 Bohr   0.0
[INPUT] 62 C      4.895350000000   8.908600000000  13.032660000000 AA    9.250870783890  16.834814153300  24.628158074574 Bohr   0.0
[INPUT] 63 H      5.359570000000   8.995830000000  13.856830000000 AA   10.128119445435  16.999654963146  26.185613654657 Bohr   0.0

nuclear repulsion = 5591.42484965414
number of shells = 349
number of NR pGTOs = 1450
number of NR cGTOs = 819
basis = {'default': 'def2tzvp', 'C': '6-31G*', 'H': '6-31G*', 'O': '6-31G*'}
ecp = {}
CPU time:         2.99


******** <class 'pyscf.x2c.sfx2c1e.sfX2C1eROHF'> ********
method = sfX2C1eROHF
initial guess = chk
damping factor = 0
level_shift factor = 0.0
DIIS = <class 'liblan.utils.rdiis.tag_rdiis_.<locals>.RDIIS'>
diis_start_cycle = 1
diis_space = 8
diis_damp = 0
SCF conv_tol = 1e-09
SCF conv_tol_grad = None
SCF max_cycles = 100
direct_scf = True
direct_scf_tol = 1e-13
chkfile to save SCF result = Co_bpp_COOMe_2_rohf.chk
max_memory 200000 MB (current use 139 MB)
num. doubly occ = 151  num. singly occ = 3


******** <class 'pyscf.x2c.sfx2c1e.SpinFreeX2CHelper'> ********
approx = 1e
xuncontract = 1
Set gradient conv threshold to 3.16228e-05
init E= -3231.70088994905
  HOMO = -0.303771991889076  LUMO = -0.154484815368371
cycle= 1 E= -3231.70088994731  delta_E= 1.74e-09  |g|= 4.41e-05  |ddm|= 9.82e-05
----------SDDIS-Entropy 0.024
  HOMO = -0.303773529432111  LUMO = -0.154484542020112
cycle= 2 E= -3231.70088993738  delta_E= 9.92e-09  |g|= 9.71e-05  |ddm|= 0.000226
----------SDDIS-Entropy 0.024
  HOMO = -0.303772804736645  LUMO = -0.154484753268323
cycle= 3 E= -3231.70088994984  delta_E= -1.25e-08  |g|= 8.09e-06  |ddm|= 0.000167
----------SDDIS-Entropy 0.024
  HOMO = -0.303772839600052  LUMO = -0.154484736176646
cycle= 4 E= -3231.7008899499  delta_E= -6.55e-11  |g|= 5.23e-06  |ddm|= 1.75e-05
  HOMO = -0.303772595785803  LUMO = -0.15448477767998
Extra cycle  E= -3231.70088994994  delta_E= -4e-11  |g|= 6.52e-06  |ddm|= 1.71e-05
converged SCF energy = -3231.70088994994
nao =  819
nelec =  (154, 151)
imp_inds.shape (45,)
caoas.shape =  (819, 819)
asorbs =  (np.int64(620), np.int64(50), np.int64(104))
Entanglement S: 0.024
nimp =  45
act_inds =  [0, 1, 2, 3, 4, 5, 6, 7, 8, 9, 10, 11, 12, 13, 14, 15, 16, 17, 18, 19, 20, 21, 22, 23, 24, 25, 26, 27, 28, 29, 30, 31, 32, 33, 34, 35, 36, 37, 38, 39, 40, 41, 42, 43, 44, 665, 666, 667, 668, 669, 670, 671, 672, 673, 674, 675, 676, 677, 678, 679, 680, 681, 682, 683, 684, 685, 686, 687, 688, 689, 690, 691, 692, 693, 694, 695, 696, 697, 698, 699, 700, 701, 702, 703, 704, 705, 706, 707, 708, 709, 710, 711, 712, 713, 714]
nao =  95
nelec =  (50, 47)


******** <class 'pyscf.x2c.sfx2c1e.sfX2C1eROHF'> ********
method = sfX2C1eROHF
initial guess = 1e
damping factor = 0
level_shift factor = 0.2
DIIS = <class 'pyscf.scf.diis.CDIIS'>
diis_start_cycle = 1
diis_space = 8
diis_damp = 0
SCF conv_tol = 1e-09
SCF conv_tol_grad = None
SCF max_cycles = 1000
direct_scf = True
direct_scf_tol = 1e-13
chkfile to save SCF result = /home/Yxwxwx/code/dmet/test/33/tmp_63719/tmp8no6u3r4
max_memory 200000 MB (current use 721 MB)
num. doubly occ = 47  num. singly occ = 3


******** <class 'pyscf.x2c.sfx2c1e.SpinFreeX2CHelper'> ********
approx = 1e
xuncontract = 1
Set gradient conv threshold to 3.16228e-05
init E= -2222.45935346577
  HOMO = 0.97291113974424  LUMO = 0.980177874972338
cycle= 1 E= -2290.68975695554  delta_E= -68.2  |g|= 3.44  |ddm|= 9.82
  HOMO = -0.664803158871004  LUMO = -0.355722075551738
cycle= 2 E= -2286.22787187411  delta_E= 4.46  |g|= 8.09  |ddm|= 3.47
  HOMO = -0.512402562201207  LUMO = 0.139847105249865
cycle= 3 E= -2290.35074944693  delta_E= -4.12  |g|= 4.52  |ddm|= 0.748

WARN: HOMO 0.533052650644746 >= LUMO -0.352178514198431

cycle= 4 E= -2290.66166786403  delta_E= -0.311  |g|=  3.2  |ddm|= 3.42
  HOMO = -0.052700564964563  LUMO = 0.232589418957888
cycle= 5 E= -2294.39661812898  delta_E= -3.73  |g|= 0.455  |ddm|= 2.45
  HOMO = -0.176733334523659  LUMO = 0.3503116373222
cycle= 6 E= -2294.49053962739  delta_E= -0.0939  |g|= 0.257  |ddm|= 0.456
  HOMO = -0.196715238918674  LUMO = 0.343874614334703
cycle= 7 E= -2294.50522308643  delta_E= -0.0147  |g|= 0.12  |ddm|= 0.122
  HOMO = -0.204426223943468  LUMO = 0.339731956533283
cycle= 8 E= -2294.5088546923  delta_E= -0.00363  |g|= 0.0349  |ddm|= 0.0689
  HOMO = -0.199744969011552  LUMO = 0.340009390639959
cycle= 9 E= -2294.50897265915  delta_E= -0.000118  |g|= 0.0267  |ddm|= 0.0148
  HOMO = -0.199732150055058  LUMO = 0.340108122465554
cycle= 10 E= -2294.50902734461  delta_E= -5.47e-05  |g|= 0.0213  |ddm|= 0.00633
  HOMO = -0.202031458254746  LUMO = 0.339621572408075
cycle= 11 E= -2294.5090969413  delta_E= -6.96e-05  |g|= 0.00922  |ddm|= 0.00803
  HOMO = -0.203120875004598  LUMO = 0.33924784654668
cycle= 12 E= -2294.50912042567  delta_E= -2.35e-05  |g|= 0.00172  |ddm|= 0.00675
  HOMO = -0.20318623445009  LUMO = 0.339237222403564
cycle= 13 E= -2294.50912414907  delta_E= -3.72e-06  |g|= 0.000815  |ddm|= 0.00316
  HOMO = -0.203150602137845  LUMO = 0.339244556458292
cycle= 14 E= -2294.5091262645  delta_E= -2.12e-06  |g|= 0.000673  |ddm|= 0.00237
  HOMO = -0.203248449880777  LUMO = 0.339240859381762
cycle= 15 E= -2294.50912847454  delta_E= -2.21e-06  |g|= 0.000553  |ddm|= 0.00295
  HOMO = -0.203339022092767  LUMO = 0.3392418336894
cycle= 16 E= -2294.50913080167  delta_E= -2.33e-06  |g|= 0.000411  |ddm|= 0.00391
  HOMO = -0.203469735333047  LUMO = 0.339241257753014
cycle= 17 E= -2294.50913245141  delta_E= -1.65e-06  |g|= 0.000302  |ddm|= 0.00373
  HOMO = -0.203536117128495  LUMO = 0.339241279168157
cycle= 18 E= -2294.5091333607  delta_E= -9.09e-07  |g|= 0.000265  |ddm|= 0.00261
  HOMO = -0.203582277031778  LUMO = 0.339240446648774
cycle= 19 E= -2294.50913399948  delta_E= -6.39e-07  |g|= 0.000241  |ddm|= 0.00209
  HOMO = -0.203636624999741  LUMO = 0.339240712728198
cycle= 20 E= -2294.50913479309  delta_E= -7.94e-07  |g|= 0.00021  |ddm|= 0.00285
  HOMO = -0.203687549055071  LUMO = 0.33924030687565
cycle= 21 E= -2294.50913599877  delta_E= -1.21e-06  |g|= 0.000188  |ddm|= 0.00536
  HOMO = -0.20369106514314  LUMO = 0.339240295169938
cycle= 22 E= -2294.50913623332  delta_E= -2.35e-07  |g|= 0.000123  |ddm|= 0.00135
  HOMO = -0.20375417134318  LUMO = 0.339239633734863
cycle= 23 E= -2294.50913687985  delta_E= -6.47e-07  |g|= 0.000207  |ddm|= 0.00613
  HOMO = -0.203761874490724  LUMO = 0.33923937425066
cycle= 24 E= -2294.50913696567  delta_E= -8.58e-08  |g|= 8.07e-05  |ddm|= 0.00208
  HOMO = -0.203771489297584  LUMO = 0.339239250900177
cycle= 25 E= -2294.50913697652  delta_E= -1.09e-08  |g|= 2.39e-05  |ddm|= 0.000638
  HOMO = -0.203771068636752  LUMO = 0.339239352226734
cycle= 26 E= -2294.50913697856  delta_E= -2.04e-09  |g|= 1.25e-05  |ddm|= 0.000357
  HOMO = -0.203772201758242  LUMO = 0.339239321093033
cycle= 27 E= -2294.50913697872  delta_E= -1.51e-10  |g|= 3.65e-06  |ddm|= 7.96e-05
  HOMO = -0.303771921918222  LUMO = 0.139239313960762
Extra cycle  E= -2294.50913697872  delta_E= -9.55e-12  |g|= 2.65e-06  |ddm|= 8.81e-06
converged SCF energy = -2294.50913697872
Attempting SA-DMRGSCF with
40 states with spin multiplicity 2
10 states with spin multiplicity 4

******** <class 'pyscf.mcscf.addons.StateAverageCASSCF'> ********
CAS (5e+2e, 5o), ncore = 45, nvir = 45
max_cycle_macro = 50
max_cycle_micro = 4
conv_tol = 1e-07
conv_tol_grad = None
orbital rotation max_stepsize = 0.02
orbital rotation threshold for CI restart = 0.01
augmented hessian ah_max_cycle = 30
augmented hessian ah_conv_tol = 1e-12
augmented hessian ah_linear dependence = 1e-14
augmented hessian ah_level shift = 1e-08
augmented hessian ah_start_tol = 2.5
augmented hessian ah_start_cycle = 3
augmented hessian ah_grad_trust_region = 3
kf_trust_region = 3
kf_interval = 4
ci_response_space = 4
ci_grad_trust_region = 3
with_dep4 0
natorb = False
canonicalization = True
sorting_mo_energy = False
ao2mo_level = 2
chkfile = /home/Yxwxwx/code/dmet/test/33/tmp_63719/tmp8no6u3r4
max_memory 200000 MB (current use 721 MB)
internal_rotation = False

******** Block flags ********
executable             = /home/Yxwxwx/.conda/envs/my_pyscf/bin/block2main
BLOCKEXE_COMPRESS_NEVPT= /path/to/serially/compiled/Block/block.spin_adapted
Block version          = 2.0
mpiprefix              =  
scratchDirectory       = /home/Yxwxwx/code/dmet/test/33/tmp_63719/1
integralFile           = /home/Yxwxwx/code/dmet/test/33/tmp_63719/1/FCIDUMP
configFile             = /home/Yxwxwx/code/dmet/test/33/tmp_63719/1/dmrg.conf
outputFile             = /home/Yxwxwx/code/dmet/test/33/tmp_63719/1/dmrg.out
maxIter                = 38
scheduleSweeps         = [0, 4, 8, 12, 14, 16, 18, 20, 22, 24, 26]
scheduleMaxMs          = [200, 400, 800, 1500, 1500, 1500, 1500, 1500, 1500, 1500, 1500]
scheduleTols           = [0.0001, 0.0001, 0.0001, 0.0001, 1e-05, 1.0000000000000002e-06, 1.0000000000000002e-07, 1.0000000000000002e-08, 1.0000000000000003e-09, 1.0000000000000003e-10, 1.0000000000000001e-11]
scheduleNoises         = [0.0001, 0.0001, 0.0001, 0.0001, 1e-05, 1.0000000000000002e-06, 1.0000000000000002e-07, 1.0000000000000002e-08, 1.0000000000000003e-09, 1.0000000000000003e-10, 0.0]
twodot_to_onedot       = 30
tol                    = 1e-10
maxM                   = 1500
dmrg switch tol        = 0.001
wfnsym                 = 1
fullrestart            = False
num_thrds              = 16
memory                 = 200

State-average over 50 states with weights [0.02 0.02 0.02 0.02 0.02 0.02 0.02 0.02 0.02 0.02 0.02 0.02 0.02 0.02
 0.02 0.02 0.02 0.02 0.02 0.02 0.02 0.02 0.02 0.02 0.02 0.02 0.02 0.02
 0.02 0.02 0.02 0.02 0.02 0.02 0.02 0.02 0.02 0.02 0.02 0.02 0.02 0.02
 0.02 0.02 0.02 0.02 0.02 0.02 0.02 0.02]
CASCI E = -2294.00811472591  S^2 = 1.3500000
Set conv_tol_grad to 0.000316228
macro iter   1 ( 21 JK    4 micro), CASSCF E = -2294.23362954077  dE = -2.25514815e-01  S^2 = 1.3500000
               |grad[o]|=0.694  |ddm|=3.1e-15  |maxRot[o]|= 0.31
macro iter   2 ( 18 JK    4 micro), CASSCF E = -2294.35553854537  dE = -1.21909005e-01  S^2 = 1.3500000
               |grad[o]|=0.453  |ddm|=2.01e-15  |maxRot[o]|=0.218
macro iter   3 ( 10 JK    4 micro), CASSCF E = -2294.35998876212  dE = -4.45021675e-03  S^2 = 1.3500000
               |grad[o]|=0.0438  |ddm|=3.46e-15  |maxRot[o]|=0.0552
macro iter   4 (  7 JK    3 micro), CASSCF E = -2294.35999161929  dE = -2.85717215e-06  S^2 = 1.3500000
               |grad[o]|=0.00113  |ddm|=2.33e-15  |maxRot[o]|=0.00127
macro iter   5 (  1 JK    1 micro), CASSCF E = -2294.35999161929  dE =  0.00000000e+00  S^2 = 1.3500000
               |grad[o]|=5.03e-06  |ddm|=3.21e-15  |maxRot[o]|=    0
1-step CASSCF converged in   5 macro ( 57 JK  16 micro) steps
CASSCF canonicalization
Density matrix diagonal elements [1.4 1.4 1.4 1.4 1.4]
CASSCF energy = -2294.35999161929
CASCI E = -2294.35999161929  E(CI) = -23.5500427642519  S^2 = 1.3500000
CASCI state-averaged energy = -2294.35999161929
CASCI energy for each state
  State 0 weight 0.02  E = -2294.43975375827 S^2 = 0.7500000
  State 1 weight 0.02  E = -2294.43546265722 S^2 = 0.7500000
  State 2 weight 0.02  E = -2294.41474968611 S^2 = 0.7500000
  State 3 weight 0.02  E = -2294.413627284 S^2 = 0.7500000
  State 4 weight 0.02  E = -2294.41358418662 S^2 = 0.7500000
  State 5 weight 0.02  E = -2294.41100311645 S^2 = 0.7500000
  State 6 weight 0.02  E = -2294.40962320979 S^2 = 0.7500000
  State 7 weight 0.02  E = -2294.40911939962 S^2 = 0.7500000
  State 8 weight 0.02  E = -2294.38992146725 S^2 = 0.7500000
  State 9 weight 0.02  E = -2294.38758443854 S^2 = 0.7500000
  State 10 weight 0.02  E = -2294.38655915124 S^2 = 0.7500000
  State 11 weight 0.02  E = -2294.38581661493 S^2 = 0.7500000
  State 12 weight 0.02  E = -2294.37493078226 S^2 = 0.7500000
  State 13 weight 0.02  E = -2294.37376281659 S^2 = 0.7500000
  State 14 weight 0.02  E = -2294.36933504039 S^2 = 0.7500000
  State 15 weight 0.02  E = -2294.36918695318 S^2 = 0.7500000
  State 16 weight 0.02  E = -2294.36782203347 S^2 = 0.7500000
  State 17 weight 0.02  E = -2294.3668043597 S^2 = 0.7500000
  State 18 weight 0.02  E = -2294.35920199457 S^2 = 0.7500000
  State 19 weight 0.02  E = -2294.35902789603 S^2 = 0.7500000
  State 20 weight 0.02  E = -2294.34838345005 S^2 = 0.7500000
  State 21 weight 0.02  E = -2294.34740830757 S^2 = 0.7500000
  State 22 weight 0.02  E = -2294.34507853266 S^2 = 0.7500000
  State 23 weight 0.02  E = -2294.34362342428 S^2 = 0.7500000
  State 24 weight 0.02  E = -2294.34120670554 S^2 = 0.7500000
  State 25 weight 0.02  E = -2294.3391290311 S^2 = 0.7500000
  State 26 weight 0.02  E = -2294.33849846003 S^2 = 0.7500000
  State 27 weight 0.02  E = -2294.33785908341 S^2 = 0.7500000
  State 28 weight 0.02  E = -2294.29269907619 S^2 = 0.7500000
  State 29 weight 0.02  E = -2294.2911430132 S^2 = 0.7500000
  State 30 weight 0.02  E = -2294.28837767955 S^2 = 0.7500000
  State 31 weight 0.02  E = -2294.28820637724 S^2 = 0.7500000
  State 32 weight 0.02  E = -2294.28469331427 S^2 = 0.7500000
  State 33 weight 0.02  E = -2294.28295644985 S^2 = 0.7500000
  State 34 weight 0.02  E = -2294.28078567115 S^2 = 0.7500000
  State 35 weight 0.02  E = -2294.18051777158 S^2 = 0.7500000
  State 36 weight 0.02  E = -2294.17829662324 S^2 = 0.7500000
  State 37 weight 0.02  E = -2294.17586793639 S^2 = 0.7500000
  State 38 weight 0.02  E = -2294.17048093566 S^2 = 0.7500000
  State 39 weight 0.02  E = -2294.17000603901 S^2 = 0.7500000
  State 40 weight 0.02  E = -2294.50466915365 S^2 = 3.7500000
  State 41 weight 0.02  E = -2294.5026951713 S^2 = 3.7500000
  State 42 weight 0.02  E = -2294.49645143053 S^2 = 3.7500000
  State 43 weight 0.02  E = -2294.47259823141 S^2 = 3.7500000
  State 44 weight 0.02  E = -2294.47138930957 S^2 = 3.7500000
  State 45 weight 0.02  E = -2294.46862650527 S^2 = 3.7500000
  State 46 weight 0.02  E = -2294.43673162262 S^2 = 3.7500000
  State 47 weight 0.02  E = -2294.39894355129 S^2 = 3.7500000
  State 48 weight 0.02  E = -2294.39468969318 S^2 = 3.7500000
  State 49 weight 0.02  E = -2294.39069156748 S^2 = 3.7500000
Initializing 4c-HF with Gaunt with gauge for C atom.
Maximum memory cost (2e part) in SCF and amfi calculation: 0.00321078 GB.
1e-integrals time (CPU/WALL): 0.00/0.00 seconds.
2e-Coulomb-integrals time (CPU/WALL): 0.32/0.02 seconds.
2e-Gaunt-integrals time (CPU/WALL): 0.26/0.02 seconds.
2e-gauge-integrals time (CPU/WALL): 1.02/0.06 seconds.

Start Dirac Hartree-Fock iterations...
with SCF convergence = 1e-09


SCF converges after 10 iterations.

Final DHF energy is -37.3324964757747 hartree.
DHF iterations time (CPU/WALL): 0.07/0.01 seconds.
2e-SO Coulomb integrals time (CPU/WALL): 0.09/0.03 seconds.
Initializing 4c-HF with Gaunt with gauge for H atom.
Maximum memory cost (2e part) in SCF and amfi calculation: 4.57763671875e-05 GB.
1e-integrals time (CPU/WALL): 0.00/0.00 seconds.
2e-Coulomb-integrals time (CPU/WALL): 0.00/0.00 seconds.
2e-Gaunt-integrals time (CPU/WALL): 0.00/0.00 seconds.
2e-gauge-integrals time (CPU/WALL): 0.00/0.00 seconds.

Start Dirac Hartree-Fock iterations...
with SCF convergence = 1e-09

Special treatment for fractional occupation of H atom.

SCF converges after 1 iterations.

Final DHF energy is -0.340081496312782 hartree.
DHF iterations time (CPU/WALL): 0.00/0.00 seconds.
2e-SO Coulomb integrals time (CPU/WALL): 0.00/0.00 seconds.
Initializing 4c-HF with Gaunt with gauge for CO atom.
Maximum memory cost (2e part) in SCF and amfi calculation: 0.0711967349052429 GB.
1e-integrals time (CPU/WALL): 0.00/0.00 seconds.
2e-Coulomb-integrals time (CPU/WALL): 0.38/0.38 seconds.
2e-Gaunt-integrals time (CPU/WALL): 0.26/0.26 seconds.
2e-gauge-integrals time (CPU/WALL): 1.40/1.40 seconds.

Start Dirac Hartree-Fock iterations...
with SCF convergence = 1e-09


SCF converges after 18 iterations.

Final DHF energy is -1390.51515626882 hartree.
DHF iterations time (CPU/WALL): 0.08/0.08 seconds.
2e-SO Coulomb integrals time (CPU/WALL): 0.54/0.54 seconds.
Initializing 4c-HF with Gaunt with gauge for O atom.
Maximum memory cost (2e part) in SCF and amfi calculation: 0.00321078300476074 GB.
1e-integrals time (CPU/WALL): 0.00/0.00 seconds.
2e-Coulomb-integrals time (CPU/WALL): 0.02/0.02 seconds.
2e-Gaunt-integrals time (CPU/WALL): 0.01/0.01 seconds.
2e-gauge-integrals time (CPU/WALL): 0.06/0.06 seconds.

Start Dirac Hartree-Fock iterations...
with SCF convergence = 1e-09


SCF converges after 11 iterations.

Final DHF energy is -74.3107180725906 hartree.
DHF iterations time (CPU/WALL): 0.01/0.01 seconds.
2e-SO Coulomb integrals time (CPU/WALL): 0.03/0.03 seconds.
Initializing 4c-HF with Gaunt with gauge for N atom.
Maximum memory cost (2e part) in SCF and amfi calculation: 0.00736874341964722 GB.
1e-integrals time (CPU/WALL): 0.00/0.00 seconds.
2e-Coulomb-integrals time (CPU/WALL): 0.04/0.04 seconds.
2e-Gaunt-integrals time (CPU/WALL): 0.03/0.03 seconds.
2e-gauge-integrals time (CPU/WALL): 0.15/0.15 seconds.

Start Dirac Hartree-Fock iterations...
with SCF convergence = 1e-09


SCF converges after 12 iterations.

Final DHF energy is -53.8754539020806 hartree.
DHF iterations time (CPU/WALL): 0.01/0.01 seconds.
2e-SO Coulomb integrals time (CPU/WALL): 0.06/0.06 seconds.
mo_cas.shape =  (819, 5)
sodm1.shape =  (819, 819)
xdmao.shape =  (1450, 1450)
hso1e.shape =  (3, 819, 819)
hso2e.shape =  (3, 819, 819)
hso.shape =  (3, 5, 5)
