#INFO: **** input file is /home/Yxwxwx/code/dmet/test/entropy/44/dmet_siso.py ****
from pyscf import gto, scf, ao2mo, mcscf, fci, dmrgscf, lib

# from pyscf.csf_fci import csf_solver  # TODO:
from pyscf.mcscf import avas
from pyscf.tools import molden, fcidump
from pyscf.lib import logger, cho_solve
from pyscf.data import nist
import numpy as np
import scipy
from functools import reduce
import os
import tempfile
from liblan.utils.rdiis import tag_rdiis_
import h5py
from pyblock2._pyscf.ao2mo import integrals as itg
from pyblock2.driver.core import DMRGDriver, SymmetryTypes

dmrgscf.settings.BLOCKEXE = os.popen("which block2main").read().strip()
dmrgscf.settings.MPIPREFIX = ""


def read_cas_info(fname):
    with open(fname, "r") as f1:
        ncasorb, ncaselec = [int(x) for x in f1.readline().split(" ")]
        casorbind = [int(x) for x in f1.readline().split(" ")]
        statelis = [int(x) for x in f1.readline().split(" ")]
    return ncasorb, ncaselec, casorbind, statelis


def sacasscf_dump_chk(solver, sav):
    # saving properties for SISO
    with h5py.File(sav, "w") as fh5:
        fh5["ncore"] = np.asarray(solver.ncore)
        fh5["ncas"] = np.asarray(solver.ncas)
        fh5["nelecas"] = np.asarray(solver.nelecas)
        fh5["mo_coeff"] = solver.mo_coeff
        fh5["rdm1"] = solver.make_rdm1()

        for i in range(len(solver.ci)):
            fh5["ci" + str(i)] = solver.ci[i]
        fh5["e_states"] = solver.e_states


def sacasscf_load_chk(solver, sav):
    with h5py.File(sav, "r") as fh5:
        solver.ncore = fh5["ncore"][()]
        solver.ncas = fh5["ncas"][()]
        solver.nelecas = fh5["nelecas"][:]

        solver.mo_coeff = fh5["mo_coeff"][:]
        rdm1 = fh5["rdm1"][:]
        solver.make_rdm1 = lambda *args: rdm1

        # solver.e_states = fh5["e_states"][:]
        # solver.ci = [fh5["ci" + str(i)][:] for i in range(len(solver.e_states))]
    return solver


def rohf_solve_imp(hcore, eris, nelec, spin, max_mem, dm0=None, verbose=logger.INFO):
    mol = gto.M()
    mol.verbose = verbose
    mol.incore_anyway = True
    mol.nelectron = nelec
    mol.spin = spin

    nao = hcore.shape[0]
    print("nao = ", nao)
    print("nelec = ", mol.nelec)

    mf = scf.rohf.ROHF(mol).x2c()
    mf.max_memory = max_mem
    mf.mo_energy = np.zeros((nao))
    mf.max_cycle = 1000
    mf.diis_space = 8
    mf.init_guess = "1e"
    mf.level_shift = 0.2

    mf.get_hcore = lambda *args: hcore
    mf.get_ovlp = lambda *args: np.eye(nao)
    mf._eri = ao2mo.restore(8, eris, nao)

    if dm0 is None:
        mf.kernel()
    else:
        if dm0.shape != hcore.shape:
            bath_size = hcore.shape[0] - dm0.shape[0]
            dm0 = scipy.linalg.block_diag(
                dm0, np.eye(bath_size) * (nelec - np.trace(dm0)) / bath_size
            )
        mf.kernel(dm0)
    return mf


def sacasscf_solve_imp(
    solver_base, mol, ncasorb, ncaselec, casorbind, statelis, avas=False
):
    solver = mcscf.CASSCF(solver_base, ncasorb, ncaselec)

    if avas:
        mo = casorbind
    else:
        mo = solver.sort_mo(casorbind)
    mcfs = []
    logger.info(solver, "Attempting SA-DMRGSCF with")
    for i in range(len(statelis)):
        if statelis[i] != 0:
            new_mcf = dmrgscf.DMRGCI(mol, maxM=1500, tol=1e-10)
            new_mcf.spin = i
            new_mcf.nroots = statelis[i]
            new_mcf.threads = 16
            new_mcf.memory = int(mol.max_memory / 1000)
            new_mcf.block_extra_keyword = [
                "real_density_matrix",
                "davidson_soft_max_iter 1600",
                "noreorder",
                "cutoff 1E-24",
            ]
            new_mcf.runtimeDir = lib.param.TMPDIR + "/%d" % i
            new_mcf.scratchDirectory = lib.param.TMPDIR + "/%d" % i
            mcfs.append(new_mcf)
            logger.info(
                solver, "%s states with spin multiplicity %s", statelis[i], i + 1
            )

    statetot = sum(statelis)
    mcscf.state_average_mix_(solver, mcfs, np.ones(statetot) / statetot)
    solver.run(mo, verbose=mol.verbose)
    return solver


def lowdin(s):
    """new basis is |mu> c^{lowdin}_{mu i}"""
    e, v = scipy.linalg.eigh(s)
    idx = e > 1e-15
    return np.dot(v[:, idx] / np.sqrt(e[idx]), v[:, idx].conj().T)


def caolo(s):
    return lowdin(s)


def cloao(s):
    return lowdin(s) @ s


def get_dmet_as_props(mf, imp_inds, lo_meth="lowdin", thres=1e-13):
    """
    Returns C(AO->AS), entropy loss, and orbital composition
    """
    s = mf.get_ovlp()
    caolo_mat, cloao_mat = caolo(s), cloao(s)
    env_inds = [x for x in range(s.shape[0]) if x not in imp_inds]

    if mf.mol.spin == 0:
        pass
    else:
        dma, dmb = mf.make_rdm1()

        ldma = reduce(np.dot, (cloao_mat, dma, cloao_mat.conj().T))
        ldmb = reduce(np.dot, (cloao_mat, dmb, cloao_mat.conj().T))

        ldma_env = ldma[env_inds, :][:, env_inds]
        ldmb_env = ldmb[env_inds, :][:, env_inds]

        nat_occa, nat_coeffa = np.linalg.eigh(ldma_env)
        nat_occb, nat_coeffb = np.linalg.eigh(ldmb_env)

        ldmr_env = ldma_env + ldmb_env
        nat_occr, nat_coeffr = np.linalg.eigh(ldmr_env)

        caoas = np.hstack([caolo_mat[:, imp_inds], caolo_mat[:, env_inds] @ nat_coeffr])

        nuu = np.sum([nat_occr < thres])
        ne = np.sum([(nat_occr >= thres) & (nat_occr <= 2 - thres)])
        nuo = np.sum([nat_occr > 2 - thres])

        asorbs = (nuu, ne, nuo)
        print("caoas.shape = ", caoas.shape)
        print("asorbs = ", asorbs)

        nat_occa = nat_occa[nat_occa > thres]
        nat_occb = nat_occb[nat_occb > thres]
        nat_occr = nat_occr[nat_occr > thres]

        ent = -np.sum(nat_occa * np.log(nat_occa)) - np.sum(nat_occb * np.log(nat_occb))
        entr = -2 * np.sum(nat_occr / 2 * np.log(nat_occr / 2))

        return caoas, entr - ent, asorbs


def get_dmet_imp_ldm(mf, imp_inds, lo_meth="lowdin"):
    """
    Returns better initial guess than '1e' for impurity
    """
    s = mf.get_ovlp()
    caolo_mat, cloao_mat = caolo(s), cloao(s)

    dma, dmb = mf.make_rdm1()

    ldm = reduce(np.dot, (cloao_mat, (dma + dmb), cloao_mat.conj().T))[imp_inds, :][
        :, imp_inds
    ]
    return ldm


def get_as_1e_ints(mf, caoas, asorbs):
    # hcore from mf
    hcore = mf.get_hcore()

    # HF J/K from env UO
    uos = hcore.shape[0] - asorbs[-1]
    dm_uo = caoas[:, uos:] @ caoas[:, uos:].conj().T * 2
    vj, vk = mf.get_jk(dm=dm_uo)

    fock = hcore + vj - 0.5 * vk

    nimp = hcore.shape[0] - np.sum(asorbs)
    act_inds = [
        *list(range(nimp)),
        *list(range(nimp + asorbs[0], nimp + asorbs[0] + asorbs[1])),
    ]

    asints1e = reduce(np.dot, (caoas[:, act_inds].conj().T, fock, caoas[:, act_inds]))
    return asints1e


def get_as_2e_ints(mf, caoas, asorbs):
    nimp = caoas.shape[0] - np.sum(asorbs)
    act_inds = [
        *list(range(nimp)),
        *list(range(nimp + asorbs[0], nimp + asorbs[0] + asorbs[1])),
    ]

    if mf._eri is not None:
        asints2e = ao2mo.full(mf._eri, caoas[:, act_inds])
    else:
        asints2e = ao2mo.full(mf.mol, caoas[:, act_inds])

    return asints2e


def get_bp_hso2e(mol, dm0):
    hso2e = mol.intor("int2e_p1vxp1", 3).reshape(3, mol.nao, mol.nao, mol.nao, mol.nao)
    vj = np.einsum("yijkl,lk->yij", hso2e, dm0, optimize=True)
    vk = np.einsum("yijkl,jk->yil", hso2e, dm0, optimize=True)
    vk += np.einsum("yijkl,li->ykj", hso2e, dm0, optimize=True)
    return vj, vk


def get_bp_hso2e_amfi(mol, dm0):
    """atomic-mean-field approximation"""
    ao_loc = mol.ao_loc_nr()
    nao = ao_loc[-1]
    vj = np.zeros((3, nao, nao))
    vk = np.zeros((3, nao, nao))
    import copy

    atom = copy.copy(mol)
    aoslice = mol.aoslice_by_atom(ao_loc)
    for ia in range(mol.natm):
        b0, b1, p0, p1 = aoslice[ia]
        atom._bas = mol._bas[b0:b1]
        vj1, vk1 = get_bp_hso2e(atom, dm0[p0:p1, p0:p1])
        vj[:, p0:p1, p0:p1] = vj1
        vk[:, p0:p1, p0:p1] = vk1
    return vj, vk


mol = gto.M(
    atom="""
Co       0.08614000      12.11827000       3.79913000 
N       -1.03087000      12.08263000       1.98298000 
N       -1.95892000      12.14777000       4.39138000 
N       -2.70024000      12.08608000       5.50995000 
H       -2.37428000      12.16884000       6.32356000 
N        1.18073000      10.64850000       2.70623000 
N        0.50813000      10.51364000       5.18129000 
N        0.27159000      10.17225000       6.45848000 
H       -0.20185000      10.65923000       7.01687000 
N        1.38678000      13.37998000       2.68823000 
N        0.85251000      13.55623000       5.21213000 
N        0.85714000      13.78190000       6.54474000 
H        0.31753000      13.38534000       7.11490000 
O       -0.46275000      12.07689000       0.71844000 
O        1.52561000      10.77360000       1.37361000 
O        1.64253000      13.22940000       1.35543000 
B        1.03912000      12.02516000       0.72183000 
C       -3.19233000      11.76462000       0.83411000 
H       -3.05941000      12.50218000       0.20318000 
H       -4.12766000      11.74738000       1.12641000 
H       -2.97296000      10.91594000       0.39567000 
C       -2.30918000      11.95428000       2.01220000 
C       -2.82609000      11.96769000       3.37566000 
C       -4.12290000      11.80485000       3.86935000 
H       -4.91909000      11.66883000       3.36853000 
C       -4.00314000      11.88148000       5.23637000 
H       -4.70720000      11.80485000       5.86908000 
C        2.45210000       8.55574000       2.59323000
H        3.26754000       8.96763000       2.23856000 
H        1.93667000       8.16493000       1.85715000 
H        2.69438000       7.85266000       3.23129000 
C        1.63440000       9.58641000       3.27763000 
C        1.24980000       9.50787000       4.68742000 
C        1.48880000       8.53658000       5.65699000 
H        1.98618000       7.73197000       5.56252000 
C        0.84263000       8.99828000       6.78696000 
H        0.80778000       8.56915000       7.63354000 
C        3.17695000      15.04822000       2.63066000 
H        2.79814000      15.55397000       1.88388000 
H        3.86951000      14.44092000       2.29737000 
H        3.57097000      15.66700000       3.27941000 
C        2.10425000      14.26084000       3.28832000 
C        1.82096000      14.34897000       4.72485000 
C        2.43325000      15.06737000       5.75145000 
H        3.14855000      15.68808000       5.67481000 
C        1.78385000      14.68422000       6.88855000 
H        1.95883000      15.00032000       7.76722000 
C        1.53838000      11.95811000      -0.79668000 
C        1.26255000      10.84123000      -1.58802000 
H        0.75942000      10.12665000      -1.21730000 
C        1.70236000      10.74544000      -2.90157000 
H        1.48992000       9.97914000      -3.42200000 
C        2.45632000      11.77803000      -3.45051000 
H        2.78318000      11.70906000      -4.33987000 
C        2.72753000      12.89874000      -2.70195000 
H        3.22141000      13.61332000      -3.08693000 
C        2.28708000      12.99262000      -1.39019000 
H        2.49441000      13.77041000      -0.88402000
            """,
    basis={
        "default": "def2tzvp",
        "C": "6-31G*",
        "H": "6-31G*",
        "O": "6-31G*",
        "B": "6-31G*",
    },
    symmetry=0,
    spin=3,
    charge=+1,
    verbose=4,
    max_memory=200000,
)

mf = scf.rohf.ROHF(mol).x2c()
mf.max_cycle = 100
title = "CoN6BO3"
imp_inds = mol.search_ao_label(["Co *"])
mf.chkfile = title + "_rohf.chk"
mf.init_guess = "atom"
mf.level_shift = 0.2
if os.path.isfile(title + "_rohf.chk"):
    mf.init_guess = "chk"
    mf.level_shift = 0.0
mf = tag_rdiis_(mf=mf, imp_inds=imp_inds)
mf.kernel()


print("nao = ", mol.nao_nr())
print("nelec = ", mol.nelec)


print("imp_inds.shape", imp_inds.shape)

as_fname = title + "_as_chk.h5"
if not os.path.isfile(as_fname):
    # AS general info
    caoas, ent, asorbs = get_dmet_as_props(mf, imp_inds, thres=1e-13)
    # AS hcore + j/k
    as1e = get_as_1e_ints(mf, caoas, asorbs)
    # AS ERIs
    as2e = get_as_2e_ints(mf, caoas, asorbs)

    print(f"Entanglement S: {ent:.3f}")

    with h5py.File(as_fname, "w") as fh5:
        fh5["caoas"] = caoas
        fh5["ent"] = ent
        fh5["asorbs"] = asorbs
        fh5["1e"] = as1e
        fh5["2e"] = as2e
else:
    fh5 = h5py.File(as_fname, "r")
    caoas = fh5["caoas"][:]
    ent = fh5["ent"][()]
    asorbs = fh5["asorbs"][:]
    as1e = fh5["1e"][:]
    as2e = fh5["2e"][:]
    fh5.close()

nimp = caoas.shape[0] - np.sum(asorbs)
print("nimp = ", nimp)
act_inds = [
    *list(range(nimp)),
    *list(range(nimp + asorbs[0], nimp + asorbs[0] + asorbs[1])),
]

print("act_inds = ", act_inds)

nelec = int(mf.mol.nelectron - asorbs[-1] * 2)
ldm = get_dmet_imp_ldm(mf, imp_inds)
solver_base = rohf_solve_imp(as1e, as2e, nelec, mf.mol.spin, mf.max_memory, dm0=ldm)

with open(title + "_imp_rohf_orbs.molden", "w") as f1:
    molden.header(mf.mol, f1)
    molden.orbital_coeff(
        mf.mol,
        f1,
        caoas[:, act_inds] @ solver_base.mo_coeff,
        ene=solver_base.mo_energy,
        occ=solver_base.mo_occ,
    )

# avas
# ao_labels = ["Co 3d"]
# ncasorb, ncaselec, casorbind = avas.avas(solver_base, ao_labels, canonicalize=False)

# ncasorb = 5
# ncaselec = 7
# casorbind = [40, 41, 55, 56, 57]  # F-style

caschk_fname = title + "_imp_cas_chk.h5"


if not os.path.isfile(caschk_fname):
    casinfo_fname = title + "_cas_info"
    if not os.path.isfile(casinfo_fname):
        print("Failed to read saved CAS briefings.")
        exit()
    ncasorb, ncaselec, casorbind, statelis = read_cas_info(casinfo_fname)

    solver = sacasscf_solve_imp(
        solver_base, mf.mol, ncasorb, ncaselec, casorbind, statelis=statelis
    )
    sacasscf_dump_chk(solver, caschk_fname)

else:
    solver = sacasscf_load_chk(lib.StreamObject(), caschk_fname)


with open(title + "_imp_casscf_orbs.molden", "w") as f1:
    molden.header(mf.mol, f1)
    molden.orbital_coeff(
        mf.mol,
        f1,
        caoas[:, act_inds] @ solver.mo_coeff,
        ene=solver_base.mo_energy,
        occ=solver_base.mo_occ,
    )

huge_casorbind = [
    39,
    40,
    41,
    42,
    43,
    44,
    45,
    46,
    47,
    48,
    49,
    50,
    51,
    52,
    53,
    54,
    55,
    56,
    57,
    58,
    59,
    61,
]
if len(huge_casorbind) != 22:
    exit()

mc = mcscf.CASSCF(solver_base, ncas=22, nelecas=29)
mc.mo_coeff = mc.sort_mo(huge_casorbind, solver.mo_coeff)

bond_dims = [250] * 4 + [500] * 4 + [2000]
noises = [1e-4] * 4 + [1e-5] * 4 + [0]
thrds = [1e-10] * 8
ncas = 22
n_elec = 31
spin = 3
ecore = mc.get_h1eff()[1]
h1e = mc.get_h1eff()[0]
g2e = mc.get_h2eff()
orb_sym = [0] * ncas
# ncas, n_elec, spin, ecore, h1e, g2e, orb_sym = itg.get_rhf_integrals(
#     mf, ncore=0, ncas=None, g2e_symm=8
# )
driver = DMRGDriver(
    scratch="./tmp",
    symm_type=SymmetryTypes.SZ,
    n_threads=32,
    stack_mem=int(200 * 1024**3),
)
driver.initialize_system(n_sites=ncas, n_elec=n_elec, spin=spin, orb_sym=orb_sym)

mpo = driver.get_qc_mpo(h1e=h1e, g2e=g2e, ecore=ecore, iprint=0)
ket = driver.get_random_mps(tag="GS", bond_dim=250, nroots=1)
energy = driver.dmrg(
    mpo, ket, n_sweeps=20, bond_dims=bond_dims, noises=noises, thrds=thrds, iprint=1
)
print("DMRG energy = %20.15f" % energy)

ordm1 = driver.get_orbital_entropies(ket, orb_type=1)
ordm2 = driver.get_orbital_entropies(ket, orb_type=2)
minfo = 0.5 * (ordm1[:, None] + ordm1[None, :] - ordm2) * (1 - np.identity(len(ordm1)))

with h5py.File("minfo_data.h5", "w") as f:
    f.create_dataset("minfo", data=minfo)
    f.create_dataset("ordm1", data=ordm1)
    f.create_dataset("ordm2", data=ordm2)

    # 可选：写入注释
    f.attrs["description"] = (
        "Mutual information matrix computed from 1-RDM and 2-RDM orbital entropies."
    )
    f.attrs["formula"] = (
        "minfo = 0.5 * (ordm1[:, None] + ordm1[None, :] - ordm2) * (1 - I)"
    )

print("已保存为 minfo_data.h5")

import matplotlib.pyplot as plt

if not os.path.exists("minfo_data.h5"):
    print("minfo_data.h5 not found. Please run the DMRG calculation first.")
    exit()

with h5py.File("minfo_data.h5", "r") as f:
    minfo = f["minfo"][:]
    # ordm1 = f["ordm1"][:]   # 可选
    # ordm2 = f["ordm2"][:]   # 可选

fig, ax = plt.subplots(figsize=(6, 6))  # 图像尺寸可调整
cax = ax.imshow(minfo, cmap="ocean_r")  # 使用你原来的颜色风格

# 添加 colorbar
cbar = fig.colorbar(cax, ax=ax, fraction=0.046, pad=0.04)
cbar.set_label("Mutual Information", fontsize=10)

# 设置坐标轴刻度为 1~N（从1开始）
n = minfo.shape[0]
ax.set_xticks(np.arange(n))
ax.set_yticks(np.arange(n))
ax.set_xticklabels(np.arange(1, n + 1))
ax.set_yticklabels(np.arange(1, n + 1))
ax.tick_params(length=0, labelsize=8)

# 添加细网格线
ax.set_xticks(np.arange(-0.5, n, 1), minor=True)
ax.set_yticks(np.arange(-0.5, n, 1), minor=True)
ax.grid(which="minor", color="gray", linestyle="-", linewidth=0.3)
ax.tick_params(which="minor", bottom=False, left=False)

# 保持正方形比例
ax.set_aspect("equal")

# 保存图片
plt.tight_layout()
plt.savefig("minfo_matrix_oceanr.png", dpi=600)
plt.close()
#INFO: ******************** input file end ********************


System: uname_result(system='Linux', node='cu09', release='5.15.0-133-generic', version='#144-Ubuntu SMP Fri Feb 7 20:47:38 UTC 2025', machine='x86_64')  Threads 32
Python 3.11.13 (main, Jun  5 2025, 13:12:00) [GCC 11.2.0]
numpy 2.3.1  scipy 1.16.0  h5py 3.14.0
Date: Wed Jul 30 16:24:15 2025
PySCF version 2.9.0
PySCF path  /home/Yxwxwx/.conda/envs/pyscf_311/lib/python3.11/site-packages/pyscf

[CONFIG] conf_file None
[INPUT] verbose = 4
[INPUT] num. atoms = 58
[INPUT] num. electrons = 267
[INPUT] charge = 1
[INPUT] spin (= nelec alpha-beta = 2S) = 3
[INPUT] symmetry 0 subgroup None
[INPUT] Mole.unit = angstrom
[INPUT] Symbol           X                Y                Z      unit          X                Y                Z       unit  Magmom
[INPUT]  1 Co     0.086140000000  12.118270000000   3.799130000000 AA    0.162781008370  22.900211403533   7.179315211619 Bohr   0.0
[INPUT]  2 N     -1.030870000000  12.082630000000   1.982980000000 AA   -1.948061970030  22.832861564454   3.747289110490 Bohr   0.0
[INPUT]  3 N     -1.958920000000  12.147770000000   4.391380000000 AA   -3.701822299933  22.955958324208   8.298505508893 Bohr   0.0
[INPUT]  4 N     -2.700240000000  12.086080000000   5.509950000000 AA   -5.102714070596  22.839381119583  10.412296460047 Bohr   0.0
[INPUT]  5 H     -2.374280000000  12.168840000000   6.323560000000 AA   -4.486738943032  22.995774853652  11.949796532255 Bohr   0.0
[INPUT]  6 N      1.180730000000  10.648500000000   2.706230000000 AA    2.231256327058  20.122748637431   5.114033530082 Bohr   0.0
[INPUT]  7 N      0.508130000000  10.513640000000   5.181290000000 AA    0.960226535675  19.867900172272   9.791219071948 Bohr   0.0
[INPUT]  8 N      0.271590000000  10.172250000000   6.458480000000 AA    0.513230718171  19.222766570607  12.204758380981 Bohr   0.0
[INPUT]  9 H     -0.201850000000  10.659230000000   7.016870000000 AA   -0.381441218243  20.143025398748  13.259962551677 Bohr   0.0
[INPUT] 10 N      1.386780000000  13.379980000000   2.688230000000 AA    2.620634395024  25.284497752158   5.080018459840 Bohr   0.0
[INPUT] 11 N      0.852510000000  13.556230000000   5.212130000000 AA    1.611010418453  25.617561981613   9.849498225629 Bohr   0.0
[INPUT] 12 N      0.857140000000  13.781900000000   6.544740000000 AA    1.619759850410  26.044016476143  12.367766156486 Bohr   0.0
[INPUT] 13 H      0.317530000000  13.385340000000   7.114900000000 AA    0.600044736333  25.294626684186  13.445212403668 Bohr   0.0
[INPUT] 14 O     -0.462750000000  12.076890000000   0.718440000000 AA   -0.874470764142  22.822014536499   1.357654836933 Bohr   0.0
[INPUT] 15 O      1.525610000000  10.773600000000   1.373610000000 AA    2.882985072898  20.359153375614   2.595746701964 Bohr   0.0
[INPUT] 16 O      1.642530000000  13.229400000000   1.355430000000 AA    3.103931851382  24.999942792321   2.561391481019 Bohr   0.0
[INPUT] 17 B      1.039120000000  12.025160000000   0.721830000000 AA    1.963652210558  22.724259004075   1.364061008495 Bohr   0.0
[INPUT] 18 C     -3.192330000000  11.764620000000   0.834110000000 AA   -6.032629399233  22.231909759581   1.576239457761 Bohr   0.0
[INPUT] 19 H     -3.059410000000  12.502180000000   0.203180000000 AA   -5.781447002756  23.625696160015   0.383954553989 Bohr   0.0
[INPUT] 20 H     -4.127660000000  11.747380000000   1.126410000000 AA   -7.800146935322  22.199330881193   2.128606403971 Bohr   0.0
[INPUT] 21 H     -2.972960000000  10.915940000000   0.395670000000 AA   -5.618080179287  20.628136992185   0.747707935707 Bohr   0.0
[INPUT] 22 C     -2.309180000000  11.954280000000   2.012200000000 AA   -4.363717772323  22.590315216366   3.802506907850 Bohr   0.0
[INPUT] 23 C     -2.826090000000  11.967690000000   3.375660000000 AA   -5.340536103372  22.615656443696   6.379072889649 Bohr   0.0
[INPUT] 24 C     -4.122900000000  11.804850000000   3.869350000000 AA   -7.791151838969  22.307933441572   7.312011780086 Bohr   0.0
[INPUT] 25 H     -4.919090000000  11.668830000000   3.368530000000 AA   -9.295732882087  22.050892894109   6.365599142381 Bohr   0.0
[INPUT] 26 C     -4.003140000000  11.881480000000   5.236370000000 AA   -7.564838238291  22.452743154497   9.895305186889 Bohr   0.0
[INPUT] 27 H     -4.707200000000  11.804850000000   5.869080000000 AA   -8.895318813553  22.307933441572  11.090953803162 Bohr   0.0
[INPUT] 28 C      2.452100000000   8.555740000000   2.593230000000 AA    4.633797430046  16.168005392986   4.900494478006 Bohr   0.0
[INPUT] 29 H      3.267540000000   8.967630000000   2.238560000000 AA    6.174755701061  16.946364686433   4.230265313406 Bohr   0.0
[INPUT] 30 H      1.936670000000   8.164930000000   1.857150000000 AA    3.659775893661  15.429481526245   3.509504872236 Bohr   0.0
[INPUT] 31 H      2.694380000000   7.852660000000   3.231290000000 AA    5.091640275506  14.839376749327   6.106253129046 Bohr   0.0
[INPUT] 32 C      1.634400000000   9.586410000000   3.277630000000 AA    3.088568377989  18.115689417792   6.193823037658 Bohr   0.0
[INPUT] 33 C      1.249800000000   9.507870000000   4.687420000000 AA    2.361779710481  17.967270327968   8.857940030809 Bohr   0.0
[INPUT] 34 C      1.488800000000   8.536580000000   5.656990000000 AA    2.813424254252  16.131798240440  10.690161789403 Bohr   0.0
[INPUT] 35 H      1.986180000000   7.731970000000   5.562520000000 AA    3.753336234089  14.611305703353  10.511639362416 Bohr   0.0
[INPUT] 36 C      0.842630000000   8.998280000000   6.786960000000 AA    1.592339924342  17.004284792151  12.825495618378 Bohr   0.0
[INPUT] 37 H      0.807780000000   8.569150000000   7.633540000000 AA    1.526482968901  16.193346620317  14.425299960912 Bohr   0.0
[INPUT] 38 C      3.176950000000  15.048220000000   2.630660000000 AA    6.003565411437  28.437014462202   4.971226926848 Bohr   0.0
[INPUT] 39 H      2.798140000000  15.553970000000   1.883880000000 AA    5.287718258190  29.392743449701   3.560017251546 Bohr   0.0
[INPUT] 40 H      3.869510000000  14.440920000000   2.297370000000 AA    7.312314136266  27.289383786754   4.341400106792 Bohr   0.0
[INPUT] 41 H      3.570970000000  15.667000000000   3.279410000000 AA    6.748155299038  29.606339193561   6.197186750160 Bohr   0.0
[INPUT] 42 C      2.104250000000  14.260840000000   3.288320000000 AA    3.976456197616  26.949081906242   6.214024209930 Bohr   0.0
[INPUT] 43 C      1.820960000000  14.348970000000   4.724850000000 AA    3.441115683788  27.115623469600   8.928672479651 Bohr   0.0
[INPUT] 44 C      2.433250000000  15.067370000000   5.751450000000 AA    4.598176092598  28.473202717488  10.868665319130 Bohr   0.0
[INPUT] 45 H      3.148550000000  15.688080000000   5.674810000000 AA    5.949897189499  29.646174620267  10.723836708943 Bohr   0.0
[INPUT] 46 C      1.783850000000  14.684220000000   6.888550000000 AA    3.370987947305  27.749154152861  13.017472895373 Bohr   0.0
[INPUT] 47 H      1.958830000000  15.000320000000   7.767220000000 AA    3.701652224582  28.346496580836  14.677918549244 Bohr   0.0
[INPUT] 48 C      1.538380000000  11.958110000000  -0.796680000000 AA    2.907116875508  22.597552867423  -1.505507008918 Bohr   0.0
[INPUT] 49 C      1.262550000000  10.841230000000  -1.588020000000 AA    2.385873718570  20.486955553418  -3.000922880332 Bohr   0.0
[INPUT] 50 H      0.759420000000  10.126650000000  -1.217300000000 AA    1.435095813517  19.136595059327  -2.300363611433 Bohr   0.0
[INPUT] 51 C      1.702360000000  10.745440000000  -2.901570000000 AA    3.216994165415  20.305938687946  -5.483172631254 Bohr   0.0
[INPUT] 52 H      1.489920000000   9.979140000000  -3.422000000000 AA    2.815540747512  18.857841558692  -6.466642798262 Bohr   0.0
[INPUT] 53 C      2.456320000000  11.778030000000  -3.450510000000 AA    4.641772074292  22.257250986911  -6.520518890073 Bohr   0.0
[INPUT] 54 H      2.783180000000  11.709060000000  -4.339870000000 AA    5.259447955367  22.126916576100  -8.201165716216 Bohr   0.0
[INPUT] 55 C      2.727530000000  12.898740000000  -2.701950000000 AA    5.154284696535  24.375085951972  -5.105945502269 Bohr   0.0
[INPUT] 56 H      3.221410000000  13.613320000000  -3.086930000000 AA    6.087582634935  25.725446446064  -5.833452265704 Bohr   0.0
[INPUT] 57 C      2.287080000000  12.992620000000  -1.390190000000 AA    4.321954824970  24.552493440547  -2.627078361109 Bohr   0.0
[INPUT] 58 H      2.494410000000  13.770410000000  -0.884020000000 AA    4.713751742376  26.022303522972  -1.670555688638 Bohr   0.0

nuclear repulsion = 4623.64001576696
number of shells = 310
number of NR pGTOs = 1273
number of NR cGTOs = 720
basis = {'default': 'def2tzvp', 'C': '6-31G*', 'H': '6-31G*', 'O': '6-31G*', 'B': '6-31G*'}
ecp = {}
CPU time:         7.41


******** <class 'pyscf.x2c.sfx2c1e.sfX2C1eROHF'> ********
method = sfX2C1eROHF
initial guess = chk
damping factor = 0
level_shift factor = 0.0
DIIS = <class 'liblan.utils.rdiis.tag_rdiis_.<locals>.RDIIS'>
diis_start_cycle = 1
diis_space = 8
diis_damp = 0
SCF conv_tol = 1e-09
SCF conv_tol_grad = None
SCF max_cycles = 100
direct_scf = True
direct_scf_tol = 1e-13
chkfile to save SCF result = CoN6BO3_rohf.chk
max_memory 200000 MB (current use 143 MB)
num. doubly occ = 132  num. singly occ = 3


******** <class 'pyscf.x2c.sfx2c1e.SpinFreeX2CHelper'> ********
approx = 1e
xuncontract = 1
Set gradient conv threshold to 3.16228e-05
init E= -2938.32198445129
  HOMO = -0.212025398818196  LUMO = -0.0308888658124841
cycle= 1 E= -2938.32198445088  delta_E= 4.06e-10  |g|= 1.98e-05  |ddm|= 3.08e-05
  HOMO = -0.212025612724179  LUMO = -0.0308888851947108
Extra cycle  E= -2938.32198444451  delta_E= 6.37e-09  |g|= 7.35e-05  |ddm|= 0.000114
converged SCF energy = -2938.32198444451
nao =  720
nelec =  (135, 132)
imp_inds.shape (45,)
nimp =  45
act_inds =  [0, 1, 2, 3, 4, 5, 6, 7, 8, 9, 10, 11, 12, 13, 14, 15, 16, 17, 18, 19, 20, 21, 22, 23, 24, 25, 26, 27, 28, 29, 30, 31, 32, 33, 34, 35, 36, 37, 38, 39, 40, 41, 42, 43, 44, 585, 586, 587, 588, 589, 590, 591, 592, 593, 594, 595, 596, 597, 598, 599, 600, 601, 602, 603, 604, 605, 606, 607, 608, 609, 610, 611, 612, 613, 614, 615, 616, 617, 618, 619, 620, 621, 622, 623, 624, 625, 626, 627, 628, 629, 630, 631, 632, 633, 634, 635, 636, 637, 638]
nao =  99
nelec =  (54, 51)


******** <class 'pyscf.x2c.sfx2c1e.sfX2C1eROHF'> ********
method = sfX2C1eROHF
initial guess = 1e
damping factor = 0
level_shift factor = 0.2
DIIS = <class 'pyscf.scf.diis.CDIIS'>
diis_start_cycle = 1
diis_space = 8
diis_damp = 0
SCF conv_tol = 1e-09
SCF conv_tol_grad = None
SCF max_cycles = 1000
direct_scf = True
direct_scf_tol = 1e-13
chkfile to save SCF result = /tmp/tmph48j97ip
max_memory 200000 MB (current use 594 MB)
num. doubly occ = 51  num. singly occ = 3


******** <class 'pyscf.x2c.sfx2c1e.SpinFreeX2CHelper'> ********
approx = 1e
xuncontract = 1
Set gradient conv threshold to 3.16228e-05
init E= -2348.98764065942
  HOMO = 1.12151021429587  LUMO = 1.19658673793287
cycle= 1 E= -2422.11870226383  delta_E= -73.1  |g|= 4.14  |ddm|= 10.3

WARN: HOMO -0.511357309316511 >= LUMO -0.622405950468557

cycle= 2 E= -2413.95913391463  delta_E= 8.16  |g|= 10.2  |ddm|= 4.19
  HOMO = -0.363986741181558  LUMO = -0.0307579091515733
cycle= 3 E= -2422.50324017918  delta_E= -8.54  |g|= 5.87  |ddm|= 1.73
  HOMO = -0.404806352334912  LUMO = 0.309251970297934
cycle= 4 E= -2425.19371603981  delta_E= -2.69  |g|= 3.64  |ddm|= 0.973

WARN: HOMO 0.456461339883105 >= LUMO -0.290906297435871

cycle= 5 E= -2426.8496475958  delta_E= -1.66  |g|= 0.576  |ddm|= 2.45
  HOMO = 0.195689849743395  LUMO = 0.229418684536097
cycle= 6 E= -2427.6267168289  delta_E= -0.777  |g|= 1.05  |ddm|= 2.04
  HOMO = 0.0739465795439564  LUMO = 0.34559535872304
cycle= 7 E= -2427.76454947343  delta_E= -0.138  |g|= 0.834  |ddm|= 0.333
  HOMO = 0.0614729129292475  LUMO = 0.354545684837718
cycle= 8 E= -2427.85790062105  delta_E= -0.0934  |g|= 0.603  |ddm|= 0.302
  HOMO = 0.0586896186642023  LUMO = 0.355898084183699
cycle= 9 E= -2427.92888336472  delta_E= -0.071  |g|= 0.458  |ddm|= 0.253
  HOMO = 0.0596975264946578  LUMO = 0.355817690783208
cycle= 10 E= -2428.01685879962  delta_E= -0.088  |g|= 0.328  |ddm|= 0.316
  HOMO = 0.00876224729097237  LUMO = 0.361161080611897
cycle= 11 E= -2428.1761706792  delta_E= -0.159  |g|= 0.251  |ddm|=  1.2
  HOMO = 0.0139682848163709  LUMO = 0.369905061785514
cycle= 12 E= -2428.13282909913  delta_E= 0.0433  |g|= 0.256  |ddm|= 0.956
  HOMO = -0.00331235388886077  LUMO = 0.372339015987842
cycle= 13 E= -2428.15879715553  delta_E= -0.026  |g|= 0.264  |ddm|= 0.125
  HOMO = -0.0342329182685188  LUMO = 0.378158185720843
cycle= 14 E= -2428.19149454038  delta_E= -0.0327  |g|= 0.29  |ddm|= 0.172
  HOMO = -0.0410713789054088  LUMO = 0.377868045429244
cycle= 15 E= -2428.20079538458  delta_E= -0.0093  |g|= 0.25  |ddm|= 0.0606
  HOMO = -0.0517402913171423  LUMO = 0.377006575168887
cycle= 16 E= -2428.21162881908  delta_E= -0.0108  |g|= 0.227  |ddm|= 0.0542
  HOMO = -0.101481182100343  LUMO = 0.372973732399068
cycle= 17 E= -2428.24560437099  delta_E= -0.034  |g|= 0.0696  |ddm|= 0.29
  HOMO = -0.117211769105099  LUMO = 0.371732020546788
cycle= 18 E= -2428.2470684582  delta_E= -0.00146  |g|= 0.0188  |ddm|= 0.0538
  HOMO = -0.11380066654087  LUMO = 0.371977456465141
cycle= 19 E= -2428.24724986899  delta_E= -0.000181  |g|= 0.00716  |ddm|= 0.0296
  HOMO = -0.110379169583367  LUMO = 0.372346239751536
cycle= 20 E= -2428.24728528349  delta_E= -3.54e-05  |g|= 0.00514  |ddm|= 0.0124
  HOMO = -0.111402174759468  LUMO = 0.372269040841454
cycle= 21 E= -2428.2472998452  delta_E= -1.46e-05  |g|= 0.00264  |ddm|= 0.00516
  HOMO = -0.112082597981074  LUMO = 0.372206774815599
cycle= 22 E= -2428.24731575452  delta_E= -1.59e-05  |g|= 0.00186  |ddm|= 0.00767
  HOMO = -0.111814437987622  LUMO = 0.372231841541132
cycle= 23 E= -2428.24732628394  delta_E= -1.05e-05  |g|= 0.00081  |ddm|= 0.00795
  HOMO = -0.11193412049455  LUMO = 0.372229267796918
cycle= 24 E= -2428.24732984249  delta_E= -3.56e-06  |g|= 0.000435  |ddm|= 0.00479
  HOMO = -0.111937372185004  LUMO = 0.372239833047793
cycle= 25 E= -2428.24733117507  delta_E= -1.33e-06  |g|= 0.000207  |ddm|= 0.00355
  HOMO = -0.11198015863669  LUMO = 0.372238026093285
cycle= 26 E= -2428.24733138884  delta_E= -2.14e-07  |g|= 0.00013  |ddm|= 0.00118
  HOMO = -0.111987608286383  LUMO = 0.37223946311032
cycle= 27 E= -2428.24733147819  delta_E= -8.94e-08  |g|= 9.67e-05  |ddm|= 0.000822
  HOMO = -0.112002198345927  LUMO = 0.372239938934554
cycle= 28 E= -2428.2473315295  delta_E= -5.13e-08  |g|= 7.68e-05  |ddm|= 0.000528
  HOMO = -0.112017019610294  LUMO = 0.37224037334938
cycle= 29 E= -2428.24733158187  delta_E= -5.24e-08  |g|= 5.72e-05  |ddm|= 0.000626
  HOMO = -0.112022813568239  LUMO = 0.372240616224697
cycle= 30 E= -2428.24733161664  delta_E= -3.48e-08  |g|= 4.37e-05  |ddm|= 0.000537
  HOMO = -0.112027469300311  LUMO = 0.37224080581085
cycle= 31 E= -2428.24733163717  delta_E= -2.05e-08  |g|= 3.81e-05  |ddm|= 0.000408
  HOMO = -0.1120311780211  LUMO = 0.37224087570391
cycle= 32 E= -2428.24733165268  delta_E= -1.55e-08  |g|= 3.34e-05  |ddm|= 0.000366
  HOMO = -0.112030674616209  LUMO = 0.372240777321146
cycle= 33 E= -2428.24733166685  delta_E= -1.42e-08  |g|= 2.95e-05  |ddm|= 0.00036
  HOMO = -0.11202933205926  LUMO = 0.372240712200235
cycle= 34 E= -2428.24733168231  delta_E= -1.55e-08  |g|= 2.65e-05  |ddm|= 0.000432
  HOMO = -0.112027723105963  LUMO = 0.372240610584686
cycle= 35 E= -2428.24733168928  delta_E= -6.97e-09  |g|= 2.55e-05  |ddm|= 0.000208
  HOMO = -0.112027016141454  LUMO = 0.372240525280615
cycle= 36 E= -2428.24733169658  delta_E= -7.3e-09  |g|= 2.48e-05  |ddm|= 0.000232
  HOMO = -0.112025898113601  LUMO = 0.372240502618003
cycle= 37 E= -2428.24733170131  delta_E= -4.73e-09  |g|= 2.5e-05  |ddm|= 0.000149
  HOMO = -0.112025935110664  LUMO = 0.372240478033619
cycle= 38 E= -2428.24733170493  delta_E= -3.63e-09  |g|= 2.53e-05  |ddm|= 0.000113
  HOMO = -0.112026153721316  LUMO = 0.372240486572968
cycle= 39 E= -2428.24733170719  delta_E= -2.26e-09  |g|= 2.58e-05  |ddm|= 7.3e-05
  HOMO = -0.112024682194453  LUMO = 0.372240438688117
cycle= 40 E= -2428.24733170948  delta_E= -2.28e-09  |g|= 2.59e-05  |ddm|= 8.01e-05
  HOMO = -0.112024181462542  LUMO = 0.372240406928277
cycle= 41 E= -2428.24733171073  delta_E= -1.25e-09  |g|= 2.63e-05  |ddm|= 5.79e-05
  HOMO = -0.112024760132515  LUMO = 0.372240422542359
cycle= 42 E= -2428.24733170925  delta_E= 1.47e-09  |g|= 2.77e-05  |ddm|= 5.16e-05
  HOMO = -0.112025922593917  LUMO = 0.372240429119897
cycle= 43 E= -2428.24733171651  delta_E= -7.26e-09  |g|= 2.4e-05  |ddm|= 0.000231
  HOMO = -0.112025505274212  LUMO = 0.37224036577363
cycle= 44 E= -2428.24733173004  delta_E= -1.35e-08  |g|= 2.28e-05  |ddm|= 0.000425
  HOMO = -0.112023765379926  LUMO = 0.372240159636093
cycle= 45 E= -2428.24733176218  delta_E= -3.21e-08  |g|= 3.47e-05  |ddm|= 0.00108
  HOMO = -0.112025272732148  LUMO = 0.372240237868602
cycle= 46 E= -2428.24733175664  delta_E= 5.54e-09  |g|= 2.76e-05  |ddm|= 0.000205
  HOMO = -0.112022545727748  LUMO = 0.372239991660859
cycle= 47 E= -2428.24733179835  delta_E= -4.17e-08  |g|= 4.57e-05  |ddm|= 0.00149
  HOMO = -0.112023659868394  LUMO = 0.372239556791175
cycle= 48 E= -2428.24733187382  delta_E= -7.55e-08  |g|= 0.000115  |ddm|= 0.00335
  HOMO = -0.112022694593601  LUMO = 0.372239459511242
cycle= 49 E= -2428.24733189999  delta_E= -2.62e-08  |g|= 4.43e-05  |ddm|= 0.00117
  HOMO = -0.112024944544031  LUMO = 0.372239239681656
cycle= 50 E= -2428.2473319318  delta_E= -3.18e-08  |g|= 6.72e-05  |ddm|= 0.00196
  HOMO = -0.112025296030812  LUMO = 0.372238991385569
cycle= 51 E= -2428.24733196785  delta_E= -3.61e-08  |g|= 0.000119  |ddm|= 0.00335
  HOMO = -0.112024667692722  LUMO = 0.37223894207713
cycle= 52 E= -2428.24733197839  delta_E= -1.05e-08  |g|= 3.4e-05  |ddm|= 0.000808
  HOMO = -0.112024816421618  LUMO = 0.372238766328326
cycle= 53 E= -2428.24733198702  delta_E= -8.63e-09  |g|= 6.17e-05  |ddm|= 0.00173
  HOMO = -0.112025260885772  LUMO = 0.372238697840872
cycle= 54 E= -2428.24733199056  delta_E= -3.54e-09  |g|= 3.93e-05  |ddm|= 0.00101
  HOMO = -0.112025129482013  LUMO = 0.37223867970384
cycle= 55 E= -2428.24733199162  delta_E= -1.06e-09  |g|= 1.41e-05  |ddm|= 0.000331
  HOMO = -0.11202511713863  LUMO = 0.372238652878216
cycle= 56 E= -2428.24733199194  delta_E= -3.17e-10  |g|= 9.54e-06  |ddm|= 0.000242
  HOMO = -0.212025476864201  LUMO = 0.172238650899743
Extra cycle  E= -2428.24733199197  delta_E= -3.27e-11  |g|= 5.92e-06  |ddm|= 2e-05
converged SCF energy = -2428.24733199197

Sweep =    0 | Direction =  forward | Bond dimension =  250 | Noise =  1.00e-04 | Dav threshold =  1.00e-10
Time elapsed =      4.749 | E =   -2427.5619845302 | DW = 1.74422e-06

Sweep =    1 | Direction = backward | Bond dimension =  250 | Noise =  1.00e-04 | Dav threshold =  1.00e-10
Time elapsed =      9.206 | E =   -2427.5992405006 | DE = -3.73e-02 | DW = 2.29173e-05

Sweep =    2 | Direction =  forward | Bond dimension =  250 | Noise =  1.00e-04 | Dav threshold =  1.00e-10
Time elapsed =     13.159 | E =   -2427.5999708016 | DE = -7.30e-04 | DW = 3.57878e-05

Sweep =    3 | Direction = backward | Bond dimension =  250 | Noise =  1.00e-04 | Dav threshold =  1.00e-10
Time elapsed =     17.271 | E =   -2427.6001170616 | DE = -1.46e-04 | DW = 3.17209e-05

Sweep =    4 | Direction =  forward | Bond dimension =  500 | Noise =  1.00e-05 | Dav threshold =  1.00e-10
Time elapsed =     27.576 | E =   -2427.6011429101 | DE = -1.03e-03 | DW = 5.58347e-07

Sweep =    5 | Direction = backward | Bond dimension =  500 | Noise =  1.00e-05 | Dav threshold =  1.00e-10
Time elapsed =     43.238 | E =   -2427.6014742746 | DE = -3.31e-04 | DW = 2.85772e-06

Sweep =    6 | Direction =  forward | Bond dimension =  500 | Noise =  1.00e-05 | Dav threshold =  1.00e-10
Time elapsed =     56.604 | E =   -2427.6015405288 | DE = -6.63e-05 | DW = 3.21802e-06

Sweep =    7 | Direction = backward | Bond dimension =  500 | Noise =  1.00e-05 | Dav threshold =  1.00e-10
Time elapsed =     71.930 | E =   -2427.6015647474 | DE = -2.42e-05 | DW = 3.45429e-06

Sweep =    8 | Direction =  forward | Bond dimension = 2000 | Noise =  0.00e+00 | Dav threshold =  1.00e-09
Time elapsed =    105.523 | E =   -2427.6017900249 | DE = -2.25e-04 | DW = 9.07419e-19

Sweep =    9 | Direction = backward | Bond dimension = 2000 | Noise =  0.00e+00 | Dav threshold =  1.00e-09
Time elapsed =    224.464 | E =   -2427.6018512674 | DE = -6.12e-05 | DW = 2.47879e-08

Sweep =   10 | Direction =  forward | Bond dimension = 2000 | Noise =  0.00e+00 | Dav threshold =  1.00e-09
Time elapsed =    432.812 | E =   -2427.6018539499 | DE = -2.68e-06 | DW = 5.35677e-08

Sweep =   11 | Direction = backward | Bond dimension = 2000 | Noise =  0.00e+00 | Dav threshold =  1.00e-09
Time elapsed =    645.345 | E =   -2427.6018541719 | DE = -2.22e-07 | DW = 5.62199e-08

Sweep =   12 | Direction =  forward | Bond dimension = 2000 | Noise =  0.00e+00 | Dav threshold =  1.00e-09
Time elapsed =    844.803 | E =   -2427.6018543298 | DE = -1.58e-07 | DW = 5.72409e-08

Sweep =   13 | Direction = backward | Bond dimension = 2000 | Noise =  0.00e+00 | Dav threshold =  1.00e-09
Time elapsed =   1042.500 | E =   -2427.6018544268 | DE = -9.70e-08 | DW = 5.79298e-08

Sweep =   14 | Direction =  forward | Bond dimension = 2000 | Noise =  0.00e+00 | Dav threshold =  1.00e-09
Time elapsed =   1240.995 | E =   -2427.6018544353 | DE = -8.53e-09 | DW = 5.81246e-08

DMRG energy = -2427.601854435299629
已保存为 minfo_data.h5
