#INFO: **** input file is /home/Yxwxwx/code/dmet/test/soc_amfi/44/dmrgscf.py ****
from pyscf import gto, scf, ao2mo, mcscf, dmrgscf, lib
from pyscf.mcscf import avas
from pyscf.tools import molden, fcidump
from pyscf.lib import logger, cho_solve
from pyscf.data import nist
import numpy as np
from functools import reduce
import os
import copy
from time import time


def get_bp_hso2e(mol, dm0):
    # SOC_2e integrals are anti-symmetric towards exchange (ij|kl) -> (ji|kl)
    vj, vk, vk2 = scf.jk.get_jk(
        mol,
        [dm0, dm0, dm0],
        ["ijkl,kl->ij", "ijkl,jk->il", "ijkl,li->kj"],
        intor="int2e_p1vxp1",
        comp=3,
    )
    # hso2e = vj - 1.5 * vk - 1.5 * vk2
    return vj, vk + vk2
    # hso2e = mol.intor("int2e_p1vxp1", 3).reshape(3, mol.nao, mol.nao, mol.nao, mol.nao)
    # vj = np.einsum("yijkl,lk->yij", hso2e, dm0, optimize=True)
    # vk = np.einsum("yijkl,jk->yil", hso2e, dm0, optimize=True)
    # vk += np.einsum("yijkl,li->ykj", hso2e, dm0, optimize=True)
    # return vj, vk


def get_bp_hso2e_amfi(mol, dm0):
    """atomic-mean-field approximation"""
    ao_loc = mol.ao_loc_nr()
    nao = ao_loc[-1]
    vj = np.zeros((3, nao, nao))
    vk = np.zeros((3, nao, nao))
    import copy

    atom = copy.copy(mol)
    aoslice = mol.aoslice_by_atom(ao_loc)
    for ia in range(mol.natm):
        b0, b1, p0, p1 = aoslice[ia]
        atom._bas = mol._bas[b0:b1]
        vj1, vk1 = get_bp_hso2e(atom, dm0[p0:p1, p0:p1])
        vj[:, p0:p1, p0:p1] = vj1
        vk[:, p0:p1, p0:p1] = vk1
    return vj, vk


dmrgscf.settings.BLOCKEXE = os.popen("which block2main").read().strip()
dmrgscf.settings.MPIPREFIX = " "

start = time()

mol = gto.M(
    atom="""
Co       0.08614000      12.11827000       3.79913000 
N       -1.03087000      12.08263000       1.98298000 
N       -1.95892000      12.14777000       4.39138000 
N       -2.70024000      12.08608000       5.50995000 
H       -2.37428000      12.16884000       6.32356000 
N        1.18073000      10.64850000       2.70623000 
N        0.50813000      10.51364000       5.18129000 
N        0.27159000      10.17225000       6.45848000 
H       -0.20185000      10.65923000       7.01687000 
N        1.38678000      13.37998000       2.68823000 
N        0.85251000      13.55623000       5.21213000 
N        0.85714000      13.78190000       6.54474000 
H        0.31753000      13.38534000       7.11490000 
O       -0.46275000      12.07689000       0.71844000 
O        1.52561000      10.77360000       1.37361000 
O        1.64253000      13.22940000       1.35543000 
B        1.03912000      12.02516000       0.72183000 
C       -3.19233000      11.76462000       0.83411000 
H       -3.05941000      12.50218000       0.20318000 
H       -4.12766000      11.74738000       1.12641000 
H       -2.97296000      10.91594000       0.39567000 
C       -2.30918000      11.95428000       2.01220000 
C       -2.82609000      11.96769000       3.37566000 
C       -4.12290000      11.80485000       3.86935000 
H       -4.91909000      11.66883000       3.36853000 
C       -4.00314000      11.88148000       5.23637000 
H       -4.70720000      11.80485000       5.86908000 
C        2.45210000       8.55574000       2.59323000
H        3.26754000       8.96763000       2.23856000 
H        1.93667000       8.16493000       1.85715000 
H        2.69438000       7.85266000       3.23129000 
C        1.63440000       9.58641000       3.27763000 
C        1.24980000       9.50787000       4.68742000 
C        1.48880000       8.53658000       5.65699000 
H        1.98618000       7.73197000       5.56252000 
C        0.84263000       8.99828000       6.78696000 
H        0.80778000       8.56915000       7.63354000 
C        3.17695000      15.04822000       2.63066000 
H        2.79814000      15.55397000       1.88388000 
H        3.86951000      14.44092000       2.29737000 
H        3.57097000      15.66700000       3.27941000 
C        2.10425000      14.26084000       3.28832000 
C        1.82096000      14.34897000       4.72485000 
C        2.43325000      15.06737000       5.75145000 
H        3.14855000      15.68808000       5.67481000 
C        1.78385000      14.68422000       6.88855000 
H        1.95883000      15.00032000       7.76722000 
C        1.53838000      11.95811000      -0.79668000 
C        1.26255000      10.84123000      -1.58802000 
H        0.75942000      10.12665000      -1.21730000 
C        1.70236000      10.74544000      -2.90157000 
H        1.48992000       9.97914000      -3.42200000 
C        2.45632000      11.77803000      -3.45051000 
H        2.78318000      11.70906000      -4.33987000 
C        2.72753000      12.89874000      -2.70195000 
H        3.22141000      13.61332000      -3.08693000 
C        2.28708000      12.99262000      -1.39019000 
H        2.49441000      13.77041000      -0.88402000
            """,
    basis={
        "default": "def2tzvp",
        "C": "6-31G*",
        "H": "6-31G*",
        "O": "6-31G*",
        "B": "6-31G*",
    },
    symmetry=0,
    spin=3,
    charge=+1,
    verbose=4,
    max_memory=500000,
)

mf = scf.rohf.ROHF(mol).x2c()
mf.max_cycle = 100
title = "CoN6BO3"
imp_inds = mol.search_ao_label(["Co *"])
mf.chkfile = title + "_rohf.chk"
mf.init_guess = "atom"
mf.level_shift = 0.2
if os.path.isfile(title + "_rohf.chk"):
    mf.init_guess = "chk"
    mf.level_shift = 0.0
    mf.max_cycle = 0
mf.kernel()

print("nao = ", mol.nao_nr())
print("nelec = ", mol.nelec)


with open(title + "_rohf.molden", "w") as f1:
    molden.header(mol, f1)
    molden.orbital_coeff(mol, f1, mf.mo_coeff, ene=mf.mo_energy, occ=mf.mo_occ)


ao_labels = ["Co 3d"]
ncas, nelecas, mo = avas.avas(mf, ao_labels)
assert ncas == 5
# assert nelecas == 7
solver = mcscf.CASSCF(mf, ncas=ncas, nelecas=nelecas)
solver.max_cycle_micro = 100
# mo = solver.sort_mo([130, 131, 132, 133, 134, 135, 139, 140, 142, 143])
statelis = [0, 40, 0, 10]
mcfs = []
logger.info(solver, "Attempting SA-DMRGSCF with")
for i in range(len(statelis)):
    if statelis[i] != 0:
        new_mcf = dmrgscf.DMRGCI(mol, maxM=1500, tol=1e-10)
        new_mcf.spin = i
        new_mcf.nroots = statelis[i]
        new_mcf.threads = 32
        new_mcf.memory = int(mol.max_memory / 1000)
        new_mcf.block_extra_keyword = [
            "real_density_matrix",
            "davidson_soft_max_iter 1600",
            "noreorder",
            "cutoff 1E-24",
        ]
        new_mcf.runtimeDir = lib.param.TMPDIR + "/%d" % i
        new_mcf.scratchDirectory = lib.param.TMPDIR + "/%d" % i
        mcfs.append(new_mcf)
        logger.info(solver, "%s states with spin multiplicity %s", statelis[i], i + 1)
statetot = sum(statelis)
mcscf.state_average_mix_(solver, mcfs, np.ones(statetot) / statetot)
solver.kernel(mo)

mc = copy.copy(solver)

fcidump.from_integrals(
    "FCIDUMP",
    solver.get_h1eff()[0],
    solver.get_h2eff(),
    solver.ncas,
    solver.nelecas,
    nuc=solver.get_h1eff()[1],
)

mo_cas = mc.mo_coeff[:, mc.ncore : mc.ncore + mc.ncas]
sodm1 = mc.make_rdm1()

# soc integral
# breit-pauli amfi
soc_start = time()
amfi = True
hso1e = mol.intor_asymmetric("int1e_pnucxp", 3)
vj, vk = get_bp_hso2e_amfi(mol, sodm1) if amfi else get_bp_hso2e(mol, sodm1)
hso2e = vj - vk * 1.5
hsoao = 1.0j * (nist.ALPHA**2 / 2) * (hso1e + hso2e)
print("hsoao.shape = ", hsoao.shape)

hso = np.asarray([reduce(np.dot, (mo_cas.T, x.T, mo_cas)) for x in hsoao])
print("hso.shape = ", hso.shape)
# Save each component of hso (shape: 3 x nao x nao) to separate binary files as complex128
hso_labels = ["x", "y", "z"]
for i, label in enumerate(hso_labels):
    with open(f"hso_{label}.bin", "wb") as f:
        # 先写入shape信息（int32），再写入数据（complex128）
        shape = np.array(hso[i].shape, dtype=np.int32)
        f.write(shape.tobytes())
        f.write(hso[i].astype(np.complex128).tobytes())
        # print(hso[i])

soc_end = time()
print(f"soc time = {(soc_end - soc_start):.3f} s")

# np.save("sodm1.npy", sodm1)
# # x2camf
# from mycamf import x2camf

# xmol, ctr = mf.with_x2c.get_xmol(mol)
# xdmao = ctr @ sodm1 @ ctr.conj().T
# print("sodm1.shape = ", sodm1.shape)
# print("xdmao.shape = ", xdmao.shape)
# x = mf.with_x2c.get_xmat()
# r = mf.with_x2c._get_rmat(x=x)
# hso1e = xmol.intor_asymmetric("int1e_pnucxp", 3)
# hso1e = np.einsum(
#     "pq,qr,irs,sk,kl->ipl", r.conj().T, x.conj().T, hso1e, x, r, optimize=True
# )

# hso2e = x2camf.amfi(mf.with_x2c, printLevel=1)

# hso2e = hso2e / (nist.ALPHA**2 / 4)
# sphsp = xmol.sph2spinor_coeff()
# p_repr = np.einsum("ixp,pq,jyq->ijxy", sphsp, hso2e, sphsp.conj(), optimize=True)
# hso2e = (p_repr[0, np.array([1, 1, 0])] * np.array([-1j, 1, -1j])[:, None, None]).real

# s22 = xmol.intor_symmetric("int1e_ovlp")
# s21 = gto.intor_cross("int1e_ovlp", xmol, mol)
# c = cho_solve(s22, s21)
# hso1e = c.conj().T @ hso1e @ c
# hso2e = c.conj().T @ hso2e @ c
# print("hso1e.shape = ", hso1e.shape)
# print("hso2e.shape = ", hso2e.shape)
# hsoao = (1j * nist.ALPHA**2 / 2) * (hso1e + hso2e)

# hso = np.asarray([reduce(np.dot, (mo_cas.T.conj(), i.T, mo_cas)) for i in hsoao])
# print("hso.shape = ", hso.shape)
# # Save each component of hso (shape: 3 x nao x nao) to separate binary files as complex128
# hso_labels = ["x", "y", "z"]
# for i, label in enumerate(hso_labels):
#     with open(f"hso_{label}.bin", "wb") as f:
#         # 先写入shape信息（int32），再写入数据（complex128）
#         shape = np.array(hso[i].shape, dtype=np.int32)
#         f.write(shape.tobytes())
#         f.write(hso[i].astype(np.complex128).tobytes())
#         # print(hso[i])

print(f"total time elapsed: {time() - start:.2f}s")
#INFO: ******************** input file end ********************


System: uname_result(system='Linux', node='cu02', release='5.15.0-133-generic', version='#144-Ubuntu SMP Fri Feb 7 20:47:38 UTC 2025', machine='x86_64')  Threads 32
Python 3.11.13 (main, Jun  5 2025, 13:12:00) [GCC 11.2.0]
numpy 2.3.1  scipy 1.16.0  h5py 3.14.0
Date: Mon Jul 28 13:25:14 2025
PySCF version 2.9.0
PySCF path  /home/Yxwxwx/.conda/envs/pyscf_311/lib/python3.11/site-packages/pyscf

[CONFIG] conf_file None
[INPUT] verbose = 4
[INPUT] num. atoms = 58
[INPUT] num. electrons = 267
[INPUT] charge = 1
[INPUT] spin (= nelec alpha-beta = 2S) = 3
[INPUT] symmetry 0 subgroup None
[INPUT] Mole.unit = angstrom
[INPUT] Symbol           X                Y                Z      unit          X                Y                Z       unit  Magmom
[INPUT]  1 Co     0.086140000000  12.118270000000   3.799130000000 AA    0.162781008370  22.900211403533   7.179315211619 Bohr   0.0
[INPUT]  2 N     -1.030870000000  12.082630000000   1.982980000000 AA   -1.948061970030  22.832861564454   3.747289110490 Bohr   0.0
[INPUT]  3 N     -1.958920000000  12.147770000000   4.391380000000 AA   -3.701822299933  22.955958324208   8.298505508893 Bohr   0.0
[INPUT]  4 N     -2.700240000000  12.086080000000   5.509950000000 AA   -5.102714070596  22.839381119583  10.412296460047 Bohr   0.0
[INPUT]  5 H     -2.374280000000  12.168840000000   6.323560000000 AA   -4.486738943032  22.995774853652  11.949796532255 Bohr   0.0
[INPUT]  6 N      1.180730000000  10.648500000000   2.706230000000 AA    2.231256327058  20.122748637431   5.114033530082 Bohr   0.0
[INPUT]  7 N      0.508130000000  10.513640000000   5.181290000000 AA    0.960226535675  19.867900172272   9.791219071948 Bohr   0.0
[INPUT]  8 N      0.271590000000  10.172250000000   6.458480000000 AA    0.513230718171  19.222766570607  12.204758380981 Bohr   0.0
[INPUT]  9 H     -0.201850000000  10.659230000000   7.016870000000 AA   -0.381441218243  20.143025398748  13.259962551677 Bohr   0.0
[INPUT] 10 N      1.386780000000  13.379980000000   2.688230000000 AA    2.620634395024  25.284497752158   5.080018459840 Bohr   0.0
[INPUT] 11 N      0.852510000000  13.556230000000   5.212130000000 AA    1.611010418453  25.617561981613   9.849498225629 Bohr   0.0
[INPUT] 12 N      0.857140000000  13.781900000000   6.544740000000 AA    1.619759850410  26.044016476143  12.367766156486 Bohr   0.0
[INPUT] 13 H      0.317530000000  13.385340000000   7.114900000000 AA    0.600044736333  25.294626684186  13.445212403668 Bohr   0.0
[INPUT] 14 O     -0.462750000000  12.076890000000   0.718440000000 AA   -0.874470764142  22.822014536499   1.357654836933 Bohr   0.0
[INPUT] 15 O      1.525610000000  10.773600000000   1.373610000000 AA    2.882985072898  20.359153375614   2.595746701964 Bohr   0.0
[INPUT] 16 O      1.642530000000  13.229400000000   1.355430000000 AA    3.103931851382  24.999942792321   2.561391481019 Bohr   0.0
[INPUT] 17 B      1.039120000000  12.025160000000   0.721830000000 AA    1.963652210558  22.724259004075   1.364061008495 Bohr   0.0
[INPUT] 18 C     -3.192330000000  11.764620000000   0.834110000000 AA   -6.032629399233  22.231909759581   1.576239457761 Bohr   0.0
[INPUT] 19 H     -3.059410000000  12.502180000000   0.203180000000 AA   -5.781447002756  23.625696160015   0.383954553989 Bohr   0.0
[INPUT] 20 H     -4.127660000000  11.747380000000   1.126410000000 AA   -7.800146935322  22.199330881193   2.128606403971 Bohr   0.0
[INPUT] 21 H     -2.972960000000  10.915940000000   0.395670000000 AA   -5.618080179287  20.628136992185   0.747707935707 Bohr   0.0
[INPUT] 22 C     -2.309180000000  11.954280000000   2.012200000000 AA   -4.363717772323  22.590315216366   3.802506907850 Bohr   0.0
[INPUT] 23 C     -2.826090000000  11.967690000000   3.375660000000 AA   -5.340536103372  22.615656443696   6.379072889649 Bohr   0.0
[INPUT] 24 C     -4.122900000000  11.804850000000   3.869350000000 AA   -7.791151838969  22.307933441572   7.312011780086 Bohr   0.0
[INPUT] 25 H     -4.919090000000  11.668830000000   3.368530000000 AA   -9.295732882087  22.050892894109   6.365599142381 Bohr   0.0
[INPUT] 26 C     -4.003140000000  11.881480000000   5.236370000000 AA   -7.564838238291  22.452743154497   9.895305186889 Bohr   0.0
[INPUT] 27 H     -4.707200000000  11.804850000000   5.869080000000 AA   -8.895318813553  22.307933441572  11.090953803162 Bohr   0.0
[INPUT] 28 C      2.452100000000   8.555740000000   2.593230000000 AA    4.633797430046  16.168005392986   4.900494478006 Bohr   0.0
[INPUT] 29 H      3.267540000000   8.967630000000   2.238560000000 AA    6.174755701061  16.946364686433   4.230265313406 Bohr   0.0
[INPUT] 30 H      1.936670000000   8.164930000000   1.857150000000 AA    3.659775893661  15.429481526245   3.509504872236 Bohr   0.0
[INPUT] 31 H      2.694380000000   7.852660000000   3.231290000000 AA    5.091640275506  14.839376749327   6.106253129046 Bohr   0.0
[INPUT] 32 C      1.634400000000   9.586410000000   3.277630000000 AA    3.088568377989  18.115689417792   6.193823037658 Bohr   0.0
[INPUT] 33 C      1.249800000000   9.507870000000   4.687420000000 AA    2.361779710481  17.967270327968   8.857940030809 Bohr   0.0
[INPUT] 34 C      1.488800000000   8.536580000000   5.656990000000 AA    2.813424254252  16.131798240440  10.690161789403 Bohr   0.0
[INPUT] 35 H      1.986180000000   7.731970000000   5.562520000000 AA    3.753336234089  14.611305703353  10.511639362416 Bohr   0.0
[INPUT] 36 C      0.842630000000   8.998280000000   6.786960000000 AA    1.592339924342  17.004284792151  12.825495618378 Bohr   0.0
[INPUT] 37 H      0.807780000000   8.569150000000   7.633540000000 AA    1.526482968901  16.193346620317  14.425299960912 Bohr   0.0
[INPUT] 38 C      3.176950000000  15.048220000000   2.630660000000 AA    6.003565411437  28.437014462202   4.971226926848 Bohr   0.0
[INPUT] 39 H      2.798140000000  15.553970000000   1.883880000000 AA    5.287718258190  29.392743449701   3.560017251546 Bohr   0.0
[INPUT] 40 H      3.869510000000  14.440920000000   2.297370000000 AA    7.312314136266  27.289383786754   4.341400106792 Bohr   0.0
[INPUT] 41 H      3.570970000000  15.667000000000   3.279410000000 AA    6.748155299038  29.606339193561   6.197186750160 Bohr   0.0
[INPUT] 42 C      2.104250000000  14.260840000000   3.288320000000 AA    3.976456197616  26.949081906242   6.214024209930 Bohr   0.0
[INPUT] 43 C      1.820960000000  14.348970000000   4.724850000000 AA    3.441115683788  27.115623469600   8.928672479651 Bohr   0.0
[INPUT] 44 C      2.433250000000  15.067370000000   5.751450000000 AA    4.598176092598  28.473202717488  10.868665319130 Bohr   0.0
[INPUT] 45 H      3.148550000000  15.688080000000   5.674810000000 AA    5.949897189499  29.646174620267  10.723836708943 Bohr   0.0
[INPUT] 46 C      1.783850000000  14.684220000000   6.888550000000 AA    3.370987947305  27.749154152861  13.017472895373 Bohr   0.0
[INPUT] 47 H      1.958830000000  15.000320000000   7.767220000000 AA    3.701652224582  28.346496580836  14.677918549244 Bohr   0.0
[INPUT] 48 C      1.538380000000  11.958110000000  -0.796680000000 AA    2.907116875508  22.597552867423  -1.505507008918 Bohr   0.0
[INPUT] 49 C      1.262550000000  10.841230000000  -1.588020000000 AA    2.385873718570  20.486955553418  -3.000922880332 Bohr   0.0
[INPUT] 50 H      0.759420000000  10.126650000000  -1.217300000000 AA    1.435095813517  19.136595059327  -2.300363611433 Bohr   0.0
[INPUT] 51 C      1.702360000000  10.745440000000  -2.901570000000 AA    3.216994165415  20.305938687946  -5.483172631254 Bohr   0.0
[INPUT] 52 H      1.489920000000   9.979140000000  -3.422000000000 AA    2.815540747512  18.857841558692  -6.466642798262 Bohr   0.0
[INPUT] 53 C      2.456320000000  11.778030000000  -3.450510000000 AA    4.641772074292  22.257250986911  -6.520518890073 Bohr   0.0
[INPUT] 54 H      2.783180000000  11.709060000000  -4.339870000000 AA    5.259447955367  22.126916576100  -8.201165716216 Bohr   0.0
[INPUT] 55 C      2.727530000000  12.898740000000  -2.701950000000 AA    5.154284696535  24.375085951972  -5.105945502269 Bohr   0.0
[INPUT] 56 H      3.221410000000  13.613320000000  -3.086930000000 AA    6.087582634935  25.725446446064  -5.833452265704 Bohr   0.0
[INPUT] 57 C      2.287080000000  12.992620000000  -1.390190000000 AA    4.321954824970  24.552493440547  -2.627078361109 Bohr   0.0
[INPUT] 58 H      2.494410000000  13.770410000000  -0.884020000000 AA    4.713751742376  26.022303522972  -1.670555688638 Bohr   0.0

nuclear repulsion = 4623.64001576696
number of shells = 310
number of NR pGTOs = 1273
number of NR cGTOs = 720
basis = {'default': 'def2tzvp', 'C': '6-31G*', 'H': '6-31G*', 'O': '6-31G*', 'B': '6-31G*'}
ecp = {}
CPU time:         5.77


******** <class 'pyscf.x2c.sfx2c1e.sfX2C1eROHF'> ********
method = sfX2C1eROHF
initial guess = chk
damping factor = 0
level_shift factor = 0.0
DIIS = <class 'pyscf.scf.diis.CDIIS'>
diis_start_cycle = 1
diis_space = 8
diis_damp = 0
SCF conv_tol = 1e-09
SCF conv_tol_grad = None
SCF max_cycles = 0
direct_scf = True
direct_scf_tol = 1e-13
chkfile to save SCF result = CoN6BO3_rohf.chk
max_memory 500000 MB (current use 100 MB)
num. doubly occ = 132  num. singly occ = 3


******** <class 'pyscf.x2c.sfx2c1e.SpinFreeX2CHelper'> ********
approx = 1e
xuncontract = 1
Set gradient conv threshold to 3.16228e-05
init E= -2938.32198445034
  HOMO = -0.21202529161614  LUMO = -0.0308888479832858
SCF not converged.
SCF energy = -2938.32198445034
nao =  720
nelec =  (135, 132)

******** AVAS flags ********
aolabels = ['Co 3d']
ncore = 0
minao = minao
threshold = 0.2
with_iao = False
openshell_option = 2
canonicalize = True

** AVAS **
  Total number of HF MOs  is equal to    720
  Number of occupied HF MOs is equal to  135
reference AO indices for minao ['Co 3d']:
 [10 11 12 13 14]
Option 2: threshold 0.2
Active from occupied = 5 , eig [0.99680418 0.99683639 0.99734617 0.99755259 0.99889938]
Inactive from occupied = 130
Active from unoccupied = 0 , eig []
Inactive from unoccupied = 585
Dimensions of active 5
# of alpha electrons 5
# of beta electrons 2
Attempting SA-DMRGSCF with
40 states with spin multiplicity 2
10 states with spin multiplicity 4

******** <class 'pyscf.mcscf.addons.StateAverageCASSCF'> ********
CAS (5e+2e, 5o), ncore = 130, nvir = 585
max_cycle_macro = 50
max_cycle_micro = 100
conv_tol = 1e-07
conv_tol_grad = None
orbital rotation max_stepsize = 0.02
orbital rotation threshold for CI restart = 0.01
augmented hessian ah_max_cycle = 30
augmented hessian ah_conv_tol = 1e-12
augmented hessian ah_linear dependence = 1e-14
augmented hessian ah_level shift = 1e-08
augmented hessian ah_start_tol = 2.5
augmented hessian ah_start_cycle = 3
augmented hessian ah_grad_trust_region = 3
kf_trust_region = 3
kf_interval = 4
ci_response_space = 4
ci_grad_trust_region = 3
with_dep4 0
natorb = False
canonicalization = True
sorting_mo_energy = False
ao2mo_level = 2
chkfile = CoN6BO3_rohf.chk
max_memory 500000 MB (current use 270240 MB)
internal_rotation = False

******** Block flags ********
executable             = /home/Yxwxwx/.conda/envs/pyscf_311/bin/block2main
BLOCKEXE_COMPRESS_NEVPT= /path/to/serially/compiled/Block/block.spin_adapted
Block version          = 2.0
mpiprefix              =  
scratchDirectory       = /tmp/1
integralFile           = /tmp/1/FCIDUMP
configFile             = /tmp/1/dmrg.conf
outputFile             = /tmp/1/dmrg.out
maxIter                = 38
scheduleSweeps         = [0, 4, 8, 12, 14, 16, 18, 20, 22, 24, 26]
scheduleMaxMs          = [200, 400, 800, 1500, 1500, 1500, 1500, 1500, 1500, 1500, 1500]
scheduleTols           = [0.0001, 0.0001, 0.0001, 0.0001, 1e-05, 1.0000000000000002e-06, 1.0000000000000002e-07, 1.0000000000000002e-08, 1.0000000000000003e-09, 1.0000000000000003e-10, 1.0000000000000001e-11]
scheduleNoises         = [0.0001, 0.0001, 0.0001, 0.0001, 1e-05, 1.0000000000000002e-06, 1.0000000000000002e-07, 1.0000000000000002e-08, 1.0000000000000003e-09, 1.0000000000000003e-10, 0.0]
twodot_to_onedot       = 30
tol                    = 1e-10
maxM                   = 1500
dmrg switch tol        = 0.001
wfnsym                 = 1
fullrestart            = False
num_thrds              = 32
memory                 = 500

State-average over 50 states with weights [0.02 0.02 0.02 0.02 0.02 0.02 0.02 0.02 0.02 0.02 0.02 0.02 0.02 0.02
 0.02 0.02 0.02 0.02 0.02 0.02 0.02 0.02 0.02 0.02 0.02 0.02 0.02 0.02
 0.02 0.02 0.02 0.02 0.02 0.02 0.02 0.02 0.02 0.02 0.02 0.02 0.02 0.02
 0.02 0.02 0.02 0.02 0.02 0.02 0.02 0.02]
CASCI E = -2938.03760011689  S^2 = 1.3500000
Set conv_tol_grad to 0.000316228
macro iter   1 ( 42 JK   13 micro), CASSCF E = -2938.16970797525  dE = -1.32107858e-01  S^2 = 1.3500000
               |grad[o]|=0.394  |ddm|=2.28e-15  |maxRot[o]|=0.158
macro iter   2 ( 14 JK    5 micro), CASSCF E = -2938.17242326905  dE = -2.71529379e-03  S^2 = 1.3500000
               |grad[o]|=0.0511  |ddm|=3.14e-15  |maxRot[o]|=0.0301
macro iter   3 (  7 JK    2 micro), CASSCF E = -2938.17242630222  dE = -3.03316938e-06  S^2 = 1.3500000
               |grad[o]|=0.00125  |ddm|=2.6e-15  |maxRot[o]|=0.00113
macro iter   4 (  1 JK    1 micro), CASSCF E = -2938.17242630222  dE =  0.00000000e+00  S^2 = 1.3500000
               |grad[o]|=1.61e-05  |ddm|=2.11e-15  |maxRot[o]|=    0
1-step CASSCF converged in   4 macro ( 64 JK  21 micro) steps
CASSCF canonicalization
Density matrix diagonal elements [1.4 1.4 1.4 1.4 1.4]
CASSCF energy = -2938.17242630222
CASCI E = -2938.17242630222  E(CI) = -22.8616760988862  S^2 = 1.3500000
CASCI state-averaged energy = -2938.17242630222
CASCI energy for each state
  State 0 weight 0.02  E = -2938.23403107739 S^2 = 0.7500000
  State 1 weight 0.02  E = -2938.23138567526 S^2 = 0.7500000
  State 2 weight 0.02  E = -2938.22655036311 S^2 = 0.7500000
  State 3 weight 0.02  E = -2938.22620919649 S^2 = 0.7500000
  State 4 weight 0.02  E = -2938.22465532019 S^2 = 0.7500000
  State 5 weight 0.02  E = -2938.22407850888 S^2 = 0.7500000
  State 6 weight 0.02  E = -2938.22278027088 S^2 = 0.7500000
  State 7 weight 0.02  E = -2938.20646012521 S^2 = 0.7500000
  State 8 weight 0.02  E = -2938.20341652856 S^2 = 0.7500000
  State 9 weight 0.02  E = -2938.2029460705 S^2 = 0.7500000
  State 10 weight 0.02  E = -2938.19668034276 S^2 = 0.7500000
  State 11 weight 0.02  E = -2938.19602610522 S^2 = 0.7500000
  State 12 weight 0.02  E = -2938.19053774078 S^2 = 0.7500000
  State 13 weight 0.02  E = -2938.1901681565 S^2 = 0.7500000
  State 14 weight 0.02  E = -2938.18022090389 S^2 = 0.7500000
  State 15 weight 0.02  E = -2938.1801781298 S^2 = 0.7500000
  State 16 weight 0.02  E = -2938.17950042377 S^2 = 0.7500000
  State 17 weight 0.02  E = -2938.17582642715 S^2 = 0.7500000
  State 18 weight 0.02  E = -2938.17529520305 S^2 = 0.7500000
  State 19 weight 0.02  E = -2938.17467588962 S^2 = 0.7500000
  State 20 weight 0.02  E = -2938.17429822867 S^2 = 0.7500000
  State 21 weight 0.02  E = -2938.16873167485 S^2 = 0.7500000
  State 22 weight 0.02  E = -2938.16813186896 S^2 = 0.7500000
  State 23 weight 0.02  E = -2938.15774481586 S^2 = 0.7500000
  State 24 weight 0.02  E = -2938.154227087 S^2 = 0.7500000
  State 25 weight 0.02  E = -2938.15378144384 S^2 = 0.7500000
  State 26 weight 0.02  E = -2938.14980238702 S^2 = 0.7500000
  State 27 weight 0.02  E = -2938.14872827002 S^2 = 0.7500000
  State 28 weight 0.02  E = -2938.10662994425 S^2 = 0.7500000
  State 29 weight 0.02  E = -2938.10655962623 S^2 = 0.7500000
  State 30 weight 0.02  E = -2938.10133434454 S^2 = 0.7500000
  State 31 weight 0.02  E = -2938.10023963488 S^2 = 0.7500000
  State 32 weight 0.02  E = -2938.09643479045 S^2 = 0.7500000
  State 33 weight 0.02  E = -2938.09576151497 S^2 = 0.7500000
  State 34 weight 0.02  E = -2938.09006748518 S^2 = 0.7500000
  State 35 weight 0.02  E = -2938.00044944624 S^2 = 0.7500000
  State 36 weight 0.02  E = -2937.99344004175 S^2 = 0.7500000
  State 37 weight 0.02  E = -2937.99138831258 S^2 = 0.7500000
  State 38 weight 0.02  E = -2937.98077386839 S^2 = 0.7500000
  State 39 weight 0.02  E = -2937.9799276908 S^2 = 0.7500000
  State 40 weight 0.02  E = -2938.31724588803 S^2 = 3.7500000
  State 41 weight 0.02  E = -2938.31565051138 S^2 = 3.7500000
  State 42 weight 0.02  E = -2938.28597318396 S^2 = 3.7500000
  State 43 weight 0.02  E = -2938.28541143773 S^2 = 3.7500000
  State 44 weight 0.02  E = -2938.28240381109 S^2 = 3.7500000
  State 45 weight 0.02  E = -2938.28104321612 S^2 = 3.7500000
  State 46 weight 0.02  E = -2938.2742582636 S^2 = 3.7500000
  State 47 weight 0.02  E = -2938.20951754926 S^2 = 3.7500000
  State 48 weight 0.02  E = -2938.2059067805 S^2 = 3.7500000
  State 49 weight 0.02  E = -2938.20382953358 S^2 = 3.7500000
hsoao.shape =  (3, 720, 720)
hso.shape =  (3, 5, 5)
soc time = 5.580 s
total time elapsed: 1208.55s
