[DEBUG] 临时目录已设置为：/home/Yxwxwx/code/dmet/test/4/tmp_63814
#INFO: **** input file is /home/Yxwxwx/code/dmet/test/4/dmet_siso.py ****
from pyscf import gto, scf, ao2mo, mcscf, fci, dmrgscf, lib
# from pyscf.csf_fci import csf_solver  # TODO:
from pyscf.mcscf import avas
from pyscf.tools import molden, fcidump
from pyscf.lib import logger, cho_solve
from pyscf.data import nist
import numpy as np
import scipy
from functools import reduce
import os
from liblan.utils.rdiis import tag_rdiis_
import tempfile

dmrgscf.settings.BLOCKEXE = os.popen("which block2main").read().strip()
dmrgscf.settings.MPIPREFIX = " "

def set_custom_tmpdir(workdir):
    # 动态获取Slurm分配的作业ID（当在Slurm环境下运行时）
    slurm_job_id = os.getenv('SLURM_JOB_ID', 'localrun')
    
    # 构建唯一临时目录路径
    custom_tmp = os.path.abspath( 
        os.path.join(workdir, f"tmp_{slurm_job_id}") 
    )
    
    # 确保目录存在
    os.makedirs(custom_tmp, exist_ok=True)
    
    # 双重配置方案：修改PySCF参数 + 重定向环境变量
    lib.param.TMPDIR = custom_tmp
    os.environ['TMPDIR'] = custom_tmp  # 覆盖系统环境变量
    tempfile.tempdir = custom_tmp      # 影响Python标准库的临时文件
    
    print(f"[DEBUG] 临时目录已设置为：{custom_tmp}")

current_workdir = os.path.dirname(os.path.abspath(__file__))
set_custom_tmpdir(current_workdir)

def read_cas_info(fname):
    with open(fname, "r") as f1:
        ncasorb, ncaselec = [int(x) for x in f1.readline().split(" ")]
        casorbind = [int(x) for x in f1.readline().split(" ")]
        statelis = [int(x) for x in f1.readline().split(" ")]
    return ncasorb, ncaselec, casorbind, statelis


def rohf_solve_imp(hcore, eris, nelec, spin, max_mem, dm0=None, verbose=logger.INFO):
    mol = gto.M()
    mol.verbose = verbose
    mol.incore_anyway = True
    mol.nelectron = nelec
    mol.spin = spin

    nao = hcore.shape[0]
    print("nao = ", nao)
    print("nelec = ", mol.nelec)

    mf = scf.rohf.ROHF(mol).x2c()
    mf.max_memory = max_mem
    mf.mo_energy = np.zeros((nao))
    mf.max_cycle = 1000
    mf.diis_space = 8
    mf.init_guess = "1e"
    mf.level_shift = 0.2

    mf.get_hcore = lambda *args: hcore
    mf.get_ovlp = lambda *args: np.eye(nao)
    mf._eri = ao2mo.restore(8, eris, nao)

    if dm0 is None:
        mf.kernel()
    else:
        if dm0.shape != hcore.shape:
            bath_size = hcore.shape[0] - dm0.shape[0]
            dm0 = scipy.linalg.block_diag(
                dm0, np.eye(bath_size) * (nelec - np.trace(dm0)) / bath_size
            )
        mf.kernel(dm0)
    return mf


def sacasscf_solve_imp(
    solver_base, mol, ncasorb, ncaselec, casorbind, statelis, avas=False
):
    solver = mcscf.CASSCF(solver_base, ncasorb, ncaselec)

    if avas:
        mo = casorbind
    else:
        mo = solver.sort_mo(casorbind)
    mcfs = []
    logger.info(solver, "Attempting SA-DMRGSCF with")
    for i in range(len(statelis)):
        if statelis[i] != 0:
            new_mcf = dmrgscf.DMRGCI(mol, maxM=1500, tol=1e-10)
            new_mcf.spin = i
            new_mcf.nroots = statelis[i]
            new_mcf.threads = 16
            new_mcf.memory = int(mol.max_memory / 1000)
            new_mcf.block_extra_keyword = [
                "real_density_matrix",
                "davidson_soft_max_iter 1600",
                "noreorder",
                "cutoff 1E-24",
            ]
            new_mcf.runtimeDir = lib.param.TMPDIR + "/%d" % i
            new_mcf.scratchDirectory = lib.param.TMPDIR + "/%d" % i
            mcfs.append(new_mcf)
            logger.info(
                solver, "%s states with spin multiplicity %s", statelis[i], i + 1
            )

    statetot = sum(statelis)
    mcscf.state_average_mix_(solver, mcfs, np.ones(statetot) / statetot)
    solver.run(mo, verbose=mol.verbose)
    return solver


def lowdin(s):
    """new basis is |mu> c^{lowdin}_{mu i}"""
    e, v = scipy.linalg.eigh(s)
    idx = e > 1e-15
    return np.dot(v[:, idx] / np.sqrt(e[idx]), v[:, idx].conj().T)


def caolo(s):
    return lowdin(s)


def cloao(s):
    return lowdin(s) @ s


def get_dmet_as_props(mf, imp_inds, lo_meth="lowdin", thres=1e-13):
    """
    Returns C(AO->AS), entropy loss, and orbital composition
    """
    s = mf.get_ovlp()
    caolo_mat, cloao_mat = caolo(s), cloao(s)
    env_inds = [x for x in range(s.shape[0]) if x not in imp_inds]

    if mf.mol.spin == 0:
        pass
    else:
        dma, dmb = mf.make_rdm1()

        ldma = reduce(np.dot, (cloao_mat, dma, cloao_mat.conj().T))
        ldmb = reduce(np.dot, (cloao_mat, dmb, cloao_mat.conj().T))

        ldma_env = ldma[env_inds, :][:, env_inds]
        ldmb_env = ldmb[env_inds, :][:, env_inds]

        nat_occa, nat_coeffa = np.linalg.eigh(ldma_env)
        nat_occb, nat_coeffb = np.linalg.eigh(ldmb_env)

        ldmr_env = ldma_env + ldmb_env
        nat_occr, nat_coeffr = np.linalg.eigh(ldmr_env)

        caoas = np.hstack([caolo_mat[:, imp_inds], caolo_mat[:, env_inds] @ nat_coeffr])

        nuu = np.sum([nat_occr < thres])
        ne = np.sum([(nat_occr >= thres) & (nat_occr <= 2 - thres)])
        nuo = np.sum([nat_occr > 2 - thres])

        asorbs = (nuu, ne, nuo)
        print("caoas.shape = ", caoas.shape)
        print("asorbs = ", asorbs)

        nat_occa = nat_occa[nat_occa > thres]
        nat_occb = nat_occb[nat_occb > thres]
        nat_occr = nat_occr[nat_occr > thres]

        ent = -np.sum(nat_occa * np.log(nat_occa)) - np.sum(nat_occb * np.log(nat_occb))
        entr = -2 * np.sum(nat_occr / 2 * np.log(nat_occr / 2))

        return caoas, entr - ent, asorbs


def get_dmet_imp_ldm(mf, imp_inds, lo_meth="lowdin"):
    """
    Returns better initial guess than '1e' for impurity
    """
    s = mf.get_ovlp()
    caolo_mat, cloao_mat = caolo(s), cloao(s)

    dma, dmb = mf.make_rdm1()

    ldm = reduce(np.dot, (cloao_mat, (dma + dmb), cloao_mat.conj().T))[imp_inds, :][
        :, imp_inds
    ]
    return ldm


def get_as_1e_ints(mf, caoas, asorbs):
    # hcore from mf
    hcore = mf.get_hcore()

    # HF J/K from env UO
    uos = hcore.shape[0] - asorbs[-1]
    dm_uo = caoas[:, uos:] @ caoas[:, uos:].conj().T * 2
    vj, vk = mf.get_jk(dm=dm_uo)

    fock = hcore + vj - 0.5 * vk

    nimp = hcore.shape[0] - np.sum(asorbs)
    act_inds = [
        *list(range(nimp)),
        *list(range(nimp + asorbs[0], nimp + asorbs[0] + asorbs[1])),
    ]

    asints1e = reduce(np.dot, (caoas[:, act_inds].conj().T, fock, caoas[:, act_inds]))
    return asints1e


def get_as_2e_ints(mf, caoas, asorbs):
    nimp = caoas.shape[0] - np.sum(asorbs)
    act_inds = [
        *list(range(nimp)),
        *list(range(nimp + asorbs[0], nimp + asorbs[0] + asorbs[1])),
    ]

    if mf._eri is not None:
        asints2e = ao2mo.full(mf._eri, caoas[:, act_inds])
    else:
        asints2e = ao2mo.full(mf.mol, caoas[:, act_inds])

    return asints2e


def get_bp_hso2e(mol, dm0):
    hso2e = mol.intor("int2e_p1vxp1", 3).reshape(3, mol.nao, mol.nao, mol.nao, mol.nao)
    vj = np.einsum("yijkl,lk->yij", hso2e, dm0, optimize=True)
    vk = np.einsum("yijkl,jk->yil", hso2e, dm0, optimize=True)
    vk += np.einsum("yijkl,li->ykj", hso2e, dm0, optimize=True)
    return vj, vk


def get_bp_hso2e_amfi(mol, dm0):
    """atomic-mean-field approximation"""
    ao_loc = mol.ao_loc_nr()
    nao = ao_loc[-1]
    vj = np.zeros((3, nao, nao))
    vk = np.zeros((3, nao, nao))
    import copy

    atom = copy.copy(mol)
    aoslice = mol.aoslice_by_atom(ao_loc)
    for ia in range(mol.natm):
        b0, b1, p0, p1 = aoslice[ia]
        atom._bas = mol._bas[b0:b1]
        vj1, vk1 = get_bp_hso2e(atom, dm0[p0:p1, p0:p1])
        vj[:, p0:p1, p0:p1] = vj1
        vk[:, p0:p1, p0:p1] = vk1
    return vj, vk


mol = gto.M(
    atom="""
                Co    3.946594   13.913238   30.684257
                P    3.512134   16.084388   28.030428
                S    3.288337   17.313925   26.593099
                N    3.366331   14.435231   27.565538
                N    3.616930   13.494506   28.544517
                N    2.390738   16.330189   29.327326
                N   2.371977   15.382532   30.351455
                N    4.986512   16.188715   28.690866
                N    5.265253   15.509610   29.883762
                C    3.807224   12.252707   28.193902
                H    3.764341   11.980779   27.304913
                C    4.072564   11.365834   29.211803
                N    4.300381   11.867388   30.500917
                C    4.659528   10.834421   31.288709
                H    4.900746   10.884186   32.184236
                N    4.605924    9.690018   30.523337
                H    4.753335    8.893610   30.811051
                C    4.276259   10.022195   29.222080
                H    4.206574    9.442795   28.497498
                C    3.409215   14.166859   26.176161
                H    3.263143   14.980862   25.688850
                H    2.724423   13.532362   25.950410
                H    4.268219   13.806067   25.947296
                C    1.468750   15.421632   31.251653
                H    0.797360   16.063238   31.222072
                N    2.512688   13.450607   32.199496
                C    1.510293   14.477886   32.283568
                C    0.763857   14.216623   33.407027
                H    0.041543   14.719599   33.709999
                N    1.271755   13.066888   34.016398
                H    0.966212   12.693477   34.728214
                C    2.347855   12.636604   33.272198
                H    2.881215   11.902579   33.473352
                C    1.313298   17.310902   29.269097
                H    1.460709   17.904522   28.528635
                H    1.295877   17.813879   30.085536
                H    0.474395   16.857691   29.154509
                C    6.273008   15.848185   30.627648
                H    6.868012   16.521781   30.387575
                N    5.432766   14.205071   32.134415
                C    6.401658   15.128378   31.815875
                C    7.243240   15.309663   32.884531
                H    7.974935   15.881953   32.925321
                N    6.794307   14.481441   33.882816
                H    7.138713   14.399685   34.665935
                C    5.684704   13.802512   33.400487
                H    5.191547   13.171571   33.871918
                C    5.971486   17.286020   28.385713
                H    5.746349   17.694799   27.547789
                H    6.855952   16.916342   28.332467
                H    5.942003   17.945398   29.082893
        """,
    basis={"default": "def2tzvp", "C": "6-31G*", "H": "6-31G*"},
    symmetry=0,
    spin=3,
    charge=+2,
    verbose=4,
    max_memory=200000,
)

mf = scf.rohf.ROHF(mol).x2c()
mf.max_cycle = 100
title = "CoSMM10"
imp_inds = mol.search_ao_label(["Co *"])
mf.chkfile = title + "_rohf.chk"
mf.init_guess = "atom"
if os.path.isfile(title + "_rohf.chk"):
    mf.init_guess = "chk"
mf = tag_rdiis_(mf=mf, imp_inds=imp_inds)
mf.kernel()

print("nao = ", mol.nao_nr())
print("nelec = ", mol.nelec)


print("imp_inds.shape", imp_inds.shape)

# AS general info
caoas, ent, asorbs = get_dmet_as_props(mf, imp_inds, thres=1e-13)
# AS hcore + j/k
as1e = get_as_1e_ints(mf, caoas, asorbs)
# AS ERIs
as2e = get_as_2e_ints(mf, caoas, asorbs)

print(f"Entanglement S: {ent:.3f}")

nimp = caoas.shape[0] - np.sum(asorbs)
print("nimp = ", nimp)
act_inds = [
    *list(range(nimp)),
    *list(range(nimp + asorbs[0], nimp + asorbs[0] + asorbs[1])),
]

print("act_inds = ", act_inds)

nelec = int(mf.mol.nelectron - asorbs[-1] * 2)
ldm = get_dmet_imp_ldm(mf, imp_inds)
solver_base = rohf_solve_imp(as1e, as2e, nelec, mf.mol.spin, mf.max_memory, dm0=ldm)

with open(title + "_imp_rohf_orbs.molden", "w") as f1:
    molden.header(mf.mol, f1)
    molden.orbital_coeff(
        mf.mol,
        f1,
        caoas[:, act_inds] @ solver_base.mo_coeff,
        ene=solver_base.mo_energy,
        occ=solver_base.mo_occ,
    )

# avas
# ao_labels = ["Co 3d"]
# ncasorb, ncaselec, casorbind = avas.avas(solver_base, ao_labels, canonicalize=False)

# ncasorb = 5
# ncaselec = 7
# casorbind = [40, 41, 55, 56, 57]  # F-style

casinfo_fname = title + "_cas_info"


if not os.path.isfile(casinfo_fname):
    print("Failed to read saved CAS briefings.")
    exit()


ncasorb, ncaselec, casorbind, statelis = read_cas_info(casinfo_fname)

solver = sacasscf_solve_imp(
    solver_base, mf.mol, ncasorb, ncaselec, casorbind, statelis=statelis
)

mc = solver.copy()
fcidump.from_integrals(
    "FCIDUMP",
    solver.get_h1eff()[0],
    solver.get_h2eff(),
    solver.ncas,
    solver.nelecas,
    nuc=solver.get_h1eff()[1],
)
"""large cas
casinfo_fname_large = title + "_cas_info_large"

if not os.path.isfile(casinfo_fname_large):
    print("Failed to read saved Large CAS briefings.")
    exit()
ncasorb_large, ncaselec_large, casorbind_large, statelis_large = read_cas_info(
    casinfo_fname
)
solver.ncas = ncasorb_large
solver.nelecas = ncaselec_large
solver.mo_coeff = solver.sort_mo(casorbind_large, solver.mo_coeff)
fcidump.from_integrals(
    "FCIDUMP_1",
    solver.get_h1eff()[0],
    solver.get_h2eff(),
    solver.ncas,
    solver.nelecas,
    nuc=mc.get_h1eff()[1],
)

with open("cas.molden", "w") as f1:
    molden.header(mol, f1)
    molden.orbital_coeff(
        mol,
        f1,
        caoas[:, act_inds] @ solver.mo_coeff,
        ene=solver_base.mo_energy,
        occ=solver_base.mo_occ,
    )
"""

uos = caoas.shape[0] - asorbs[-1]
dm_uo = caoas[:, uos:] @ caoas[:, uos:].conj().T * 2
mo_cas = caoas[:, act_inds] @ mc.mo_coeff[:, mc.ncore : mc.ncore + mc.ncas]
print("mo_cas.shape = ", mo_cas.shape)
sodm1_act = reduce(
    np.dot, [caoas[:, act_inds], mc.make_rdm1(), caoas[:, act_inds].conj().T]
)
sodm1 = sodm1_act + dm_uo

# soc integral
# breit-pauli amfi
# amfi = True
# hso1e = mol.intor_asymmetric("int1e_pnucxp", 3)
# vj, vk = get_bp_hso2e_amfi(mol, sodm1) if amfi else get_bp_hso2e(mol, sodm1)
# hso2e = vj - vk * 1.5
# hsoao = 1.0j * (nist.ALPHA**2 / 2) * (hso1e + hso2e)
# print("hsoao.shape = ", hsoao.shape)

# hso = np.asarray([reduce(np.dot, (mo_cas.T, x.T, mo_cas)) for x in hsoao])
# print("hso.shape = ", hso.shape)
# # Save each component of hso (shape: 3 x nao x nao) to separate binary files as complex128
# hso[0].astype(np.complex128).tofile("hso_x.bin")
# hso[1].astype(np.complex128).tofile("hso_y.bin")
# hso[2].astype(np.complex128).tofile("hso_z.bin")

# x2camf
from mycamf import x2camf

xmol, ctr = mf.with_x2c.get_xmol(mol)
xdmao = ctr @ sodm1 @ ctr.conj().T
print("sodm1.shape = ", sodm1.shape)
print("xdmao.shape = ", xdmao.shape)
x = mf.with_x2c.get_xmat()
r = mf.with_x2c._get_rmat(x=x)
hso1e = xmol.intor_asymmetric("int1e_pnucxp", 3)
hso1e = np.einsum(
    "pq,qr,irs,sk,kl->ipl", r.conj().T, x.conj().T, hso1e, x, r, optimize=True
)

hso2e = x2camf.amfi(mf.with_x2c, printLevel=1)

hso2e = hso2e / (nist.ALPHA**2 / 4)
sphsp = xmol.sph2spinor_coeff()
p_repr = np.einsum("ixp,pq,jyq->ijxy", sphsp, hso2e, sphsp.conj(), optimize=True)
hso2e = (p_repr[0, np.array([1, 1, 0])] * np.array([-1j, 1, -1j])[:, None, None]).real

s22 = xmol.intor_symmetric("int1e_ovlp")
s21 = gto.intor_cross("int1e_ovlp", xmol, mol)
c = cho_solve(s22, s21)
hso1e = c.conj().T @ hso1e @ c
hso2e = c.conj().T @ hso2e @ c
print("hso1e.shape = ", hso1e.shape)
print("hso2e.shape = ", hso2e.shape)
hsoao = (1j * nist.ALPHA**2 / 2) * (hso1e + hso2e)

hso = np.asarray([reduce(np.dot, (mo_cas.T.conj(), i.T, mo_cas)) for i in hsoao])
print("hso.shape = ", hso.shape)
# Save each component of hso (shape: 3 x nao x nao) to separate binary files as complex128
hso_labels = ["x", "y", "z"]
for i, label in enumerate(hso_labels):
    with open(f"hso_{label}.bin", "wb") as f:
        # 先写入shape信息（int32），再写入数据（complex128）
        shape = np.array(hso[i].shape, dtype=np.int32)
        f.write(shape.tobytes())
        f.write(hso[i].astype(np.complex128).tobytes())
        # print(hso[i])
#INFO: ******************** input file end ********************


System: uname_result(system='Linux', node='cu10', release='5.15.0-133-generic', version='#144-Ubuntu SMP Fri Feb 7 20:47:38 UTC 2025', machine='x86_64')  Threads 16
Python 3.13.2 | packaged by Anaconda, Inc. | (main, Feb  6 2025, 18:56:02) [GCC 11.2.0]
numpy 2.2.6  scipy 1.15.3  h5py 3.13.0
Date: Fri Jun 27 14:56:01 2025
PySCF version 2.9.0
PySCF path  /home/Yxwxwx/.conda/envs/my_pyscf/lib/python3.13/site-packages/pyscf

[CONFIG] conf_file None
[INPUT] verbose = 4
[INPUT] num. atoms = 51
[INPUT] num. electrons = 251
[INPUT] charge = 2
[INPUT] spin (= nelec alpha-beta = 2S) = 3
[INPUT] symmetry 0 subgroup None
[INPUT] Mole.unit = angstrom
[INPUT] Symbol           X                Y                Z      unit          X                Y                Z       unit  Magmom
[INPUT]  1 Co     3.946594000000  13.913238000000  30.684257000000 AA    7.457981784852  26.292209325891  57.984842065768 Bohr   0.0
[INPUT]  2 P      3.512134000000  16.084388000000  28.030428000000 AA    6.636971372773  30.395088201241  52.969832074340 Bohr   0.0
[INPUT]  3 S      3.288337000000  17.313925000000  26.593099000000 AA    6.214056335274  32.718576391260  50.253673913445 Bohr   0.0
[INPUT]  4 N      3.366331000000  14.435231000000  27.565538000000 AA    6.361443634633  27.278633134831  52.091317296291 Bohr   0.0
[INPUT]  5 N      3.616930000000  13.494506000000  28.544517000000 AA    6.835007111723  25.500920526300  53.941319487992 Bohr   0.0
[INPUT]  6 N      2.390738000000  16.330189000000  29.327326000000 AA    4.517840055590  30.859584772385  55.420614105836 Bohr   0.0
[INPUT]  7 N      2.371977000000  15.382532000000  30.351455000000 AA    4.482386903767  29.068772582358  57.355937432061 Bohr   0.0
[INPUT]  8 N      4.986512000000  16.188715000000  28.690866000000 AA    9.423141996857  30.592237658638  54.217879016595 Bohr   0.0
[INPUT]  9 N      5.265253000000  15.509610000000  29.883762000000 AA    9.949886146545  29.308915198816  56.472125751685 Bohr   0.0
[INPUT] 10 C      3.807224000000  12.252707000000  28.193902000000 AA    7.194610654871  23.154260514541  53.278753162827 Bohr   0.0
[INPUT] 11 H      3.764341000000  11.980779000000  27.304913000000 AA    7.113573529471  22.640391068940  51.598807425076 Bohr   0.0
[INPUT] 12 C      4.072564000000  11.365834000000  29.211803000000 AA    7.696030584763  21.478313437270  55.202307274748 Bohr   0.0
[INPUT] 13 N      4.300381000000  11.867388000000  30.500917000000 AA    8.126542321283  22.426113133950  57.638379678091 Bohr   0.0
[INPUT] 14 C      4.659528000000  10.834421000000  31.288709000000 AA    8.805231789742  20.474088408236  59.127090801214 Bohr   0.0
[INPUT] 15 H      4.900746000000  10.884186000000  32.184236000000 AA    9.261067746058  20.568130628825  60.819391568367 Bohr   0.0
[INPUT] 16 N      4.605924000000   9.690018000000  30.523337000000 AA    8.703934910561  18.311480162106  57.680747337803 Bohr   0.0
[INPUT] 17 H      4.753335000000   8.893610000000  30.811051000000 AA    8.982501328309  16.806487158693  58.224448000006 Bohr   0.0
[INPUT] 18 C      4.276259000000  10.022195000000  29.222080000000 AA    8.080958347706  18.939203716985  55.221727990130 Bohr   0.0
[INPUT] 19 H      4.206574000000   9.442795000000  28.497498000000 AA    7.949272782716  17.844296400412  53.852466455341 Bohr   0.0
[INPUT] 20 C      3.409215000000  14.166859000000  26.176161000000 AA    6.442482649759  26.771483555330  49.465775282521 Bohr   0.0
[INPUT] 21 H      3.263143000000  14.980862000000  25.688850000000 AA    6.166446575292  28.309726289904  48.544890955033 Bohr   0.0
[INPUT] 22 H      2.724423000000  13.532362000000  25.950410000000 AA    5.148413317466  25.572457998472  49.039167720174 Bohr   0.0
[INPUT] 23 H      4.268219000000  13.806067000000  25.947296000000 AA    8.065764949665  26.089685487396  49.033283113023 Bohr   0.0
[INPUT] 24 C      1.468750000000  15.421632000000  31.251653000000 AA    2.775535245455  29.142660873829  59.057065109942 Bohr   0.0
[INPUT] 25 H      0.797360000000  16.063238000000  31.222072000000 AA    1.506792022683  30.355120493706  59.001165121451 Bohr   0.0
[INPUT] 26 N      2.512688000000  13.450607000000  32.199496000000 AA    4.748292156481  25.417963439158  60.848228789028 Bohr   0.0
[INPUT] 27 C      1.510293000000  14.477886000000  32.283568000000 AA    2.854040137848  27.359239402675  61.007101843773 Bohr   0.0
[INPUT] 28 C      0.763857000000  14.216623000000  33.407027000000 AA    1.443480528332  26.865523886193  63.130131665950 Bohr   0.0
[INPUT] 29 H      0.041543000000  14.719599000000  33.709999000000 AA    0.078504892393  27.816010773422  63.702665769362 Bohr   0.0
[INPUT] 30 N      1.271755000000  13.066888000000  34.016398000000 AA    2.403268647546  24.692839620366  64.281675964203 Bohr   0.0
[INPUT] 31 H      0.966212000000  12.693477000000  34.728214000000 AA    1.825876058268  23.987195098466  65.626813255286 Bohr   0.0
[INPUT] 32 C      2.347855000000  12.636604000000  33.272198000000 AA    4.436802930191  23.879720704583  62.875341782301 Bohr   0.0
[INPUT] 33 H      2.881215000000  11.902579000000  33.473352000000 AA    5.444707255989  22.492614485999  63.255467751162 Bohr   0.0
[INPUT] 34 C      1.313298000000  17.310902000000  29.269097000000 AA    2.481773539939  32.712863749186  55.310577243329 Bohr   0.0
[INPUT] 35 H      1.460709000000  17.904522000000  28.528635000000 AA    2.760339957687  33.834642971250  53.911306857681 Bohr   0.0
[INPUT] 36 H      1.295877000000  17.813879000000  30.085536000000 AA    2.448852621123  33.663352526141  56.853423350743 Bohr   0.0
[INPUT] 37 H      0.474395000000  16.857691000000  29.154509000000 AA    0.896476624863  31.856419082545  55.094037306167 Bohr   0.0
[INPUT] 38 C      6.273008000000  15.848185000000  30.627648000000 AA   11.854267097206  29.948729221440  57.877866559583 Bohr   0.0
[INPUT] 39 H      6.868012000000  16.521781000000  30.387575000000 AA   12.978661700226  31.221641180043  57.424194339680 Bohr   0.0
[INPUT] 40 N      5.432766000000  14.205071000000  32.134415000000 AA   10.266439838849  26.843693770002  60.725243523115 Bohr   0.0
[INPUT] 41 C      6.401658000000  15.128378000000  31.815875000000 AA   12.097380363131  28.588491128895  60.123290163396 Bohr   0.0
[INPUT] 42 C      7.243240000000  15.309663000000  32.884531000000 AA   13.687739854495  28.931070129387  62.142757324770 Bohr   0.0
[INPUT] 43 H      7.974935000000  15.881953000000  32.925321000000 AA   15.070443011208  30.012541493214  62.219839253391 Bohr   0.0
[INPUT] 44 N      6.794307000000  14.481441000000  33.882816000000 AA   12.839379436215  27.365957379048  64.029242569031 Bohr   0.0
[INPUT] 45 H      7.138713000000  14.399685000000  34.665935000000 AA   13.490212451872  27.211460930008  65.509123001974 Bohr   0.0
[INPUT] 46 C      5.684704000000  13.802512000000  33.400487000000 AA   10.742533659220  26.082967511023  63.117772857096 Bohr   0.0
[INPUT] 47 H      5.191547000000  13.171571000000  33.871918000000 AA    9.810601992807  24.890661820264  64.008648333726 Bohr   0.0
[INPUT] 48 C      5.971486000000  17.286020000000  28.385713000000 AA   11.284473096675  32.665843583754  53.641223420506 Bohr   0.0
[INPUT] 49 H      5.746349000000  17.694799000000  27.547789000000 AA   10.859025826168  33.438323939228  52.057776547306 Bohr   0.0
[INPUT] 50 H      6.855952000000  16.916342000000  28.332467000000 AA   12.955871603164  31.967253409477  53.540603063278 Bohr   0.0
[INPUT] 51 H      5.942003000000  17.945398000000  29.082893000000 AA   11.228758301344  33.911887416318  54.958702680030 Bohr   0.0

nuclear repulsion = 4343.03076438117
number of shells = 305
number of NR pGTOs = 1259
number of NR cGTOs = 743
basis = {'default': 'def2tzvp', 'C': '6-31G*', 'H': '6-31G*'}
ecp = {}
CPU time:         2.51


******** <class 'pyscf.x2c.sfx2c1e.sfX2C1eROHF'> ********
method = sfX2C1eROHF
initial guess = chk
damping factor = 0
level_shift factor = 0
DIIS = <class 'liblan.utils.rdiis.tag_rdiis_.<locals>.RDIIS'>
diis_start_cycle = 1
diis_space = 8
diis_damp = 0
SCF conv_tol = 1e-09
SCF conv_tol_grad = None
SCF max_cycles = 100
direct_scf = True
direct_scf_tol = 1e-13
chkfile to save SCF result = CoSMM10_rohf.chk
max_memory 200000 MB (current use 139 MB)
num. doubly occ = 124  num. singly occ = 3


******** <class 'pyscf.x2c.sfx2c1e.SpinFreeX2CHelper'> ********
approx = 1e
xuncontract = 1
Set gradient conv threshold to 3.16228e-05
init E= -3363.57612703101
  HOMO = -0.317853534663929  LUMO = -0.129950200054249
cycle= 1 E= -3363.57612703045  delta_E= 5.62e-10  |g|= 2.58e-05  |ddm|= 4.99e-05
  HOMO = -0.317853541775168  LUMO = -0.129950357638321
Extra cycle  E= -3363.57612702797  delta_E= 2.48e-09  |g|= 5.35e-05  |ddm|= 0.000101
converged SCF energy = -3363.57612702797
nao =  743
nelec =  (127, 124)
imp_inds.shape (45,)
caoas.shape =  (743, 743)
asorbs =  (np.int64(571), np.int64(56), np.int64(71))
Entanglement S: 0.021
nimp =  45
act_inds =  [0, 1, 2, 3, 4, 5, 6, 7, 8, 9, 10, 11, 12, 13, 14, 15, 16, 17, 18, 19, 20, 21, 22, 23, 24, 25, 26, 27, 28, 29, 30, 31, 32, 33, 34, 35, 36, 37, 38, 39, 40, 41, 42, 43, 44, 616, 617, 618, 619, 620, 621, 622, 623, 624, 625, 626, 627, 628, 629, 630, 631, 632, 633, 634, 635, 636, 637, 638, 639, 640, 641, 642, 643, 644, 645, 646, 647, 648, 649, 650, 651, 652, 653, 654, 655, 656, 657, 658, 659, 660, 661, 662, 663, 664, 665, 666, 667, 668, 669, 670, 671]
nao =  101
nelec =  (56, 53)


******** <class 'pyscf.x2c.sfx2c1e.sfX2C1eROHF'> ********
method = sfX2C1eROHF
initial guess = 1e
damping factor = 0
level_shift factor = 0.2
DIIS = <class 'pyscf.scf.diis.CDIIS'>
diis_start_cycle = 1
diis_space = 8
diis_damp = 0
SCF conv_tol = 1e-09
SCF conv_tol_grad = None
SCF max_cycles = 1000
direct_scf = True
direct_scf_tol = 1e-13
chkfile to save SCF result = /home/Yxwxwx/code/dmet/test/4/tmp_63814/tmpfbup47k5
max_memory 200000 MB (current use 666 MB)
num. doubly occ = 53  num. singly occ = 3


******** <class 'pyscf.x2c.sfx2c1e.SpinFreeX2CHelper'> ********
approx = 1e
xuncontract = 1
Set gradient conv threshold to 3.16228e-05
init E= -2557.91747095304
  HOMO = 1.02612497512285  LUMO = 1.06133458905605
cycle= 1 E= -2666.40390941827  delta_E= -108  |g|= 4.15  |ddm|= 10.4

WARN: HOMO -0.598289775932951 >= LUMO -0.729936762818903

cycle= 2 E= -2658.77464604688  delta_E= 7.63  |g|= 9.97  |ddm|= 4.13
  HOMO = -0.448358951544009  LUMO = -0.113770199506811
cycle= 3 E= -2666.89699124194  delta_E= -8.12  |g|= 5.63  |ddm|= 1.68

WARN: HOMO 0.229189291817689 >= LUMO -0.518348031121852

cycle= 4 E= -2671.21276811803  delta_E= -4.32  |g|= 1.19  |ddm|= 2.29
  HOMO = 0.114990707993783  LUMO = 0.145014193722146
cycle= 5 E= -2671.63153528537  delta_E= -0.419  |g|= 0.282  |ddm|= 0.886

WARN: HOMO 0.17379536737713 >= LUMO 0.12015981984353

cycle= 6 E= -2672.09655822113  delta_E= -0.465  |g|=  0.4  |ddm|= 1.53
  HOMO = 0.0207339954863658  LUMO = 0.238987155187283
cycle= 7 E= -2672.22991918457  delta_E= -0.133  |g|= 0.319  |ddm|= 0.447
  HOMO = -0.00479135875558259  LUMO = 0.22753564469281
cycle= 8 E= -2672.3014366674  delta_E= -0.0715  |g|= 0.237  |ddm|= 0.27
  HOMO = -0.107112881101711  LUMO = 0.251159821089369
cycle= 9 E= -2672.34651796101  delta_E= -0.0451  |g|= 0.136  |ddm|= 0.272
  HOMO = -0.142108130099961  LUMO = 0.263679448629894
cycle= 10 E= -2672.34579053988  delta_E= 0.000727  |g|= 0.123  |ddm|= 0.0982
  HOMO = -0.221377850657124  LUMO = 0.276425367525525
cycle= 11 E= -2672.35797739506  delta_E= -0.0122  |g|= 0.0641  |ddm|=  0.2
  HOMO = -0.200741992308848  LUMO = 0.27101688593851
cycle= 12 E= -2672.35844288068  delta_E= -0.000465  |g|= 0.0385  |ddm|= 0.0261
  HOMO = -0.201823800177797  LUMO = 0.274193837903743
cycle= 13 E= -2672.35891769716  delta_E= -0.000475  |g|= 0.0144  |ddm|= 0.0289
  HOMO = -0.215764968689967  LUMO = 0.277883742786768
cycle= 14 E= -2672.35909338539  delta_E= -0.000176  |g|= 0.00431  |ddm|= 0.0208
  HOMO = -0.216054659962505  LUMO = 0.278092129540701
cycle= 15 E= -2672.35913446912  delta_E= -4.11e-05  |g|= 0.00382  |ddm|= 0.0118
  HOMO = -0.217115456912921  LUMO = 0.278009954178743
cycle= 16 E= -2672.35917308041  delta_E= -3.86e-05  |g|= 0.00252  |ddm|= 0.0107
  HOMO = -0.217432248355029  LUMO = 0.278035147432069
cycle= 17 E= -2672.35921520309  delta_E= -4.21e-05  |g|= 0.0017  |ddm|= 0.0161
  HOMO = -0.217699415390279  LUMO = 0.278027532825965
cycle= 18 E= -2672.35924101031  delta_E= -2.58e-05  |g|= 0.00107  |ddm|= 0.0148
  HOMO = -0.217740911085215  LUMO = 0.278027722080134
cycle= 19 E= -2672.3592503425  delta_E= -9.33e-06  |g|= 0.000795  |ddm|= 0.00814
  HOMO = -0.217767199652054  LUMO = 0.278029038402507
cycle= 20 E= -2672.35925636326  delta_E= -6.02e-06  |g|= 0.000638  |ddm|= 0.00766
  HOMO = -0.217786228889692  LUMO = 0.27802734149463
cycle= 21 E= -2672.35925996474  delta_E= -3.6e-06  |g|= 0.000507  |ddm|= 0.00556
  HOMO = -0.217732116583856  LUMO = 0.278029313949273
cycle= 22 E= -2672.35926268502  delta_E= -2.72e-06  |g|= 0.000395  |ddm|= 0.00505
  HOMO = -0.217750209438044  LUMO = 0.278029024202684
cycle= 23 E= -2672.3592646832  delta_E= -2e-06  |g|= 0.000283  |ddm|= 0.00482
  HOMO = -0.217743285878538  LUMO = 0.278029405995478
cycle= 24 E= -2672.3592656432  delta_E= -9.6e-07  |g|= 0.000216  |ddm|= 0.0032
  HOMO = -0.217739217220608  LUMO = 0.278030164504457
cycle= 25 E= -2672.35926634059  delta_E= -6.97e-07  |g|= 0.000172  |ddm|= 0.00335
  HOMO = -0.217753734701558  LUMO = 0.278030537678283
cycle= 26 E= -2672.3592666672  delta_E= -3.27e-07  |g|= 0.00012  |ddm|= 0.0023
  HOMO = -0.217758724742173  LUMO = 0.278030470169614
cycle= 27 E= -2672.35926683981  delta_E= -1.73e-07  |g|= 8.32e-05  |ddm|= 0.00177
  HOMO = -0.217758989125933  LUMO = 0.278030646331236
cycle= 28 E= -2672.35926689024  delta_E= -5.04e-08  |g|= 5.96e-05  |ddm|= 0.000748
  HOMO = -0.217758144050537  LUMO = 0.278030655370992
cycle= 29 E= -2672.35926692097  delta_E= -3.07e-08  |g|= 5.36e-05  |ddm|= 0.00059
  HOMO = -0.217759891069221  LUMO = 0.278030664417626
cycle= 30 E= -2672.35926693755  delta_E= -1.66e-08  |g|= 5.15e-05  |ddm|= 0.000294
  HOMO = -0.217761583234593  LUMO = 0.278030672010585
cycle= 31 E= -2672.35926694944  delta_E= -1.19e-08  |g|= 5.13e-05  |ddm|= 0.000186
  HOMO = -0.217760868843847  LUMO = 0.2780307234671
cycle= 32 E= -2672.35926696013  delta_E= -1.07e-08  |g|= 5.11e-05  |ddm|= 0.000164
  HOMO = -0.217763065687977  LUMO = 0.278030745239262
cycle= 33 E= -2672.35926698404  delta_E= -2.39e-08  |g|= 4.79e-05  |ddm|= 0.00037
  HOMO = -0.217764902218185  LUMO = 0.27803089118003
cycle= 34 E= -2672.3592670491  delta_E= -6.51e-08  |g|= 4.67e-05  |ddm|= 0.00106
  HOMO = -0.217765101985917  LUMO = 0.278030884825497
cycle= 35 E= -2672.35926705737  delta_E= -8.27e-09  |g|= 4.78e-05  |ddm|= 0.000137
  HOMO = -0.217766167197065  LUMO = 0.278030969841712
cycle= 36 E= -2672.35926708991  delta_E= -3.25e-08  |g|= 4.41e-05  |ddm|= 0.000542
  HOMO = -0.217767216664655  LUMO = 0.278031023844261
cycle= 37 E= -2672.35926712879  delta_E= -3.89e-08  |g|= 4.32e-05  |ddm|= 0.000651
  HOMO = -0.217769183433098  LUMO = 0.278031161195021
cycle= 38 E= -2672.35926718831  delta_E= -5.95e-08  |g|= 4.44e-05  |ddm|= 0.00102
  HOMO = -0.217769417841198  LUMO = 0.278031203313261
cycle= 39 E= -2672.35926721489  delta_E= -2.66e-08  |g|= 4.23e-05  |ddm|= 0.000457
  HOMO = -0.217771999631697  LUMO = 0.278031409867415
cycle= 40 E= -2672.35926730096  delta_E= -8.61e-08  |g|= 5.19e-05  |ddm|= 0.00152
  HOMO = -0.217774482527503  LUMO = 0.278031446144961
cycle= 41 E= -2672.35926734201  delta_E= -4.1e-08  |g|= 4.13e-05  |ddm|= 0.000729
  HOMO = -0.217774913853007  LUMO = 0.278031645289216
cycle= 42 E= -2672.35926741033  delta_E= -6.83e-08  |g|= 4.62e-05  |ddm|= 0.00126
  HOMO = -0.21778252745985  LUMO = 0.278032120582276
cycle= 43 E= -2672.3592675924  delta_E= -1.82e-07  |g|= 0.000115  |ddm|= 0.00357
  HOMO = -0.217785178817539  LUMO = 0.278032260446878
cycle= 44 E= -2672.35926768558  delta_E= -9.32e-08  |g|= 6.33e-05  |ddm|= 0.00183
  HOMO = -0.217796351648333  LUMO = 0.278032973962613
cycle= 45 E= -2672.35926793066  delta_E= -2.45e-07  |g|= 0.000189  |ddm|= 0.00568
  HOMO = -0.217804284055575  LUMO = 0.278033563629956
cycle= 46 E= -2672.3592681287  delta_E= -1.98e-07  |g|= 0.000179  |ddm|= 0.0051
  HOMO = -0.217805474641858  LUMO = 0.278033601339373
cycle= 47 E= -2672.35926818535  delta_E= -5.66e-08  |g|= 5.24e-05  |ddm|= 0.00132
  HOMO = -0.217813877709788  LUMO = 0.278034181930844
cycle= 48 E= -2672.35926832502  delta_E= -1.4e-07  |g|= 0.000156  |ddm|= 0.00459
  HOMO = -0.217814297673982  LUMO = 0.278034190975526
cycle= 49 E= -2672.35926835906  delta_E= -3.4e-08  |g|= 4.46e-05  |ddm|= 0.000947
  HOMO = -0.217815166917397  LUMO = 0.278034299587006
cycle= 50 E= -2672.35926838913  delta_E= -3.01e-08  |g|= 4.53e-05  |ddm|= 0.00106
  HOMO = -0.217816783789318  LUMO = 0.278034496140865
cycle= 51 E= -2672.35926842739  delta_E= -3.83e-08  |g|= 5.87e-05  |ddm|= 0.00149
  HOMO = -0.217813386673207  LUMO = 0.278034297120201
cycle= 52 E= -2672.35926839125  delta_E= 3.61e-08  |g|= 6.71e-05  |ddm|= 0.00139
  HOMO = -0.217824474412701  LUMO = 0.278034822570548
cycle= 53 E= -2672.35926847538  delta_E= -8.41e-08  |g|= 0.000115  |ddm|= 0.00347
  HOMO = -0.217829665948657  LUMO = 0.278035396803648
cycle= 54 E= -2672.35926855537  delta_E= -8e-08  |g|= 0.000149  |ddm|= 0.00408
  HOMO = -0.217838215782832  LUMO = 0.278035848068517
cycle= 55 E= -2672.35926862024  delta_E= -6.49e-08  |g|= 0.000153  |ddm|= 0.00408
  HOMO = -0.217842489686713  LUMO = 0.278035943114528
cycle= 56 E= -2672.35926864691  delta_E= -2.67e-08  |g|= 5.94e-05  |ddm|= 0.00147
  HOMO = -0.217850152548406  LUMO = 0.278036592183199
cycle= 57 E= -2672.35926868232  delta_E= -3.54e-08  |g|= 0.000159  |ddm|= 0.00443
  HOMO = -0.217853172204751  LUMO = 0.278036771112611
cycle= 58 E= -2672.35926869937  delta_E= -1.71e-08  |g|= 7.65e-05  |ddm|= 0.00188
  HOMO = -0.217853748095068  LUMO = 0.278036762079493
cycle= 59 E= -2672.35926870306  delta_E= -3.69e-09  |g|= 1.5e-05  |ddm|= 0.000175
  HOMO = -0.21785228815571  LUMO = 0.278036679207737
cycle= 60 E= -2672.35926870146  delta_E= 1.6e-09  |g|= 1.76e-05  |ddm|= 0.000385
  HOMO = -0.217855792921291  LUMO = 0.278037028185569
cycle= 61 E= -2672.35926870823  delta_E= -6.77e-09  |g|= 7.28e-05  |ddm|= 0.0021
  HOMO = -0.217856007990733  LUMO = 0.278037043342255
cycle= 62 E= -2672.35926871072  delta_E= -2.49e-09  |g|= 2.16e-05  |ddm|= 0.000479
  HOMO = -0.217856974946033  LUMO = 0.278037123824254
cycle= 63 E= -2672.35926871186  delta_E= -1.13e-09  |g|= 2.21e-05  |ddm|= 0.000583
  HOMO = -0.217856714041152  LUMO = 0.278037089437638
cycle= 64 E= -2672.35926871195  delta_E= -9.55e-11  |g|= 3.81e-06  |ddm|= 7.47e-05
  HOMO = -0.317856915391077  LUMO = 0.0780370847499171
Extra cycle  E= -2672.35926871198  delta_E= -2.64e-11  |g|= 3.06e-06  |ddm|= 9.14e-06
converged SCF energy = -2672.35926871198
Attempting SA-DMRGSCF with
40 states with spin multiplicity 2
10 states with spin multiplicity 4

******** <class 'pyscf.mcscf.addons.StateAverageCASSCF'> ********
CAS (5e+2e, 10o), ncore = 51, nvir = 40
max_cycle_macro = 50
max_cycle_micro = 4
conv_tol = 1e-07
conv_tol_grad = None
orbital rotation max_stepsize = 0.02
orbital rotation threshold for CI restart = 0.01
augmented hessian ah_max_cycle = 30
augmented hessian ah_conv_tol = 1e-12
augmented hessian ah_linear dependence = 1e-14
augmented hessian ah_level shift = 1e-08
augmented hessian ah_start_tol = 2.5
augmented hessian ah_start_cycle = 3
augmented hessian ah_grad_trust_region = 3
kf_trust_region = 3
kf_interval = 4
ci_response_space = 4
ci_grad_trust_region = 3
with_dep4 0
natorb = False
canonicalization = True
sorting_mo_energy = False
ao2mo_level = 2
chkfile = /home/Yxwxwx/code/dmet/test/4/tmp_63814/tmpfbup47k5
max_memory 200000 MB (current use 666 MB)
internal_rotation = False

******** Block flags ********
executable             = /home/Yxwxwx/.conda/envs/my_pyscf/bin/block2main
BLOCKEXE_COMPRESS_NEVPT= /path/to/serially/compiled/Block/block.spin_adapted
Block version          = 2.0
mpiprefix              =  
scratchDirectory       = /home/Yxwxwx/code/dmet/test/4/tmp_63814/1
integralFile           = /home/Yxwxwx/code/dmet/test/4/tmp_63814/1/FCIDUMP
configFile             = /home/Yxwxwx/code/dmet/test/4/tmp_63814/1/dmrg.conf
outputFile             = /home/Yxwxwx/code/dmet/test/4/tmp_63814/1/dmrg.out
maxIter                = 38
scheduleSweeps         = [0, 4, 8, 12, 14, 16, 18, 20, 22, 24, 26]
scheduleMaxMs          = [200, 400, 800, 1500, 1500, 1500, 1500, 1500, 1500, 1500, 1500]
scheduleTols           = [0.0001, 0.0001, 0.0001, 0.0001, 1e-05, 1.0000000000000002e-06, 1.0000000000000002e-07, 1.0000000000000002e-08, 1.0000000000000003e-09, 1.0000000000000003e-10, 1.0000000000000001e-11]
scheduleNoises         = [0.0001, 0.0001, 0.0001, 0.0001, 1e-05, 1.0000000000000002e-06, 1.0000000000000002e-07, 1.0000000000000002e-08, 1.0000000000000003e-09, 1.0000000000000003e-10, 0.0]
twodot_to_onedot       = 30
tol                    = 1e-10
maxM                   = 1500
dmrg switch tol        = 0.001
wfnsym                 = 1
fullrestart            = False
num_thrds              = 16
memory                 = 200

State-average over 50 states with weights [0.02 0.02 0.02 0.02 0.02 0.02 0.02 0.02 0.02 0.02 0.02 0.02 0.02 0.02
 0.02 0.02 0.02 0.02 0.02 0.02 0.02 0.02 0.02 0.02 0.02 0.02 0.02 0.02
 0.02 0.02 0.02 0.02 0.02 0.02 0.02 0.02 0.02 0.02 0.02 0.02 0.02 0.02
 0.02 0.02 0.02 0.02 0.02 0.02 0.02 0.02]
CASCI E = -2671.86394723006  S^2 = 1.3500000
Set conv_tol_grad to 0.000316228
macro iter   1 ( 21 JK    4 micro), CASSCF E = -2672.13451010438  dE = -2.70562874e-01  S^2 = 1.3500000
               |grad[o]|=0.636  |ddm|=0.0205  |maxRot[o]|=0.312
macro iter   2 ( 21 JK    4 micro), CASSCF E = -2672.25617700305  dE = -1.21666899e-01  S^2 = 1.3500000
               |grad[o]|=0.397  |ddm|=0.00493  |maxRot[o]|= 0.23
macro iter   3 ( 21 JK    4 micro), CASSCF E = -2672.30281436745  dE = -4.66373644e-02  S^2 = 1.3500000
               |grad[o]|=0.124  |ddm|=0.0158  |maxRot[o]|=0.306
macro iter   4 ( 13 JK    4 micro), CASSCF E = -2672.30806369737  dE = -5.24932992e-03  S^2 = 1.3500000
               |grad[o]|=0.0249  |ddm|=0.0166  |maxRot[o]|=0.124
macro iter   5 ( 10 JK    4 micro), CASSCF E = -2672.30806660426  dE = -2.90689104e-06  S^2 = 1.3500000
               |grad[o]|=0.00166  |ddm|=0.000628  |maxRot[o]|=0.00263
macro iter   6 (  3 JK    1 micro), CASSCF E = -2672.30806660668  dE = -2.41834641e-09  S^2 = 1.3500000
               |grad[o]|=9.01e-05  |ddm|=2.19e-05  |maxRot[o]|=2.67e-05
1-step CASSCF converged in   6 macro ( 89 JK  21 micro) steps
CASSCF canonicalization
Density matrix diagonal elements [1.39170244 1.39152947 1.39149904 1.39273093 1.3927846  0.0080519
 0.00799906 0.00821559 0.00771856 0.0077684 ]
CASSCF energy = -2672.30806660668
CASCI E = -2672.30806660668  E(CI) = -23.7223638212736  S^2 = 1.3500000
CASCI state-averaged energy = -2672.30806660668
CASCI energy for each state
  State 0 weight 0.02  E = -2672.37561832305 S^2 = 0.7500000
  State 1 weight 0.02  E = -2672.37414701303 S^2 = 0.7500000
  State 2 weight 0.02  E = -2672.35978132775 S^2 = 0.7500000
  State 3 weight 0.02  E = -2672.35895888791 S^2 = 0.7500000
  State 4 weight 0.02  E = -2672.35843051526 S^2 = 0.7500000
  State 5 weight 0.02  E = -2672.35621986477 S^2 = 0.7500000
  State 6 weight 0.02  E = -2672.35553905012 S^2 = 0.7500000
  State 7 weight 0.02  E = -2672.34727073327 S^2 = 0.7500000
  State 8 weight 0.02  E = -2672.33549193667 S^2 = 0.7500000
  State 9 weight 0.02  E = -2672.33379638248 S^2 = 0.7500000
  State 10 weight 0.02  E = -2672.33319595659 S^2 = 0.7500000
  State 11 weight 0.02  E = -2672.3321865782 S^2 = 0.7500000
  State 12 weight 0.02  E = -2672.32220311449 S^2 = 0.7500000
  State 13 weight 0.02  E = -2672.32190037734 S^2 = 0.7500000
  State 14 weight 0.02  E = -2672.31782749657 S^2 = 0.7500000
  State 15 weight 0.02  E = -2672.31411122126 S^2 = 0.7500000
  State 16 weight 0.02  E = -2672.31355391869 S^2 = 0.7500000
  State 17 weight 0.02  E = -2672.31101689867 S^2 = 0.7500000
  State 18 weight 0.02  E = -2672.30901843279 S^2 = 0.7500000
  State 19 weight 0.02  E = -2672.30830381681 S^2 = 0.7500000
  State 20 weight 0.02  E = -2672.3028989673 S^2 = 0.7500000
  State 21 weight 0.02  E = -2672.30242255937 S^2 = 0.7500000
  State 22 weight 0.02  E = -2672.3018285193 S^2 = 0.7500000
  State 23 weight 0.02  E = -2672.29072455591 S^2 = 0.7500000
  State 24 weight 0.02  E = -2672.28597045408 S^2 = 0.7500000
  State 25 weight 0.02  E = -2672.28585194728 S^2 = 0.7500000
  State 26 weight 0.02  E = -2672.28362352469 S^2 = 0.7500000
  State 27 weight 0.02  E = -2672.28283136444 S^2 = 0.7500000
  State 28 weight 0.02  E = -2672.24477652785 S^2 = 0.7500000
  State 29 weight 0.02  E = -2672.24456494373 S^2 = 0.7500000
  State 30 weight 0.02  E = -2672.23932009708 S^2 = 0.7500000
  State 31 weight 0.02  E = -2672.23882421662 S^2 = 0.7500000
  State 32 weight 0.02  E = -2672.23630474103 S^2 = 0.7500000
  State 33 weight 0.02  E = -2672.234243094 S^2 = 0.7500000
  State 34 weight 0.02  E = -2672.22833733411 S^2 = 0.7500000
  State 35 weight 0.02  E = -2672.14288955546 S^2 = 0.7500000
  State 36 weight 0.02  E = -2672.13755689255 S^2 = 0.7500000
  State 37 weight 0.02  E = -2672.13566596472 S^2 = 0.7500000
  State 38 weight 0.02  E = -2672.12542888913 S^2 = 0.7500000
  State 39 weight 0.02  E = -2672.1250784873 S^2 = 0.7500000
  State 40 weight 0.02  E = -2672.45067405734 S^2 = 3.7500000
  State 41 weight 0.02  E = -2672.44926907934 S^2 = 3.7500000
  State 42 weight 0.02  E = -2672.42597892471 S^2 = 3.7500000
  State 43 weight 0.02  E = -2672.4165018422 S^2 = 3.7500000
  State 44 weight 0.02  E = -2672.41536271311 S^2 = 3.7500000
  State 45 weight 0.02  E = -2672.41353872524 S^2 = 3.7500000
  State 46 weight 0.02  E = -2672.39449776558 S^2 = 3.7500000
  State 47 weight 0.02  E = -2672.34582217596 S^2 = 3.7500000
  State 48 weight 0.02  E = -2672.34281042456 S^2 = 3.7500000
  State 49 weight 0.02  E = -2672.34116014427 S^2 = 3.7500000
Initializing 4c-HF with Gaunt with gauge for N atom.
Maximum memory cost (2e part) in SCF and amfi calculation: 0.00736874 GB.
1e-integrals time (CPU/WALL): 0.00/0.00 seconds.
2e-Coulomb-integrals time (CPU/WALL): 0.70/0.04 seconds.
2e-Gaunt-integrals time (CPU/WALL): 0.52/0.03 seconds.
2e-gauge-integrals time (CPU/WALL): 0.80/0.15 seconds.

Start Dirac Hartree-Fock iterations...
with SCF convergence = 1e-09


SCF converges after 12 iterations.

Final DHF energy is -53.8754539020806 hartree.
DHF iterations time (CPU/WALL): 0.01/0.01 seconds.
2e-SO Coulomb integrals time (CPU/WALL): 0.06/0.06 seconds.
Initializing 4c-HF with Gaunt with gauge for H atom.
Maximum memory cost (2e part) in SCF and amfi calculation: 4.57763671875e-05 GB.
1e-integrals time (CPU/WALL): 0.00/0.00 seconds.
2e-Coulomb-integrals time (CPU/WALL): 0.00/0.00 seconds.
2e-Gaunt-integrals time (CPU/WALL): 0.00/0.00 seconds.
2e-gauge-integrals time (CPU/WALL): 0.00/0.00 seconds.

Start Dirac Hartree-Fock iterations...
with SCF convergence = 1e-09

Special treatment for fractional occupation of H atom.

SCF converges after 1 iterations.

Final DHF energy is -0.340081496312782 hartree.
DHF iterations time (CPU/WALL): 0.00/0.00 seconds.
2e-SO Coulomb integrals time (CPU/WALL): 0.00/0.00 seconds.
Initializing 4c-HF with Gaunt with gauge for P atom.
Maximum memory cost (2e part) in SCF and amfi calculation: 0.0255496501922607 GB.
1e-integrals time (CPU/WALL): 0.00/0.00 seconds.
2e-Coulomb-integrals time (CPU/WALL): 0.13/0.13 seconds.
2e-Gaunt-integrals time (CPU/WALL): 0.09/0.09 seconds.
2e-gauge-integrals time (CPU/WALL): 0.47/0.47 seconds.

Start Dirac Hartree-Fock iterations...
with SCF convergence = 1e-09


SCF converges after 12 iterations.

Final DHF energy is -341.145039536141 hartree.
DHF iterations time (CPU/WALL): 0.02/0.02 seconds.
2e-SO Coulomb integrals time (CPU/WALL): 0.18/0.18 seconds.
Initializing 4c-HF with Gaunt with gauge for S atom.
Maximum memory cost (2e part) in SCF and amfi calculation: 0.0255496501922607 GB.
1e-integrals time (CPU/WALL): 0.00/0.00 seconds.
2e-Coulomb-integrals time (CPU/WALL): 0.13/0.13 seconds.
2e-Gaunt-integrals time (CPU/WALL): 0.09/0.09 seconds.
2e-gauge-integrals time (CPU/WALL): 0.47/0.47 seconds.

Start Dirac Hartree-Fock iterations...
with SCF convergence = 1e-09


SCF converges after 13 iterations.

Final DHF energy is -398.221567213695 hartree.
DHF iterations time (CPU/WALL): 0.03/0.03 seconds.
2e-SO Coulomb integrals time (CPU/WALL): 0.18/0.18 seconds.
Initializing 4c-HF with Gaunt with gauge for CO atom.
Maximum memory cost (2e part) in SCF and amfi calculation: 0.0711967349052429 GB.
1e-integrals time (CPU/WALL): 0.00/0.00 seconds.
2e-Coulomb-integrals time (CPU/WALL): 0.38/0.38 seconds.
2e-Gaunt-integrals time (CPU/WALL): 0.26/0.26 seconds.
2e-gauge-integrals time (CPU/WALL): 1.40/1.40 seconds.

Start Dirac Hartree-Fock iterations...
with SCF convergence = 1e-09


SCF converges after 18 iterations.

Final DHF energy is -1390.51515626882 hartree.
DHF iterations time (CPU/WALL): 0.08/0.08 seconds.
2e-SO Coulomb integrals time (CPU/WALL): 0.53/0.53 seconds.
Initializing 4c-HF with Gaunt with gauge for C atom.
Maximum memory cost (2e part) in SCF and amfi calculation: 0.00321078300476074 GB.
1e-integrals time (CPU/WALL): 0.00/0.00 seconds.
2e-Coulomb-integrals time (CPU/WALL): 0.02/0.02 seconds.
2e-Gaunt-integrals time (CPU/WALL): 0.01/0.01 seconds.
2e-gauge-integrals time (CPU/WALL): 0.06/0.06 seconds.

Start Dirac Hartree-Fock iterations...
with SCF convergence = 1e-09


SCF converges after 10 iterations.

Final DHF energy is -37.3324964757747 hartree.
DHF iterations time (CPU/WALL): 0.01/0.01 seconds.
2e-SO Coulomb integrals time (CPU/WALL): 0.03/0.03 seconds.
mo_cas.shape =  (743, 10)
sodm1.shape =  (743, 743)
xdmao.shape =  (1259, 1259)
hso1e.shape =  (3, 743, 743)
hso2e.shape =  (3, 743, 743)
hso.shape =  (3, 10, 10)
