[DEBUG] 临时目录已设置为：/home/Yxwxwx/code/dmet/test/1/tmp_63691
#INFO: **** input file is /home/Yxwxwx/code/dmet/test/1/dmet_siso.py ****
from pyscf import gto, scf, ao2mo, mcscf, fci, dmrgscf, lib
# from pyscf.csf_fci import csf_solver  # TODO:
from pyscf.mcscf import avas
from pyscf.tools import molden, fcidump
from pyscf.lib import logger, cho_solve
from pyscf.data import nist
import numpy as np
import scipy
from functools import reduce
import os
import tempfile
from liblan.utils.rdiis import tag_rdiis_

dmrgscf.settings.BLOCKEXE = os.popen("which block2main").read().strip()
dmrgscf.settings.MPIPREFIX = ""

def set_custom_tmpdir(workdir):
    # 动态获取Slurm分配的作业ID（当在Slurm环境下运行时）
    slurm_job_id = os.getenv('SLURM_JOB_ID', 'localrun')
    
    # 构建唯一临时目录路径
    custom_tmp = os.path.abspath( 
        os.path.join(workdir, f"tmp_{slurm_job_id}") 
    )
    
    # 确保目录存在
    os.makedirs(custom_tmp, exist_ok=True)
    
    # 双重配置方案：修改PySCF参数 + 重定向环境变量
    lib.param.TMPDIR = custom_tmp
    os.environ['TMPDIR'] = custom_tmp  # 覆盖系统环境变量
    tempfile.tempdir = custom_tmp      # 影响Python标准库的临时文件
    
    print(f"[DEBUG] 临时目录已设置为：{custom_tmp}")

current_workdir = os.path.dirname(os.path.abspath(__file__))
set_custom_tmpdir(current_workdir)
def read_cas_info(fname):
    with open(fname, "r") as f1:
        ncasorb, ncaselec = [int(x) for x in f1.readline().split(" ")]
        casorbind = [int(x) for x in f1.readline().split(" ")]
        statelis = [int(x) for x in f1.readline().split(" ")]
    return ncasorb, ncaselec, casorbind, statelis


def rohf_solve_imp(hcore, eris, nelec, spin, max_mem, dm0=None, verbose=logger.INFO):
    mol = gto.M()
    mol.verbose = verbose
    mol.incore_anyway = True
    mol.nelectron = nelec
    mol.spin = spin

    nao = hcore.shape[0]
    print("nao = ", nao)
    print("nelec = ", mol.nelec)

    mf = scf.rohf.ROHF(mol).x2c()
    mf.max_memory = max_mem
    mf.mo_energy = np.zeros((nao))
    mf.max_cycle = 1000
    mf.diis_space = 8
    mf.init_guess = "1e"
    mf.level_shift = 0.2

    mf.get_hcore = lambda *args: hcore
    mf.get_ovlp = lambda *args: np.eye(nao)
    mf._eri = ao2mo.restore(8, eris, nao)

    if dm0 is None:
        mf.kernel()
    else:
        if dm0.shape != hcore.shape:
            bath_size = hcore.shape[0] - dm0.shape[0]
            dm0 = scipy.linalg.block_diag(
                dm0, np.eye(bath_size) * (nelec - np.trace(dm0)) / bath_size
            )
        mf.kernel(dm0)
    return mf


def sacasscf_solve_imp(
    solver_base, mol, ncasorb, ncaselec, casorbind, statelis, avas=False
):
    solver = mcscf.CASSCF(solver_base, ncasorb, ncaselec)

    if avas:
        mo = casorbind
    else:
        mo = solver.sort_mo(casorbind)
    mcfs = []
    logger.info(solver, "Attempting SA-DMRGSCF with")
    for i in range(len(statelis)):
        if statelis[i] != 0:
            new_mcf = dmrgscf.DMRGCI(mol, maxM=1500, tol=1e-10)
            new_mcf.spin = i
            new_mcf.nroots = statelis[i]
            new_mcf.threads = 16
            new_mcf.memory = int(mol.max_memory / 1000)
            new_mcf.block_extra_keyword = [
                "real_density_matrix",
                "davidson_soft_max_iter 1600",
                "noreorder",
                "cutoff 1E-24",
            ]
            new_mcf.runtimeDir = lib.param.TMPDIR + "/%d" % i
            new_mcf.scratchDirectory = lib.param.TMPDIR + "/%d" % i
            mcfs.append(new_mcf)
            logger.info(
                solver, "%s states with spin multiplicity %s", statelis[i], i + 1
            )

    statetot = sum(statelis)
    mcscf.state_average_mix_(solver, mcfs, np.ones(statetot) / statetot)
    solver.run(mo, verbose=mol.verbose)
    return solver


def lowdin(s):
    """new basis is |mu> c^{lowdin}_{mu i}"""
    e, v = scipy.linalg.eigh(s)
    idx = e > 1e-15
    return np.dot(v[:, idx] / np.sqrt(e[idx]), v[:, idx].conj().T)


def caolo(s):
    return lowdin(s)


def cloao(s):
    return lowdin(s) @ s


def get_dmet_as_props(mf, imp_inds, lo_meth="lowdin", thres=1e-13):
    """
    Returns C(AO->AS), entropy loss, and orbital composition
    """
    s = mf.get_ovlp()
    caolo_mat, cloao_mat = caolo(s), cloao(s)
    env_inds = [x for x in range(s.shape[0]) if x not in imp_inds]

    if mf.mol.spin == 0:
        pass
    else:
        dma, dmb = mf.make_rdm1()

        ldma = reduce(np.dot, (cloao_mat, dma, cloao_mat.conj().T))
        ldmb = reduce(np.dot, (cloao_mat, dmb, cloao_mat.conj().T))

        ldma_env = ldma[env_inds, :][:, env_inds]
        ldmb_env = ldmb[env_inds, :][:, env_inds]

        nat_occa, nat_coeffa = np.linalg.eigh(ldma_env)
        nat_occb, nat_coeffb = np.linalg.eigh(ldmb_env)

        ldmr_env = ldma_env + ldmb_env
        nat_occr, nat_coeffr = np.linalg.eigh(ldmr_env)

        caoas = np.hstack([caolo_mat[:, imp_inds], caolo_mat[:, env_inds] @ nat_coeffr])

        nuu = np.sum([nat_occr < thres])
        ne = np.sum([(nat_occr >= thres) & (nat_occr <= 2 - thres)])
        nuo = np.sum([nat_occr > 2 - thres])

        asorbs = (nuu, ne, nuo)
        print("caoas.shape = ", caoas.shape)
        print("asorbs = ", asorbs)

        nat_occa = nat_occa[nat_occa > thres]
        nat_occb = nat_occb[nat_occb > thres]
        nat_occr = nat_occr[nat_occr > thres]

        ent = -np.sum(nat_occa * np.log(nat_occa)) - np.sum(nat_occb * np.log(nat_occb))
        entr = -2 * np.sum(nat_occr / 2 * np.log(nat_occr / 2))

        return caoas, entr - ent, asorbs


def get_dmet_imp_ldm(mf, imp_inds, lo_meth="lowdin"):
    """
    Returns better initial guess than '1e' for impurity
    """
    s = mf.get_ovlp()
    caolo_mat, cloao_mat = caolo(s), cloao(s)

    dma, dmb = mf.make_rdm1()

    ldm = reduce(np.dot, (cloao_mat, (dma + dmb), cloao_mat.conj().T))[imp_inds, :][
        :, imp_inds
    ]
    return ldm


def get_as_1e_ints(mf, caoas, asorbs):
    # hcore from mf
    hcore = mf.get_hcore()

    # HF J/K from env UO
    uos = hcore.shape[0] - asorbs[-1]
    dm_uo = caoas[:, uos:] @ caoas[:, uos:].conj().T * 2
    vj, vk = mf.get_jk(dm=dm_uo)

    fock = hcore + vj - 0.5 * vk

    nimp = hcore.shape[0] - np.sum(asorbs)
    act_inds = [
        *list(range(nimp)),
        *list(range(nimp + asorbs[0], nimp + asorbs[0] + asorbs[1])),
    ]

    asints1e = reduce(np.dot, (caoas[:, act_inds].conj().T, fock, caoas[:, act_inds]))
    return asints1e


def get_as_2e_ints(mf, caoas, asorbs):
    nimp = caoas.shape[0] - np.sum(asorbs)
    act_inds = [
        *list(range(nimp)),
        *list(range(nimp + asorbs[0], nimp + asorbs[0] + asorbs[1])),
    ]

    if mf._eri is not None:
        asints2e = ao2mo.full(mf._eri, caoas[:, act_inds])
    else:
        asints2e = ao2mo.full(mf.mol, caoas[:, act_inds])

    return asints2e


def get_bp_hso2e(mol, dm0):
    hso2e = mol.intor("int2e_p1vxp1", 3).reshape(3, mol.nao, mol.nao, mol.nao, mol.nao)
    vj = np.einsum("yijkl,lk->yij", hso2e, dm0, optimize=True)
    vk = np.einsum("yijkl,jk->yil", hso2e, dm0, optimize=True)
    vk += np.einsum("yijkl,li->ykj", hso2e, dm0, optimize=True)
    return vj, vk


def get_bp_hso2e_amfi(mol, dm0):
    """atomic-mean-field approximation"""
    ao_loc = mol.ao_loc_nr()
    nao = ao_loc[-1]
    vj = np.zeros((3, nao, nao))
    vk = np.zeros((3, nao, nao))
    import copy

    atom = copy.copy(mol)
    aoslice = mol.aoslice_by_atom(ao_loc)
    for ia in range(mol.natm):
        b0, b1, p0, p1 = aoslice[ia]
        atom._bas = mol._bas[b0:b1]
        vj1, vk1 = get_bp_hso2e(atom, dm0[p0:p1, p0:p1])
        vj[:, p0:p1, p0:p1] = vj1
        vk[:, p0:p1, p0:p1] = vk1
    return vj, vk


mol = gto.M(
    atom="""
            Co   1.506499   10.764206    0.414024
            S    0.900702   12.969251    0.863740
            S   -0.630821    9.850987    0.263627
            S    2.753892   10.415545   -1.502746
            S    3.027943    9.878195    1.923416
            C    2.377311   13.975173    0.913216
            C    2.276518   15.365718    0.836418
            H    1.444112   15.762234    0.713835
            C    3.399137   16.154649    0.937832
            H    3.312247   17.078944    0.888601
            C    4.645140   15.606362    1.112844
            H    5.397607   16.149181    1.179058
            C    4.758096   14.244532    1.186689
            H    5.597454   13.867157    1.321825
            C    3.649380   13.407744    1.065829
            H    3.753648   12.483449    1.085522
            C   -0.483108    8.032887    0.187074
            C   -1.603989    7.293178    0.071383
            H   -2.422493    7.725245   -0.019692
            C   -1.574447    5.919042    0.086153
            H   -2.366884    5.440487    0.000000
            C   -0.364938    5.235392    0.231381
            H   -0.335395    4.306995    0.285534
            C    0.776797    5.988774    0.292919
            H    1.598776    5.558075    0.347072
            C    0.738565    7.384787    0.273226
            H    1.527526    7.875648    0.319995
            C    2.008897   11.246043   -2.857063
            C    0.792437   11.947467   -2.723896
            H    0.359725   11.969345   -1.900278
            C    0.238079   12.605139   -3.809910
            H   -0.559572   13.071388   -3.704557
            C    0.851522   12.577793   -5.050260
            H    0.465730   13.018063   -5.772218
            C    2.036702   11.896878   -5.208288
            H    2.450298   11.872266   -6.040521
            C    2.615389   11.247410   -4.127935
            H    3.423466   10.801671   -4.246087
            C    2.286945    9.211500    3.375947
            C    3.044626    9.114422    4.556237
            H    3.906575    9.464451    4.578390
            C    2.530237    8.503239    5.693449
            H    3.049839    8.432139    6.461437
            C    1.239051    8.001440    5.679173
            H    0.886278    7.585780    6.431899
            C    0.479633    8.125864    4.519314
            H   -0.391005    7.797712    4.514391
            C    0.962741    8.709702    3.404255
            H    0.424023    8.782168    2.648574
        """,
    basis={"default": "def2tzvp", "C": "6-31G*", "H": "6-31G*"},
    symmetry=0,
    spin=3,
    charge=-2,
    verbose=4,
    max_memory=200000,
)

mf = scf.rohf.ROHF(mol).x2c()
mf.max_cycle = 100
title = "CoSPh4"
imp_inds = mol.search_ao_label(["Co *"])
mf.chkfile = title + "_rohf.chk"
mf.init_guess = "atom"
mf.level_shift = 0.2
if os.path.isfile(title + "_rohf.chk"):
    mf.init_guess = "chk"
    mf.level_shift = 0.0
mf = tag_rdiis_(mf=mf, imp_inds=imp_inds)
mf.kernel()

print("nao = ", mol.nao_nr())
print("nelec = ", mol.nelec)


print("imp_inds.shape", imp_inds.shape)

# AS general info
caoas, ent, asorbs = get_dmet_as_props(mf, imp_inds, thres=1e-13)
# AS hcore + j/k
as1e = get_as_1e_ints(mf, caoas, asorbs)
# AS ERIs
as2e = get_as_2e_ints(mf, caoas, asorbs)

print(f"Entanglement S: {ent:.3f}")

nimp = caoas.shape[0] - np.sum(asorbs)
print("nimp = ", nimp)
act_inds = [
    *list(range(nimp)),
    *list(range(nimp + asorbs[0], nimp + asorbs[0] + asorbs[1])),
]

print("act_inds = ", act_inds)

nelec = int(mf.mol.nelectron - asorbs[-1] * 2)
ldm = get_dmet_imp_ldm(mf, imp_inds)
solver_base = rohf_solve_imp(as1e, as2e, nelec, mf.mol.spin, mf.max_memory, dm0=ldm)

with open(title + "_imp_rohf_orbs.molden", "w") as f1:
    molden.header(mf.mol, f1)
    molden.orbital_coeff(
        mf.mol,
        f1,
        caoas[:, act_inds] @ solver_base.mo_coeff,
        ene=solver_base.mo_energy,
        occ=solver_base.mo_occ,
    )

# avas
# ao_labels = ["Co 3d"]
# ncasorb, ncaselec, casorbind = avas.avas(solver_base, ao_labels, canonicalize=False)

# ncasorb = 5
# ncaselec = 7
# casorbind = [40, 41, 55, 56, 57]  # F-style

casinfo_fname = title + "_cas_info"


if not os.path.isfile(casinfo_fname):
    print("Failed to read saved CAS briefings.")
    exit()


ncasorb, ncaselec, casorbind, statelis = read_cas_info(casinfo_fname)

solver = sacasscf_solve_imp(
    solver_base, mf.mol, ncasorb, ncaselec, casorbind, statelis=statelis
)

mc = solver.copy()
fcidump.from_integrals(
    "FCIDUMP",
    solver.get_h1eff()[0],
    solver.get_h2eff(),
    solver.ncas,
    solver.nelecas,
    nuc=solver.get_h1eff()[1],
)

# dm = solver.make_rdm1()
# print("dm.shape = ", dm.shape)

# casinfo_fname_large = title + "_cas_info_large"

# if not os.path.isfile(casinfo_fname_large):
#     print("Failed to read saved Large CAS briefings.")
#     exit()
# ncasorb_large, ncaselec_large, casorbind_large, statelis_large = read_cas_info(
#     casinfo_fname
# )
# solver.ncas = ncasorb_large
# solver.nelecas = ncaselec_large
# solver.mo_coeff = solver.sort_mo(casorbind_large, solver.mo_coeff)
# fcidump.from_integrals(
#     "FCIDUMP_1",
#     solver.get_h1eff()[0],
#     solver.get_h2eff(),
#     solver.ncas,
#     solver.nelecas,
#     nuc=mc.get_h1eff()[1],
# )

# with open("cas.molden", "w") as f1:
#     molden.header(mol, f1)
#     molden.orbital_coeff(
#         mol,
#         f1,
#         caoas[:, act_inds] @ solver.mo_coeff,
#         ene=solver_base.mo_energy,
#         occ=solver_base.mo_occ,
#     )


uos = caoas.shape[0] - asorbs[-1]
dm_uo = caoas[:, uos:] @ caoas[:, uos:].conj().T * 2
mo_cas = caoas[:, act_inds] @ mc.mo_coeff[:, mc.ncore : mc.ncore + mc.ncas]
print("mo_cas.shape = ", mo_cas.shape)
sodm1_act = reduce(
    np.dot, [caoas[:, act_inds], mc.make_rdm1(), caoas[:, act_inds].conj().T]
)
sodm1 = sodm1_act + dm_uo

# soc integral
# breit-pauli amfi
# amfi = True
# hso1e = mol.intor_asymmetric("int1e_pnucxp", 3)
# vj, vk = get_bp_hso2e_amfi(mol, sodm1) if amfi else get_bp_hso2e(mol, sodm1)
# hso2e = vj - vk * 1.5
# hsoao = 1.0j * (nist.ALPHA**2 / 2) * (hso1e + hso2e)
# print("hsoao.shape = ", hsoao.shape)

# hso = np.asarray([reduce(np.dot, (mo_cas.T, x.T, mo_cas)) for x in hsoao])
# print("hso.shape = ", hso.shape)
# # Save each component of hso (shape: 3 x nao x nao) to separate binary files as complex128
# hso[0].astype(np.complex128).tofile("hso_x.bin")
# hso[1].astype(np.complex128).tofile("hso_y.bin")
# hso[2].astype(np.complex128).tofile("hso_z.bin")

# x2camf
from mycamf import x2camf
import os

xmol, ctr = mf.with_x2c.get_xmol(mol)
xdmao = ctr @ sodm1 @ ctr.conj().T
print("sodm1.shape = ", sodm1.shape)
print("xdmao.shape = ", xdmao.shape)
x = mf.with_x2c.get_xmat()
r = mf.with_x2c._get_rmat(x=x)
hso1e = xmol.intor_asymmetric("int1e_pnucxp", 3)
hso1e = np.einsum(
    "pq,qr,irs,sk,kl->ipl", r.conj().T, x.conj().T, hso1e, x, r, optimize=True
)

hso2e = x2camf.amfi(mf.with_x2c, printLevel=1)

hso2e = hso2e / (nist.ALPHA**2 / 4)
sphsp = xmol.sph2spinor_coeff()
p_repr = np.einsum("ixp,pq,jyq->ijxy", sphsp, hso2e, sphsp.conj(), optimize=True)
hso2e = (p_repr[0, np.array([1, 1, 0])] * np.array([-1j, 1, -1j])[:, None, None]).real

s22 = xmol.intor_symmetric("int1e_ovlp")
s21 = gto.intor_cross("int1e_ovlp", xmol, mol)
c = cho_solve(s22, s21)
hso1e = c.conj().T @ hso1e @ c
hso2e = c.conj().T @ hso2e @ c
print("hso1e.shape = ", hso1e.shape)
print("hso2e.shape = ", hso2e.shape)
hsoao = (1j * nist.ALPHA**2 / 2) * (hso1e + hso2e)

hso = np.asarray([reduce(np.dot, (mo_cas.T.conj(), i.T, mo_cas)) for i in hsoao])
print("hso.shape = ", hso.shape)
# Save each component of hso (shape: 3 x nao x nao) to separate binary files as complex128
hso_labels = ["x", "y", "z"]
for i, label in enumerate(hso_labels):
    with open(f"hso_{label}.bin", "wb") as f:
        # 先写入shape信息（int32），再写入数据（complex128）
        shape = np.array(hso[i].shape, dtype=np.int32)
        f.write(shape.tobytes())
        f.write(hso[i].astype(np.complex128).tobytes())
        # print(hso[i])
#INFO: ******************** input file end ********************


System: uname_result(system='Linux', node='fat02', release='5.15.0-133-generic', version='#144-Ubuntu SMP Fri Feb 7 20:47:38 UTC 2025', machine='x86_64')  Threads 16
Python 3.13.2 | packaged by Anaconda, Inc. | (main, Feb  6 2025, 18:56:02) [GCC 11.2.0]
numpy 2.2.6  scipy 1.15.3  h5py 3.13.0
Date: Thu Jun 26 16:19:43 2025
PySCF version 2.9.0
PySCF path  /home/Yxwxwx/.conda/envs/my_pyscf/lib/python3.13/site-packages/pyscf

[CONFIG] conf_file None
[INPUT] verbose = 4
[INPUT] num. atoms = 49
[INPUT] num. electrons = 257
[INPUT] charge = -2
[INPUT] spin (= nelec alpha-beta = 2S) = 3
[INPUT] symmetry 0 subgroup None
[INPUT] Mole.unit = angstrom
[INPUT] Symbol           X                Y                Z      unit          X                Y                Z       unit  Magmom
[INPUT]  1 Co     1.506499000000  10.764206000000   0.414024000000 AA    2.846870516931  20.341401288400   0.782391968997 Bohr   0.0
[INPUT]  2 S      0.900702000000  12.969251000000   0.863740000000 AA    1.702080099848  24.508332430742   1.632232042832 Bohr   0.0
[INPUT]  3 S     -0.630821000000   9.850987000000   0.263627000000 AA   -1.192078923624  18.615667486651   0.498182829041 Bohr   0.0
[INPUT]  4 S      2.753892000000  10.415545000000  -1.502746000000 AA    5.204101656631  19.682527488083  -2.839778374786 Bohr   0.0
[INPUT]  5 S      3.027943000000   9.878195000000   1.923416000000 AA    5.721982990794  18.667083155048   3.634729463606 Bohr   0.0
[INPUT]  6 C      2.377311000000  13.975173000000   0.913216000000 AA    4.492466702916  26.409249513416   1.725728132571 Bohr   0.0
[INPUT]  7 C      2.276518000000  15.365718000000   0.836418000000 AA    4.301995537643  29.036998727300   1.580600945656 Bohr   0.0
[INPUT]  8 H      1.444112000000  15.762234000000   0.713835000000 AA    2.728976173198  29.786305371308   1.348952648129 Bohr   0.0
[INPUT]  9 C      3.399137000000  16.154649000000   0.937832000000 AA    6.423437989876  30.527862248479   1.772245630853 Bohr   0.0
[INPUT] 10 H      3.312247000000  17.078944000000   0.888601000000 AA    6.259239686912  32.274526656784   1.679212524015 Bohr   0.0
[INPUT] 11 C      4.645140000000  15.606362000000   1.112844000000 AA    8.778042410262  29.491749980819   2.102970379365 Bohr   0.0
[INPUT] 12 H      5.397607000000  16.149181000000   1.179058000000 AA   10.199998958035  30.517529226030   2.228096704977 Bohr   0.0
[INPUT] 13 C      4.758096000000  14.244532000000   1.186689000000 AA    8.991498314389  26.918264252603   2.242517205034 Bohr   0.0
[INPUT] 14 H      5.597454000000  13.867157000000   1.321825000000 AA   10.577655054851  26.205128856345   2.497887234603 Bohr   0.0
[INPUT] 15 C      3.649380000000  13.407744000000   1.065829000000 AA    6.896328724465  25.336964108280   2.014124905619 Bohr   0.0
[INPUT] 16 H      3.753648000000  12.483449000000   1.085522000000 AA    7.093366688021  23.590299699976   2.051339282190 Bohr   0.0
[INPUT] 17 C     -0.483108000000   8.032887000000   0.187074000000 AA   -0.912941808586  15.179956419579   0.353518625027 Bohr   0.0
[INPUT] 18 C     -1.603989000000   7.293178000000   0.071383000000 AA   -3.031099916815  13.782108997703   0.134894319950 Bohr   0.0
[INPUT] 19 H     -2.422493000000   7.725245000000  -0.019692000000 AA   -4.577848308676  14.598597295166  -0.037212486845 Bohr   0.0
[INPUT] 20 C     -1.574447000000   5.919042000000   0.086153000000 AA   -2.975273627643  11.185368299798   0.162805574810 Bohr   0.0
[INPUT] 21 H     -2.366884000000   5.440487000000   0.000000000000 AA   -4.472762528615  10.281030414257   0.000000000000 Bohr   0.0
[INPUT] 22 C     -0.364938000000   5.235392000000   0.231381000000 AA   -0.689632872447   9.893457034739   0.437246720428 Bohr   0.0
[INPUT] 23 H     -0.335395000000   4.306995000000   0.285534000000 AA   -0.633804693548   8.139040969871   0.539581059252 Bohr   0.0
[INPUT] 24 C      0.776797000000   5.988774000000   0.292919000000 AA    1.467933584384  11.317142681916   0.553536686681 Bohr   0.0
[INPUT] 25 H      1.598776000000   5.558075000000   0.347072000000 AA    3.021248774528  10.503239529792   0.655871025505 Bohr   0.0
[INPUT] 26 C      0.738565000000   7.384787000000   0.273226000000 AA    1.395685575189  13.955224918248   0.516322310110 Bohr   0.0
[INPUT] 27 H      1.527526000000   7.875648000000   0.319995000000 AA    2.886605788152  14.882817773479   0.604702911230 Bohr   0.0
[INPUT] 28 C      2.008897000000  11.246043000000  -2.857063000000 AA    3.796265142460  21.251941255082  -5.399066590628 Bohr   0.0
[INPUT] 29 C      0.792437000000  11.947467000000  -2.723896000000 AA    1.497488900972  22.577440512279  -5.147417431798 Bohr   0.0
[INPUT] 30 H      0.359725000000  11.969345000000  -1.900278000000 AA    0.679781730159  22.618783940432  -3.591004980536 Bohr   0.0
[INPUT] 31 C      0.238079000000  12.605139000000  -3.809910000000 AA    0.449904106010  23.820260472074  -7.199686459242 Bohr   0.0
[INPUT] 32 H     -0.559572000000  13.071388000000  -3.704557000000 AA   -1.057437826975  24.701343387926  -7.000598142840 Bohr   0.0
[INPUT] 33 C      0.851522000000  12.577793000000  -5.050260000000 AA    1.609143369042  23.768584021472  -9.543608257846 Bohr   0.0
[INPUT] 34 H      0.465730000000  13.018063000000  -5.772218000000 AA    0.880102147994  24.600573742334 -10.907911151285 Bohr   0.0
[INPUT] 35 C      2.036702000000  11.896878000000  -5.208288000000 AA    3.848808977354  22.481841157363  -9.842237897859 Bohr   0.0
[INPUT] 36 H      2.450298000000  11.872266000000  -6.040521000000 AA    4.630392143570  22.435331217986 -11.414930339684 Bohr   0.0
[INPUT] 37 C      2.615389000000  11.247410000000  -4.127935000000 AA    4.942368919200  21.254524510694  -7.800666610006 Bohr   0.0
[INPUT] 38 H      3.423466000000  10.801671000000  -4.246087000000 AA    6.469413136760  20.412199877657  -8.023941531076 Bohr   0.0
[INPUT] 39 C      2.286945000000   9.211500000000   3.375947000000 AA    4.321699711943  17.407212196431   6.379615241047 Bohr   0.0
[INPUT] 40 C      3.044626000000   9.114422000000   4.556237000000 AA    5.753509291730  17.223761363711   8.610040088610 Bohr   0.0
[INPUT] 41 H      3.906575000000   9.464451000000   4.578390000000 AA    7.382356835073  17.885220309366   8.651903191447 Bohr   0.0
[INPUT] 42 C      2.530237000000   8.503239000000   5.693449000000 AA    4.781454960241  16.068792881720  10.759059314179 Bohr   0.0
[INPUT] 43 H      3.049839000000   8.432139000000   6.461437000000 AA    5.763360434017  15.934433354264  12.210346301131 Bohr   0.0
[INPUT] 44 C      1.239051000000   8.001440000000   5.679173000000 AA    2.341467044368  15.120530202140  10.732081584025 Bohr   0.0
[INPUT] 45 H      0.886278000000   7.585780000000   6.431899000000 AA    1.674822690227  14.335046641203  12.154527570864 Bohr   0.0
[INPUT] 46 C      0.479633000000   8.125864000000   4.519314000000 AA    0.906375010304  15.355657485463   8.540265730913 Bohr   0.0
[INPUT] 47 H     -0.391005000000   7.797712000000   4.514391000000 AA   -0.738892363336  14.735540078234   8.530962609201 Bohr   0.0
[INPUT] 48 C      0.962741000000   8.709702000000   3.404255000000 AA    1.819316818890  16.458951406577   6.433109608181 Bohr   0.0
[INPUT] 49 H      0.424023000000   8.782168000000   2.648574000000 AA    0.801287340516  16.595892299919   5.005079480644 Bohr   0.0

nuclear repulsion = 3883.49561326911
number of shells = 251
number of NR pGTOs = 1072
number of NR cGTOs = 569
basis = {'default': 'def2tzvp', 'C': '6-31G*', 'H': '6-31G*'}
ecp = {}
CPU time:         2.09


******** <class 'pyscf.x2c.sfx2c1e.sfX2C1eROHF'> ********
method = sfX2C1eROHF
initial guess = chk
damping factor = 0
level_shift factor = 0.0
DIIS = <class 'liblan.utils.rdiis.tag_rdiis_.<locals>.RDIIS'>
diis_start_cycle = 1
diis_space = 8
diis_damp = 0
SCF conv_tol = 1e-09
SCF conv_tol_grad = None
SCF max_cycles = 100
direct_scf = True
direct_scf_tol = 1e-13
chkfile to save SCF result = CoSPh4_rohf.chk
max_memory 200000 MB (current use 137 MB)
num. doubly occ = 127  num. singly occ = 3


******** <class 'pyscf.x2c.sfx2c1e.SpinFreeX2CHelper'> ********
approx = 1e
xuncontract = 1
Set gradient conv threshold to 3.16228e-05
init E= -3904.54016516839
  HOMO = 0.119771140521185  LUMO = 0.343093707675977
cycle= 1 E= -3904.54016516573  delta_E= 2.66e-09  |g|= 6.5e-05  |ddm|= 0.000101
----------SDDIS-Entropy 0.022
  HOMO = 0.119746083648468  LUMO = 0.343093379003689
cycle= 2 E= -3904.54016515198  delta_E= 1.38e-08  |g|= 0.000146  |ddm|= 0.000227
----------SDDIS-Entropy 0.022
  HOMO = 0.119763166464887  LUMO = 0.343093593347535
cycle= 3 E= -3904.54016516906  delta_E= -1.71e-08  |g|= 3e-06  |ddm|= 0.000159
----------SDDIS-Entropy 0.022
  HOMO = 0.119763353759237  LUMO = 0.34309360136198
cycle= 4 E= -3904.54016516907  delta_E= -1.18e-11  |g|= 1.58e-06  |ddm|= 3.17e-06
  HOMO = 0.119763247601772  LUMO = 0.343093602697626
Extra cycle  E= -3904.54016516907  delta_E= -3.64e-12  |g|= 1.72e-06  |ddm|= 2.96e-06
converged SCF energy = -3904.54016516907
nao =  569
nelec =  (130, 127)
imp_inds.shape (45,)
caoas.shape =  (569, 569)
asorbs =  (np.int64(394), np.int64(53), np.int64(77))
Entanglement S: 0.022
nimp =  45
act_inds =  [0, 1, 2, 3, 4, 5, 6, 7, 8, 9, 10, 11, 12, 13, 14, 15, 16, 17, 18, 19, 20, 21, 22, 23, 24, 25, 26, 27, 28, 29, 30, 31, 32, 33, 34, 35, 36, 37, 38, 39, 40, 41, 42, 43, 44, 439, 440, 441, 442, 443, 444, 445, 446, 447, 448, 449, 450, 451, 452, 453, 454, 455, 456, 457, 458, 459, 460, 461, 462, 463, 464, 465, 466, 467, 468, 469, 470, 471, 472, 473, 474, 475, 476, 477, 478, 479, 480, 481, 482, 483, 484, 485, 486, 487, 488, 489, 490, 491]
nao =  98
nelec =  (53, 50)


******** <class 'pyscf.x2c.sfx2c1e.sfX2C1eROHF'> ********
method = sfX2C1eROHF
initial guess = 1e
damping factor = 0
level_shift factor = 0.2
DIIS = <class 'pyscf.scf.diis.CDIIS'>
diis_start_cycle = 1
diis_space = 8
diis_damp = 0
SCF conv_tol = 1e-09
SCF conv_tol_grad = None
SCF max_cycles = 1000
direct_scf = True
direct_scf_tol = 1e-13
chkfile to save SCF result = /home/Yxwxwx/code/dmet/test/1/tmp_63691/tmpy0z29af9
max_memory 200000 MB (current use 105857 MB)
num. doubly occ = 50  num. singly occ = 3


******** <class 'pyscf.x2c.sfx2c1e.SpinFreeX2CHelper'> ********
approx = 1e
xuncontract = 1
Set gradient conv threshold to 3.16228e-05
init E= -2296.4191147707
  HOMO = 1.41013082225217  LUMO = 1.44682111812027
cycle= 1 E= -2380.39880351378  delta_E=  -84  |g|= 4.78  |ddm|= 10.1

WARN: HOMO -0.275662878969951 >= LUMO -0.291131683082873

cycle= 2 E= -2354.26825926026  delta_E= 26.1  |g|= 15.8  |ddm|=  5.7

WARN: HOMO 0.0311870498548317 >= LUMO -0.0391975125054498

cycle= 3 E= -2374.34651090442  delta_E= -20.1  |g|= 10.5  |ddm|= 2.36
  HOMO = 0.053038391208668  LUMO = 0.13239301571668
cycle= 4 E= -2381.38197623921  delta_E= -7.04  |g|= 7.92  |ddm|= 1.67
  HOMO = -0.0169883443220977  LUMO = 0.409218908604958
cycle= 5 E= -2384.49787589137  delta_E= -3.12  |g|=  6.2  |ddm|= 0.74
  HOMO = 0.0670786676308217  LUMO = 0.581184147938177
cycle= 6 E= -2387.37262499949  delta_E= -2.87  |g|= 4.12  |ddm|= 0.845
  HOMO = 0.153930793009028  LUMO = 0.732856141553168
cycle= 7 E= -2389.00937587057  delta_E= -1.64  |g|= 2.41  |ddm|=  0.8
  HOMO = 0.26750064191859  LUMO = 0.775124949004112
cycle= 8 E= -2389.98032033277  delta_E= -0.971  |g|= 0.934  |ddm|= 0.93
  HOMO = 0.44209066008092  LUMO = 0.802183031639553
cycle= 9 E= -2390.41851299098  delta_E= -0.438  |g|= 0.24  |ddm|= 1.01
  HOMO = 0.365077909769897  LUMO = 0.809814893656764
cycle= 10 E= -2390.54969357467  delta_E= -0.131  |g|= 0.469  |ddm|= 0.774
  HOMO = 0.309943911036297  LUMO = 0.804913121672803
cycle= 11 E= -2390.60672460833  delta_E= -0.057  |g|= 0.491  |ddm|= 0.365
  HOMO = 0.283182861959734  LUMO = 0.799584780175062
cycle= 12 E= -2390.64068987594  delta_E= -0.034  |g|= 0.393  |ddm|= 0.198
  HOMO = 0.218310998512276  LUMO = 0.782688616807268
cycle= 13 E= -2390.67576125978  delta_E= -0.0351  |g|= 0.105  |ddm|= 0.278
  HOMO = 0.209389533740767  LUMO = 0.7787381147136
cycle= 14 E= -2390.68115163403  delta_E= -0.00539  |g|= 0.0244  |ddm|= 0.148
  HOMO = 0.22032885600727  LUMO = 0.781011396091859
cycle= 15 E= -2390.68150593794  delta_E= -0.000354  |g|= 0.0163  |ddm|= 0.0441
  HOMO = 0.219893120815665  LUMO = 0.781614430793094
cycle= 16 E= -2390.6817678035  delta_E= -0.000262  |g|= 0.00919  |ddm|= 0.0307
  HOMO = 0.221497871735012  LUMO = 0.781784974239153
cycle= 17 E= -2390.68185781497  delta_E= -9e-05  |g|= 0.00975  |ddm|= 0.0305
  HOMO = 0.22048598434322  LUMO = 0.781546987328872
cycle= 18 E= -2390.68199967036  delta_E= -0.000142  |g|= 0.00647  |ddm|= 0.0161
  HOMO = 0.219556364523036  LUMO = 0.781399576209368
cycle= 19 E= -2390.6821587565  delta_E= -0.000159  |g|= 0.00468  |ddm|= 0.0248
  HOMO = 0.219322711503025  LUMO = 0.781398337036101
cycle= 20 E= -2390.68232517582  delta_E= -0.000166  |g|= 0.00396  |ddm|= 0.0332
  HOMO = 0.219066961857022  LUMO = 0.781382635922777
cycle= 21 E= -2390.68242662772  delta_E= -0.000101  |g|= 0.00324  |ddm|= 0.0247
  HOMO = 0.218737719037479  LUMO = 0.781363802897485
cycle= 22 E= -2390.68251592152  delta_E= -8.93e-05  |g|= 0.00277  |ddm|= 0.0251
  HOMO = 0.218754527875484  LUMO = 0.781377478960797
cycle= 23 E= -2390.6825615915  delta_E= -4.57e-05  |g|= 0.00269  |ddm|= 0.0134
  HOMO = 0.2188526889834  LUMO = 0.78140022553059
cycle= 24 E= -2390.68260898647  delta_E= -4.74e-05  |g|= 0.00259  |ddm|= 0.0143
  HOMO = 0.218776414749994  LUMO = 0.781406150588979
cycle= 25 E= -2390.6826907495  delta_E= -8.18e-05  |g|= 0.00236  |ddm|= 0.0251
  HOMO = 0.21904328249963  LUMO = 0.781431323834298
cycle= 26 E= -2390.68284579399  delta_E= -0.000155  |g|= 0.00228  |ddm|= 0.0521
  HOMO = 0.218963153674335  LUMO = 0.781428834282179
cycle= 27 E= -2390.68286195985  delta_E= -1.62e-05  |g|= 0.0023  |ddm|= 0.0062
  HOMO = 0.219363504956339  LUMO = 0.781450033758667
cycle= 28 E= -2390.68296288768  delta_E= -0.000101  |g|= 0.0022  |ddm|= 0.0391
  HOMO = 0.219227458473256  LUMO = 0.781461435486345
cycle= 29 E= -2390.68301284035  delta_E= -5e-05  |g|= 0.00199  |ddm|= 0.0201
  HOMO = 0.219089803684055  LUMO = 0.781490371895869
cycle= 30 E= -2390.68309034869  delta_E= -7.75e-05  |g|= 0.00184  |ddm|= 0.0327
  HOMO = 0.219236532582551  LUMO = 0.781505729318293
cycle= 31 E= -2390.68315528314  delta_E= -6.49e-05  |g|= 0.00186  |ddm|= 0.0301
  HOMO = 0.218800498470857  LUMO = 0.781520287810872
cycle= 32 E= -2390.6832345572  delta_E= -7.93e-05  |g|= 0.00214  |ddm|= 0.0365
  HOMO = 0.219194666795262  LUMO = 0.781534711060193
cycle= 33 E= -2390.68325042124  delta_E= -1.59e-05  |g|= 0.00177  |ddm|= 0.0098
  HOMO = 0.219339636060544  LUMO = 0.781544183210646
cycle= 34 E= -2390.68326781503  delta_E= -1.74e-05  |g|= 0.00183  |ddm|= 0.00929
  HOMO = 0.21904604584675  LUMO = 0.781574385277543
cycle= 35 E= -2390.68337093801  delta_E= -0.000103  |g|= 0.00194  |ddm|= 0.0505
  HOMO = 0.219120547248054  LUMO = 0.781583911632322
cycle= 36 E= -2390.68342450615  delta_E= -5.36e-05  |g|= 0.00164  |ddm|= 0.0304
  HOMO = 0.219201765424637  LUMO = 0.781612006490357
cycle= 37 E= -2390.68349896423  delta_E= -7.45e-05  |g|= 0.00184  |ddm|= 0.0428
  HOMO = 0.219284365869163  LUMO = 0.781619382114014
cycle= 38 E= -2390.68352825161  delta_E= -2.93e-05  |g|= 0.00167  |ddm|= 0.0192
  HOMO = 0.219260474191141  LUMO = 0.781630773774989
cycle= 39 E= -2390.68358864666  delta_E= -6.04e-05  |g|= 0.00165  |ddm|= 0.0396
  HOMO = 0.219217696061642  LUMO = 0.781663924921258
cycle= 40 E= -2390.6836893573  delta_E= -0.000101  |g|= 0.00278  |ddm|= 0.0787
  HOMO = 0.219234461404807  LUMO = 0.781668154356066
cycle= 41 E= -2390.68372286659  delta_E= -3.35e-05  |g|= 0.00129  |ddm|= 0.0292
  HOMO = 0.219519917136464  LUMO = 0.781716651198655
cycle= 42 E= -2390.68377477257  delta_E= -5.19e-05  |g|= 0.00415  |ddm|= 0.0727
  HOMO = 0.219594489337896  LUMO = 0.781730041536405
cycle= 43 E= -2390.68380221257  delta_E= -2.74e-05  |g|= 0.0042  |ddm|= 0.0503
  HOMO = 0.219702399171358  LUMO = 0.781731414163687
cycle= 44 E= -2390.68379617815  delta_E= 6.03e-06  |g|= 0.00533  |ddm|= 0.0064
  HOMO = 0.219655846390596  LUMO = 0.781725158097801
cycle= 45 E= -2390.68379966677  delta_E= -3.49e-06  |g|= 0.00404  |ddm|= 0.00751
  HOMO = 0.219656856584336  LUMO = 0.781725157568545
cycle= 46 E= -2390.6838102264  delta_E= -1.06e-05  |g|= 0.00366  |ddm|= 0.0167
  HOMO = 0.219655260233639  LUMO = 0.781718515216986
cycle= 47 E= -2390.68381660432  delta_E= -6.38e-06  |g|= 0.00227  |ddm|= 0.00306
  HOMO = 0.219650379386177  LUMO = 0.781715826106697
cycle= 48 E= -2390.68382165135  delta_E= -5.05e-06  |g|= 0.000662  |ddm|= 0.00437
  HOMO = 0.219734588197272  LUMO = 0.781727246647975
cycle= 49 E= -2390.68383014191  delta_E= -8.49e-06  |g|= 0.00111  |ddm|= 0.0254
  HOMO = 0.21975735648237  LUMO = 0.781730556318144
cycle= 50 E= -2390.68383474028  delta_E= -4.6e-06  |g|= 0.000972  |ddm|= 0.0193
  HOMO = 0.21974954756955  LUMO = 0.781730062223291
cycle= 51 E= -2390.68383531194  delta_E= -5.72e-07  |g|= 0.000369  |ddm|= 0.00178
  HOMO = 0.219792845716782  LUMO = 0.78173541562011
cycle= 52 E= -2390.68383811263  delta_E= -2.8e-06  |g|= 0.000752  |ddm|= 0.0193
  HOMO = 0.219815760807213  LUMO = 0.781737120716992
cycle= 53 E= -2390.6838391523  delta_E= -1.04e-06  |g|= 0.000859  |ddm|= 0.0191
  HOMO = 0.219792811227944  LUMO = 0.781735282889108
cycle= 54 E= -2390.68383953091  delta_E= -3.79e-07  |g|= 0.000471  |ddm|= 0.00864
  HOMO = 0.219791017307066  LUMO = 0.781734982613471
cycle= 55 E= -2390.68383975555  delta_E= -2.25e-07  |g|= 0.000329  |ddm|= 0.00362
  HOMO = 0.219774716570811  LUMO = 0.781733902808037
cycle= 56 E= -2390.68383999875  delta_E= -2.43e-07  |g|= 0.000386  |ddm|= 0.00379
  HOMO = 0.219793781252021  LUMO = 0.781737073995148
cycle= 57 E= -2390.68384006907  delta_E= -7.03e-08  |g|= 0.000251  |ddm|= 0.000299
  HOMO = 0.219787490176207  LUMO = 0.78173641356911
cycle= 58 E= -2390.68383989378  delta_E= 1.75e-07  |g|= 0.000209  |ddm|= 0.00396
  HOMO = 0.219791171025463  LUMO = 0.781736365243229
cycle= 59 E= -2390.68383958572  delta_E= 3.08e-07  |g|= 0.000257  |ddm|= 0.00481
  HOMO = 0.219789362714695  LUMO = 0.781736600998777
cycle= 60 E= -2390.68383959712  delta_E= -1.14e-08  |g|= 0.000163  |ddm|= 0.00129
  HOMO = 0.219780686022494  LUMO = 0.781735647496346
cycle= 61 E= -2390.68383981909  delta_E= -2.22e-07  |g|= 0.000114  |ddm|= 0.00239
  HOMO = 0.219783599388337  LUMO = 0.781735374000556
cycle= 62 E= -2390.68383980726  delta_E= 1.18e-08  |g|= 0.000107  |ddm|= 0.000379
  HOMO = 0.219788542491133  LUMO = 0.781735823138109
cycle= 63 E= -2390.6838398605  delta_E= -5.32e-08  |g|= 0.000102  |ddm|= 0.000507
  HOMO = 0.219787680722761  LUMO = 0.781735455314011
cycle= 64 E= -2390.68383988895  delta_E= -2.85e-08  |g|= 0.000115  |ddm|= 0.00133
  HOMO = 0.219790831301072  LUMO = 0.781735596053957
cycle= 65 E= -2390.68384006218  delta_E= -1.73e-07  |g|= 7.76e-05  |ddm|= 0.00164
  HOMO = 0.219787385621808  LUMO = 0.781735112988567
cycle= 66 E= -2390.68384032791  delta_E= -2.66e-07  |g|= 0.000103  |ddm|= 0.00308
  HOMO = 0.219787752322556  LUMO = 0.781734968766191
cycle= 67 E= -2390.68384029501  delta_E= 3.29e-08  |g|= 7.61e-05  |ddm|= 0.000508
  HOMO = 0.219789917045631  LUMO = 0.781734679590206
cycle= 68 E= -2390.68384043643  delta_E= -1.41e-07  |g|= 7.05e-05  |ddm|= 0.00199
  HOMO = 0.219790511790757  LUMO = 0.781734887812075
cycle= 69 E= -2390.68384054937  delta_E= -1.13e-07  |g|= 7.15e-05  |ddm|= 0.00181
  HOMO = 0.219786341954546  LUMO = 0.781734429043795
cycle= 70 E= -2390.68384056264  delta_E= -1.33e-08  |g|= 5.02e-05  |ddm|= 0.000237
  HOMO = 0.219782003665775  LUMO = 0.781733863838855
cycle= 71 E= -2390.68384067289  delta_E= -1.1e-07  |g|= 7.52e-05  |ddm|= 0.00213
  HOMO = 0.219781024699418  LUMO = 0.781733853367209
cycle= 72 E= -2390.68384070691  delta_E= -3.4e-08  |g|= 4.77e-05  |ddm|= 0.000834
  HOMO = 0.219777577187466  LUMO = 0.781733833290396
cycle= 73 E= -2390.68384075374  delta_E= -4.68e-08  |g|= 4.44e-05  |ddm|= 0.00112
  HOMO = 0.219774750773678  LUMO = 0.781733603243424
cycle= 74 E= -2390.68384078926  delta_E= -3.55e-08  |g|= 3.77e-05  |ddm|= 0.000907
  HOMO = 0.219772037779824  LUMO = 0.781733442363779
cycle= 75 E= -2390.68384081164  delta_E= -2.24e-08  |g|= 3.2e-05  |ddm|= 0.000616
  HOMO = 0.219769669263665  LUMO = 0.781733337422173
cycle= 76 E= -2390.68384085231  delta_E= -4.07e-08  |g|= 4.48e-05  |ddm|= 0.00124
  HOMO = 0.219769783783682  LUMO = 0.781733381621837
cycle= 77 E= -2390.68384086111  delta_E= -8.79e-09  |g|= 2.48e-05  |ddm|= 0.000268
  HOMO = 0.219767998687677  LUMO = 0.78173337338471
cycle= 78 E= -2390.68384088881  delta_E= -2.77e-08  |g|= 3.61e-05  |ddm|= 0.00107
  HOMO = 0.21976743186109  LUMO = 0.781733242828012
cycle= 79 E= -2390.6838408997  delta_E= -1.09e-08  |g|= 2.43e-05  |ddm|= 0.000613
  HOMO = 0.219766680701919  LUMO = 0.781733147607777
cycle= 80 E= -2390.68384090016  delta_E= -4.61e-10  |g|= 2.01e-05  |ddm|= 5.68e-05
  HOMO = 0.119769577680264  LUMO = 0.581733453127927
Extra cycle  E= -2390.68384090117  delta_E= -1.01e-09  |g|= 2.17e-05  |ddm|= 6.09e-05
converged SCF energy = -2390.68384090117
Attempting SA-DMRGSCF with
40 states with spin multiplicity 2
10 states with spin multiplicity 4

******** <class 'pyscf.mcscf.addons.StateAverageCASSCF'> ********
CAS (5e+2e, 5o), ncore = 48, nvir = 45
max_cycle_macro = 50
max_cycle_micro = 4
conv_tol = 1e-07
conv_tol_grad = None
orbital rotation max_stepsize = 0.02
orbital rotation threshold for CI restart = 0.01
augmented hessian ah_max_cycle = 30
augmented hessian ah_conv_tol = 1e-12
augmented hessian ah_linear dependence = 1e-14
augmented hessian ah_level shift = 1e-08
augmented hessian ah_start_tol = 2.5
augmented hessian ah_start_cycle = 3
augmented hessian ah_grad_trust_region = 3
kf_trust_region = 3
kf_interval = 4
ci_response_space = 4
ci_grad_trust_region = 3
with_dep4 0
natorb = False
canonicalization = True
sorting_mo_energy = False
ao2mo_level = 2
chkfile = /home/Yxwxwx/code/dmet/test/1/tmp_63691/tmpy0z29af9
max_memory 200000 MB (current use 105857 MB)
internal_rotation = False

******** Block flags ********
executable             = /home/Yxwxwx/.conda/envs/my_pyscf/bin/block2main
BLOCKEXE_COMPRESS_NEVPT= /path/to/serially/compiled/Block/block.spin_adapted
Block version          = 2.0
mpiprefix              = 
scratchDirectory       = /home/Yxwxwx/code/dmet/test/1/tmp_63691/1
integralFile           = /home/Yxwxwx/code/dmet/test/1/tmp_63691/1/FCIDUMP
configFile             = /home/Yxwxwx/code/dmet/test/1/tmp_63691/1/dmrg.conf
outputFile             = /home/Yxwxwx/code/dmet/test/1/tmp_63691/1/dmrg.out
maxIter                = 38
scheduleSweeps         = [0, 4, 8, 12, 14, 16, 18, 20, 22, 24, 26]
scheduleMaxMs          = [200, 400, 800, 1500, 1500, 1500, 1500, 1500, 1500, 1500, 1500]
scheduleTols           = [0.0001, 0.0001, 0.0001, 0.0001, 1e-05, 1.0000000000000002e-06, 1.0000000000000002e-07, 1.0000000000000002e-08, 1.0000000000000003e-09, 1.0000000000000003e-10, 1.0000000000000001e-11]
scheduleNoises         = [0.0001, 0.0001, 0.0001, 0.0001, 1e-05, 1.0000000000000002e-06, 1.0000000000000002e-07, 1.0000000000000002e-08, 1.0000000000000003e-09, 1.0000000000000003e-10, 0.0]
twodot_to_onedot       = 30
tol                    = 1e-10
maxM                   = 1500
dmrg switch tol        = 0.001
wfnsym                 = 1
fullrestart            = False
num_thrds              = 16
memory                 = 200

State-average over 50 states with weights [0.02 0.02 0.02 0.02 0.02 0.02 0.02 0.02 0.02 0.02 0.02 0.02 0.02 0.02
 0.02 0.02 0.02 0.02 0.02 0.02 0.02 0.02 0.02 0.02 0.02 0.02 0.02 0.02
 0.02 0.02 0.02 0.02 0.02 0.02 0.02 0.02 0.02 0.02 0.02 0.02 0.02 0.02
 0.02 0.02 0.02 0.02 0.02 0.02 0.02 0.02]
CASCI E = -2390.39613915902  S^2 = 1.3500000
Set conv_tol_grad to 0.000316228
macro iter   1 ( 21 JK    4 micro), CASSCF E = -2390.53979791848  dE = -1.43658759e-01  S^2 = 1.3500000
               |grad[o]|=0.399  |ddm|=2.27e-15  |maxRot[o]|=0.306
macro iter   2 ( 10 JK    4 micro), CASSCF E = -2390.54684795005  dE = -7.05003156e-03  S^2 = 1.3500000
               |grad[o]|=0.159  |ddm|=2.57e-15  |maxRot[o]|=0.0534
macro iter   3 (  7 JK    3 micro), CASSCF E = -2390.54685321188  dE = -5.26183749e-06  S^2 = 1.3500000
               |grad[o]|=0.00251  |ddm|=2.83e-15  |maxRot[o]|=0.00187
macro iter   4 (  1 JK    1 micro), CASSCF E = -2390.54685321189  dE = -9.09494702e-13  S^2 = 1.3500000
               |grad[o]|=9.14e-06  |ddm|=1.81e-15  |maxRot[o]|=    0
1-step CASSCF converged in   4 macro ( 39 JK  12 micro) steps
CASSCF canonicalization
Density matrix diagonal elements [1.4 1.4 1.4 1.4 1.4]
CASSCF energy = -2390.54685321189
CASCI E = -2390.54685321189  E(CI) = -20.0508434435787  S^2 = 1.3500000
CASCI state-averaged energy = -2390.54685321188
CASCI energy for each state
  State 0 weight 0.02  E = -2390.59199005284 S^2 = 0.7500000
  State 1 weight 0.02  E = -2390.5917807842 S^2 = 0.7500000
  State 2 weight 0.02  E = -2390.5914847869 S^2 = 0.7500000
  State 3 weight 0.02  E = -2390.59095126078 S^2 = 0.7500000
  State 4 weight 0.02  E = -2390.59005742303 S^2 = 0.7500000
  State 5 weight 0.02  E = -2390.58956452702 S^2 = 0.7500000
  State 6 weight 0.02  E = -2390.58603234389 S^2 = 0.7500000
  State 7 weight 0.02  E = -2390.57916187349 S^2 = 0.7500000
  State 8 weight 0.02  E = -2390.57876604996 S^2 = 0.7500000
  State 9 weight 0.02  E = -2390.56907064812 S^2 = 0.7500000
  State 10 weight 0.02  E = -2390.56298009384 S^2 = 0.7500000
  State 11 weight 0.02  E = -2390.56263742517 S^2 = 0.7500000
  State 12 weight 0.02  E = -2390.56207026807 S^2 = 0.7500000
  State 13 weight 0.02  E = -2390.56113727784 S^2 = 0.7500000
  State 14 weight 0.02  E = -2390.5607039324 S^2 = 0.7500000
  State 15 weight 0.02  E = -2390.56051611885 S^2 = 0.7500000
  State 16 weight 0.02  E = -2390.55314929863 S^2 = 0.7500000
  State 17 weight 0.02  E = -2390.55194532888 S^2 = 0.7500000
  State 18 weight 0.02  E = -2390.55186456876 S^2 = 0.7500000
  State 19 weight 0.02  E = -2390.55023274902 S^2 = 0.7500000
  State 20 weight 0.02  E = -2390.54956289756 S^2 = 0.7500000
  State 21 weight 0.02  E = -2390.54796994988 S^2 = 0.7500000
  State 22 weight 0.02  E = -2390.54503574077 S^2 = 0.7500000
  State 23 weight 0.02  E = -2390.54462965637 S^2 = 0.7500000
  State 24 weight 0.02  E = -2390.54067181881 S^2 = 0.7500000
  State 25 weight 0.02  E = -2390.53813381107 S^2 = 0.7500000
  State 26 weight 0.02  E = -2390.53341769921 S^2 = 0.7500000
  State 27 weight 0.02  E = -2390.53096993403 S^2 = 0.7500000
  State 28 weight 0.02  E = -2390.4825901143 S^2 = 0.7500000
  State 29 weight 0.02  E = -2390.48030945359 S^2 = 0.7500000
  State 30 weight 0.02  E = -2390.47799438518 S^2 = 0.7500000
  State 31 weight 0.02  E = -2390.47722868289 S^2 = 0.7500000
  State 32 weight 0.02  E = -2390.47560144314 S^2 = 0.7500000
  State 33 weight 0.02  E = -2390.47509819673 S^2 = 0.7500000
  State 34 weight 0.02  E = -2390.47287514192 S^2 = 0.7500000
  State 35 weight 0.02  E = -2390.37590922014 S^2 = 0.7500000
  State 36 weight 0.02  E = -2390.37325881593 S^2 = 0.7500000
  State 37 weight 0.02  E = -2390.37005406321 S^2 = 0.7500000
  State 38 weight 0.02  E = -2390.3690219648 S^2 = 0.7500000
  State 39 weight 0.02  E = -2390.36586368746 S^2 = 0.7500000
  State 40 weight 0.02  E = -2390.67873081418 S^2 = 3.7500000
  State 41 weight 0.02  E = -2390.67399760966 S^2 = 3.7500000
  State 42 weight 0.02  E = -2390.66212582802 S^2 = 3.7500000
  State 43 weight 0.02  E = -2390.65840651656 S^2 = 3.7500000
  State 44 weight 0.02  E = -2390.65522219744 S^2 = 3.7500000
  State 45 weight 0.02  E = -2390.65430950495 S^2 = 3.7500000
  State 46 weight 0.02  E = -2390.64972522333 S^2 = 3.7500000
  State 47 weight 0.02  E = -2390.58552624662 S^2 = 3.7500000
  State 48 weight 0.02  E = -2390.58158700485 S^2 = 3.7500000
  State 49 weight 0.02  E = -2390.58073616 S^2 = 3.7500000
Initializing 4c-HF with Gaunt with gauge for S atom.
Maximum memory cost (2e part) in SCF and amfi calculation: 0.0255497 GB.
1e-integrals time (CPU/WALL): 0.00/0.00 seconds.
2e-Coulomb-integrals time (CPU/WALL): 1.61/0.14 seconds.
2e-Gaunt-integrals time (CPU/WALL): 0.09/0.09 seconds.
2e-gauge-integrals time (CPU/WALL): 0.50/0.50 seconds.

Start Dirac Hartree-Fock iterations...
with SCF convergence = 1e-09


SCF converges after 13 iterations.

Final DHF energy is -398.221567213695 hartree.
DHF iterations time (CPU/WALL): 0.02/0.02 seconds.
2e-SO Coulomb integrals time (CPU/WALL): 0.19/0.19 seconds.
Initializing 4c-HF with Gaunt with gauge for H atom.
Maximum memory cost (2e part) in SCF and amfi calculation: 4.57763671875e-05 GB.
1e-integrals time (CPU/WALL): 0.00/0.00 seconds.
2e-Coulomb-integrals time (CPU/WALL): 0.00/0.00 seconds.
2e-Gaunt-integrals time (CPU/WALL): 0.00/0.00 seconds.
2e-gauge-integrals time (CPU/WALL): 0.00/0.00 seconds.

Start Dirac Hartree-Fock iterations...
with SCF convergence = 1e-09

Special treatment for fractional occupation of H atom.

SCF converges after 1 iterations.

Final DHF energy is -0.340081496312782 hartree.
DHF iterations time (CPU/WALL): 0.00/0.00 seconds.
2e-SO Coulomb integrals time (CPU/WALL): 0.00/0.00 seconds.
Initializing 4c-HF with Gaunt with gauge for C atom.
Maximum memory cost (2e part) in SCF and amfi calculation: 0.00321078300476074 GB.
1e-integrals time (CPU/WALL): 0.00/0.00 seconds.
2e-Coulomb-integrals time (CPU/WALL): 0.02/0.02 seconds.
2e-Gaunt-integrals time (CPU/WALL): 0.01/0.01 seconds.
2e-gauge-integrals time (CPU/WALL): 0.06/0.06 seconds.

Start Dirac Hartree-Fock iterations...
with SCF convergence = 1e-09


SCF converges after 10 iterations.

Final DHF energy is -37.3324964757747 hartree.
DHF iterations time (CPU/WALL): 0.01/0.01 seconds.
2e-SO Coulomb integrals time (CPU/WALL): 0.03/0.03 seconds.
Initializing 4c-HF with Gaunt with gauge for CO atom.
Maximum memory cost (2e part) in SCF and amfi calculation: 0.0711967349052429 GB.
1e-integrals time (CPU/WALL): 0.00/0.00 seconds.
2e-Coulomb-integrals time (CPU/WALL): 0.39/0.39 seconds.
2e-Gaunt-integrals time (CPU/WALL): 0.27/0.27 seconds.
2e-gauge-integrals time (CPU/WALL): 1.49/1.49 seconds.

Start Dirac Hartree-Fock iterations...
with SCF convergence = 1e-09


SCF converges after 18 iterations.

Final DHF energy is -1390.51515626882 hartree.
DHF iterations time (CPU/WALL): 0.09/0.09 seconds.
2e-SO Coulomb integrals time (CPU/WALL): 0.55/0.55 seconds.
mo_cas.shape =  (569, 5)
sodm1.shape =  (569, 569)
xdmao.shape =  (1072, 1072)
hso1e.shape =  (3, 569, 569)
hso2e.shape =  (3, 569, 569)
hso.shape =  (3, 5, 5)
