#INFO: **** input file is /home/Yxwxwx/code/dmet/test/huge_ci/44/dmet_siso.py ****
from pyscf import gto, scf, ao2mo, mcscf, fci, dmrgscf, lib

# from pyscf.csf_fci import csf_solver  # TODO:
from pyscf.mcscf import avas
from pyscf.tools import molden, fcidump
from pyscf.lib import logger, cho_solve
from pyscf.data import nist
import numpy as np
import scipy
from functools import reduce
import os
import tempfile
from liblan.utils.rdiis import tag_rdiis_
import h5py

dmrgscf.settings.BLOCKEXE = os.popen("which block2main").read().strip()
dmrgscf.settings.MPIPREFIX = ""


def read_cas_info(fname):
    with open(fname, "r") as f1:
        ncasorb, ncaselec = [int(x) for x in f1.readline().split(" ")]
        casorbind = [int(x) for x in f1.readline().split(" ")]
        statelis = [int(x) for x in f1.readline().split(" ")]
    return ncasorb, ncaselec, casorbind, statelis


def sacasscf_dump_chk(solver, sav):
    # saving properties for SISO
    with h5py.File(sav, "w") as fh5:
        fh5["ncore"] = np.asarray(solver.ncore)
        fh5["ncas"] = np.asarray(solver.ncas)
        fh5["nelecas"] = np.asarray(solver.nelecas)
        fh5["mo_coeff"] = solver.mo_coeff
        fh5["rdm1"] = solver.make_rdm1()

        for i in range(len(solver.ci)):
            fh5["ci" + str(i)] = solver.ci[i]
        fh5["e_states"] = solver.e_states


def sacasscf_load_chk(solver, sav):
    with h5py.File(sav, "r") as fh5:
        solver.ncore = fh5["ncore"][()]
        solver.ncas = fh5["ncas"][()]
        solver.nelecas = fh5["nelecas"][:]

        solver.mo_coeff = fh5["mo_coeff"][:]
        rdm1 = fh5["rdm1"][:]
        solver.make_rdm1 = lambda *args: rdm1

        # solver.e_states = fh5["e_states"][:]
        # solver.ci = [fh5["ci" + str(i)][:] for i in range(len(solver.e_states))]
    return solver


def rohf_solve_imp(hcore, eris, nelec, spin, max_mem, dm0=None, verbose=logger.INFO):
    mol = gto.M()
    mol.verbose = verbose
    mol.incore_anyway = True
    mol.nelectron = nelec
    mol.spin = spin

    nao = hcore.shape[0]
    print("nao = ", nao)
    print("nelec = ", mol.nelec)

    mf = scf.rohf.ROHF(mol).x2c()
    mf.max_memory = max_mem
    mf.mo_energy = np.zeros((nao))
    mf.max_cycle = 1000
    mf.diis_space = 8
    mf.init_guess = "1e"
    mf.level_shift = 0.2

    mf.get_hcore = lambda *args: hcore
    mf.get_ovlp = lambda *args: np.eye(nao)
    mf._eri = ao2mo.restore(8, eris, nao)

    if dm0 is None:
        mf.kernel()
    else:
        if dm0.shape != hcore.shape:
            bath_size = hcore.shape[0] - dm0.shape[0]
            dm0 = scipy.linalg.block_diag(
                dm0, np.eye(bath_size) * (nelec - np.trace(dm0)) / bath_size
            )
        mf.kernel(dm0)
    return mf


def sacasscf_solve_imp(
    solver_base, mol, ncasorb, ncaselec, casorbind, statelis, avas=False
):
    solver = mcscf.CASSCF(solver_base, ncasorb, ncaselec)

    if avas:
        mo = casorbind
    else:
        mo = solver.sort_mo(casorbind)
    mcfs = []
    logger.info(solver, "Attempting SA-DMRGSCF with")
    for i in range(len(statelis)):
        if statelis[i] != 0:
            new_mcf = dmrgscf.DMRGCI(mol, maxM=1500, tol=1e-10)
            new_mcf.spin = i
            new_mcf.nroots = statelis[i]
            new_mcf.threads = 16
            new_mcf.memory = int(mol.max_memory / 1000)
            new_mcf.block_extra_keyword = [
                "real_density_matrix",
                "davidson_soft_max_iter 1600",
                "noreorder",
                "cutoff 1E-24",
            ]
            new_mcf.runtimeDir = lib.param.TMPDIR + "/%d" % i
            new_mcf.scratchDirectory = lib.param.TMPDIR + "/%d" % i
            mcfs.append(new_mcf)
            logger.info(
                solver, "%s states with spin multiplicity %s", statelis[i], i + 1
            )

    statetot = sum(statelis)
    mcscf.state_average_mix_(solver, mcfs, np.ones(statetot) / statetot)
    solver.run(mo, verbose=mol.verbose)
    return solver


def lowdin(s):
    """new basis is |mu> c^{lowdin}_{mu i}"""
    e, v = scipy.linalg.eigh(s)
    idx = e > 1e-15
    return np.dot(v[:, idx] / np.sqrt(e[idx]), v[:, idx].conj().T)


def caolo(s):
    return lowdin(s)


def cloao(s):
    return lowdin(s) @ s


def get_dmet_as_props(mf, imp_inds, lo_meth="lowdin", thres=1e-13):
    """
    Returns C(AO->AS), entropy loss, and orbital composition
    """
    s = mf.get_ovlp()
    caolo_mat, cloao_mat = caolo(s), cloao(s)
    env_inds = [x for x in range(s.shape[0]) if x not in imp_inds]

    if mf.mol.spin == 0:
        pass
    else:
        dma, dmb = mf.make_rdm1()

        ldma = reduce(np.dot, (cloao_mat, dma, cloao_mat.conj().T))
        ldmb = reduce(np.dot, (cloao_mat, dmb, cloao_mat.conj().T))

        ldma_env = ldma[env_inds, :][:, env_inds]
        ldmb_env = ldmb[env_inds, :][:, env_inds]

        nat_occa, nat_coeffa = np.linalg.eigh(ldma_env)
        nat_occb, nat_coeffb = np.linalg.eigh(ldmb_env)

        ldmr_env = ldma_env + ldmb_env
        nat_occr, nat_coeffr = np.linalg.eigh(ldmr_env)

        caoas = np.hstack([caolo_mat[:, imp_inds], caolo_mat[:, env_inds] @ nat_coeffr])

        nuu = np.sum([nat_occr < thres])
        ne = np.sum([(nat_occr >= thres) & (nat_occr <= 2 - thres)])
        nuo = np.sum([nat_occr > 2 - thres])

        asorbs = (nuu, ne, nuo)
        print("caoas.shape = ", caoas.shape)
        print("asorbs = ", asorbs)

        nat_occa = nat_occa[nat_occa > thres]
        nat_occb = nat_occb[nat_occb > thres]
        nat_occr = nat_occr[nat_occr > thres]

        ent = -np.sum(nat_occa * np.log(nat_occa)) - np.sum(nat_occb * np.log(nat_occb))
        entr = -2 * np.sum(nat_occr / 2 * np.log(nat_occr / 2))

        return caoas, entr - ent, asorbs


def get_dmet_imp_ldm(mf, imp_inds, lo_meth="lowdin"):
    """
    Returns better initial guess than '1e' for impurity
    """
    s = mf.get_ovlp()
    caolo_mat, cloao_mat = caolo(s), cloao(s)

    dma, dmb = mf.make_rdm1()

    ldm = reduce(np.dot, (cloao_mat, (dma + dmb), cloao_mat.conj().T))[imp_inds, :][
        :, imp_inds
    ]
    return ldm


def get_as_1e_ints(mf, caoas, asorbs):
    # hcore from mf
    hcore = mf.get_hcore()

    # HF J/K from env UO
    uos = hcore.shape[0] - asorbs[-1]
    dm_uo = caoas[:, uos:] @ caoas[:, uos:].conj().T * 2
    vj, vk = mf.get_jk(dm=dm_uo)

    fock = hcore + vj - 0.5 * vk

    nimp = hcore.shape[0] - np.sum(asorbs)
    act_inds = [
        *list(range(nimp)),
        *list(range(nimp + asorbs[0], nimp + asorbs[0] + asorbs[1])),
    ]

    asints1e = reduce(np.dot, (caoas[:, act_inds].conj().T, fock, caoas[:, act_inds]))
    return asints1e


def get_as_2e_ints(mf, caoas, asorbs):
    nimp = caoas.shape[0] - np.sum(asorbs)
    act_inds = [
        *list(range(nimp)),
        *list(range(nimp + asorbs[0], nimp + asorbs[0] + asorbs[1])),
    ]

    if mf._eri is not None:
        asints2e = ao2mo.full(mf._eri, caoas[:, act_inds])
    else:
        asints2e = ao2mo.full(mf.mol, caoas[:, act_inds])

    return asints2e


def get_bp_hso2e(mol, dm0):
    hso2e = mol.intor("int2e_p1vxp1", 3).reshape(3, mol.nao, mol.nao, mol.nao, mol.nao)
    vj = np.einsum("yijkl,lk->yij", hso2e, dm0, optimize=True)
    vk = np.einsum("yijkl,jk->yil", hso2e, dm0, optimize=True)
    vk += np.einsum("yijkl,li->ykj", hso2e, dm0, optimize=True)
    return vj, vk


def get_bp_hso2e_amfi(mol, dm0):
    """atomic-mean-field approximation"""
    ao_loc = mol.ao_loc_nr()
    nao = ao_loc[-1]
    vj = np.zeros((3, nao, nao))
    vk = np.zeros((3, nao, nao))
    import copy

    atom = copy.copy(mol)
    aoslice = mol.aoslice_by_atom(ao_loc)
    for ia in range(mol.natm):
        b0, b1, p0, p1 = aoslice[ia]
        atom._bas = mol._bas[b0:b1]
        vj1, vk1 = get_bp_hso2e(atom, dm0[p0:p1, p0:p1])
        vj[:, p0:p1, p0:p1] = vj1
        vk[:, p0:p1, p0:p1] = vk1
    return vj, vk


mol = gto.M(
    atom="""
Co       0.08614000      12.11827000       3.79913000 
N       -1.03087000      12.08263000       1.98298000 
N       -1.95892000      12.14777000       4.39138000 
N       -2.70024000      12.08608000       5.50995000 
H       -2.37428000      12.16884000       6.32356000 
N        1.18073000      10.64850000       2.70623000 
N        0.50813000      10.51364000       5.18129000 
N        0.27159000      10.17225000       6.45848000 
H       -0.20185000      10.65923000       7.01687000 
N        1.38678000      13.37998000       2.68823000 
N        0.85251000      13.55623000       5.21213000 
N        0.85714000      13.78190000       6.54474000 
H        0.31753000      13.38534000       7.11490000 
O       -0.46275000      12.07689000       0.71844000 
O        1.52561000      10.77360000       1.37361000 
O        1.64253000      13.22940000       1.35543000 
B        1.03912000      12.02516000       0.72183000 
C       -3.19233000      11.76462000       0.83411000 
H       -3.05941000      12.50218000       0.20318000 
H       -4.12766000      11.74738000       1.12641000 
H       -2.97296000      10.91594000       0.39567000 
C       -2.30918000      11.95428000       2.01220000 
C       -2.82609000      11.96769000       3.37566000 
C       -4.12290000      11.80485000       3.86935000 
H       -4.91909000      11.66883000       3.36853000 
C       -4.00314000      11.88148000       5.23637000 
H       -4.70720000      11.80485000       5.86908000 
C        2.45210000       8.55574000       2.59323000
H        3.26754000       8.96763000       2.23856000 
H        1.93667000       8.16493000       1.85715000 
H        2.69438000       7.85266000       3.23129000 
C        1.63440000       9.58641000       3.27763000 
C        1.24980000       9.50787000       4.68742000 
C        1.48880000       8.53658000       5.65699000 
H        1.98618000       7.73197000       5.56252000 
C        0.84263000       8.99828000       6.78696000 
H        0.80778000       8.56915000       7.63354000 
C        3.17695000      15.04822000       2.63066000 
H        2.79814000      15.55397000       1.88388000 
H        3.86951000      14.44092000       2.29737000 
H        3.57097000      15.66700000       3.27941000 
C        2.10425000      14.26084000       3.28832000 
C        1.82096000      14.34897000       4.72485000 
C        2.43325000      15.06737000       5.75145000 
H        3.14855000      15.68808000       5.67481000 
C        1.78385000      14.68422000       6.88855000 
H        1.95883000      15.00032000       7.76722000 
C        1.53838000      11.95811000      -0.79668000 
C        1.26255000      10.84123000      -1.58802000 
H        0.75942000      10.12665000      -1.21730000 
C        1.70236000      10.74544000      -2.90157000 
H        1.48992000       9.97914000      -3.42200000 
C        2.45632000      11.77803000      -3.45051000 
H        2.78318000      11.70906000      -4.33987000 
C        2.72753000      12.89874000      -2.70195000 
H        3.22141000      13.61332000      -3.08693000 
C        2.28708000      12.99262000      -1.39019000 
H        2.49441000      13.77041000      -0.88402000
            """,
    basis={
        "default": "def2tzvp",
        "C": "6-31G*",
        "H": "6-31G*",
        "O": "6-31G*",
        "B": "6-31G*",
    },
    symmetry=0,
    spin=3,
    charge=+1,
    verbose=4,
    max_memory=200000,
)

mf = scf.rohf.ROHF(mol).x2c()
mf.max_cycle = 100
title = "CoN6BO3"
imp_inds = mol.search_ao_label(["Co *"])
mf.chkfile = title + "_rohf.chk"
mf.init_guess = "atom"
mf.level_shift = 0.2
if os.path.isfile(title + "_rohf.chk"):
    mf.init_guess = "chk"
    mf.level_shift = 0.0
mf = tag_rdiis_(mf=mf, imp_inds=imp_inds)
mf.kernel()


print("nao = ", mol.nao_nr())
print("nelec = ", mol.nelec)


print("imp_inds.shape", imp_inds.shape)

as_fname = title + "_as_chk.h5"
if not os.path.isfile(as_fname):
    # AS general info
    caoas, ent, asorbs = get_dmet_as_props(mf, imp_inds, thres=1e-13)
    # AS hcore + j/k
    as1e = get_as_1e_ints(mf, caoas, asorbs)
    # AS ERIs
    as2e = get_as_2e_ints(mf, caoas, asorbs)

    print(f"Entanglement S: {ent:.3f}")

    with h5py.File(as_fname, "w") as fh5:
        fh5["caoas"] = caoas
        fh5["ent"] = ent
        fh5["asorbs"] = asorbs
        fh5["1e"] = as1e
        fh5["2e"] = as2e
else:
    fh5 = h5py.File(as_fname, "r")
    caoas = fh5["caoas"][:]
    ent = fh5["ent"][()]
    asorbs = fh5["asorbs"][:]
    as1e = fh5["1e"][:]
    as2e = fh5["2e"][:]
    fh5.close()

nimp = caoas.shape[0] - np.sum(asorbs)
print("nimp = ", nimp)
act_inds = [
    *list(range(nimp)),
    *list(range(nimp + asorbs[0], nimp + asorbs[0] + asorbs[1])),
]

print("act_inds = ", act_inds)

nelec = int(mf.mol.nelectron - asorbs[-1] * 2)
ldm = get_dmet_imp_ldm(mf, imp_inds)
solver_base = rohf_solve_imp(as1e, as2e, nelec, mf.mol.spin, mf.max_memory, dm0=ldm)

with open(title + "_imp_rohf_orbs.molden", "w") as f1:
    molden.header(mf.mol, f1)
    molden.orbital_coeff(
        mf.mol,
        f1,
        caoas[:, act_inds] @ solver_base.mo_coeff,
        ene=solver_base.mo_energy,
        occ=solver_base.mo_occ,
    )

# avas
# ao_labels = ["Co 3d"]
# ncasorb, ncaselec, casorbind = avas.avas(solver_base, ao_labels, canonicalize=False)

# ncasorb = 5
# ncaselec = 7
# casorbind = [40, 41, 55, 56, 57]  # F-style

caschk_fname = title + "_imp_cas_chk.h5"


if not os.path.isfile(caschk_fname):
    casinfo_fname = title + "_cas_info"
    if not os.path.isfile(casinfo_fname):
        print("Failed to read saved CAS briefings.")
        exit()
    ncasorb, ncaselec, casorbind, statelis = read_cas_info(casinfo_fname)

    solver = sacasscf_solve_imp(
        solver_base, mf.mol, ncasorb, ncaselec, casorbind, statelis=statelis
    )
    sacasscf_dump_chk(solver, caschk_fname)

else:
    solver = sacasscf_load_chk(lib.StreamObject(), caschk_fname)


with open(title + "_imp_casscf_orbs.molden", "w") as f1:
    molden.header(mf.mol, f1)
    molden.orbital_coeff(
        mf.mol,
        f1,
        caoas[:, act_inds] @ solver.mo_coeff,
        ene=solver_base.mo_energy,
        occ=solver_base.mo_occ,
    )

huge_casorbind = [
    39,
    40,
    41,
    42,
    43,
    44,
    45,
    46,
    47,
    48,
    49,
    50,
    51,
    52,
    53,
    54,
    55,
    56,
    57,
    58,
    59,
    61,
]
if len(huge_casorbind) != 22:
    exit()

mc = mcscf.CASSCF(solver_base, ncas=22, nelecas=29)
mc.mo_coeff = mc.sort_mo(huge_casorbind, solver.mo_coeff)

fcidump.from_integrals(
    "FCIDUMP",
    mc.get_h1eff()[0],
    mc.get_h2eff(),
    mc.ncas,
    mc.nelecas,
    nuc=mc.get_h1eff()[1],
)

uos = caoas.shape[0] - asorbs[-1]
dm_uo = caoas[:, uos:] @ caoas[:, uos:].conj().T * 2
mo_cas = caoas[:, act_inds] @ mc.mo_coeff[:, mc.ncore : mc.ncore + mc.ncas]
print("mo_cas.shape = ", mo_cas.shape)
sodm1_act = reduce(
    np.dot, [caoas[:, act_inds], solver.make_rdm1(), caoas[:, act_inds].conj().T]
)
sodm1 = sodm1_act + dm_uo

# soc integral
# breit-pauli amfi
# amfi = True
# hso1e = mol.intor_asymmetric("int1e_pnucxp", 3)
# vj, vk = get_bp_hso2e_amfi(mol, sodm1) if amfi else get_bp_hso2e(mol, sodm1)
# hso2e = vj - vk * 1.5
# hsoao = 1.0j * (nist.ALPHA**2 / 2) * (hso1e + hso2e)
# print("hsoao.shape = ", hsoao.shape)

# hso = np.asarray([reduce(np.dot, (mo_cas.T, x.T, mo_cas)) for x in hsoao])
# print("hso.shape = ", hso.shape)
# # Save each component of hso (shape: 3 x nao x nao) to separate binary files as complex128
# hso[0].astype(np.complex128).tofile("hso_x.bin")
# hso[1].astype(np.complex128).tofile("hso_y.bin")
# hso[2].astype(np.complex128).tofile("hso_z.bin")

# x2camf
from mycamf import x2camf
import os

xmol, ctr = mf.with_x2c.get_xmol(mol)
xdmao = ctr @ sodm1 @ ctr.conj().T
print("sodm1.shape = ", sodm1.shape)
print("xdmao.shape = ", xdmao.shape)
x = mf.with_x2c.get_xmat()
r = mf.with_x2c._get_rmat(x=x)
hso1e = xmol.intor_asymmetric("int1e_pnucxp", 3)
hso1e = np.einsum(
    "pq,qr,irs,sk,kl->ipl", r.conj().T, x.conj().T, hso1e, x, r, optimize=True
)

hso2e = x2camf.amfi(mf.with_x2c, printLevel=1)

hso2e = hso2e / (nist.ALPHA**2 / 4)
sphsp = xmol.sph2spinor_coeff()
p_repr = np.einsum("ixp,pq,jyq->ijxy", sphsp, hso2e, sphsp.conj(), optimize=True)
hso2e = (p_repr[0, np.array([1, 1, 0])] * np.array([-1j, 1, -1j])[:, None, None]).real

s22 = xmol.intor_symmetric("int1e_ovlp")
s21 = gto.intor_cross("int1e_ovlp", xmol, mol)
c = cho_solve(s22, s21)
hso1e = c.conj().T @ hso1e @ c
hso2e = c.conj().T @ hso2e @ c
print("hso1e.shape = ", hso1e.shape)
print("hso2e.shape = ", hso2e.shape)
hsoao = (1j * nist.ALPHA**2 / 2) * (hso1e + hso2e)

hso = np.asarray([reduce(np.dot, (mo_cas.T.conj(), i.T, mo_cas)) for i in hsoao])
print("hso.shape = ", hso.shape)
# Save each component of hso (shape: 3 x nao x nao) to separate binary files as complex128
hso_labels = ["x", "y", "z"]
for i, label in enumerate(hso_labels):
    with open(f"hso_{label}.bin", "wb") as f:
        # 先写入shape信息（int32），再写入数据（complex128）
        shape = np.array(hso[i].shape, dtype=np.int32)
        f.write(shape.tobytes())
        f.write(hso[i].astype(np.complex128).tobytes())
        # print(hso[i])
#INFO: ******************** input file end ********************


System: uname_result(system='Linux', node='cu10', release='5.15.0-133-generic', version='#144-Ubuntu SMP Fri Feb 7 20:47:38 UTC 2025', machine='x86_64')  Threads 32
Python 3.11.13 (main, Jun  5 2025, 13:12:00) [GCC 11.2.0]
numpy 2.3.1  scipy 1.16.0  h5py 3.14.0
Date: Tue Jul 29 23:18:07 2025
PySCF version 2.9.0
PySCF path  /home/Yxwxwx/.conda/envs/pyscf_311/lib/python3.11/site-packages/pyscf

[CONFIG] conf_file None
[INPUT] verbose = 4
[INPUT] num. atoms = 58
[INPUT] num. electrons = 267
[INPUT] charge = 1
[INPUT] spin (= nelec alpha-beta = 2S) = 3
[INPUT] symmetry 0 subgroup None
[INPUT] Mole.unit = angstrom
[INPUT] Symbol           X                Y                Z      unit          X                Y                Z       unit  Magmom
[INPUT]  1 Co     0.086140000000  12.118270000000   3.799130000000 AA    0.162781008370  22.900211403533   7.179315211619 Bohr   0.0
[INPUT]  2 N     -1.030870000000  12.082630000000   1.982980000000 AA   -1.948061970030  22.832861564454   3.747289110490 Bohr   0.0
[INPUT]  3 N     -1.958920000000  12.147770000000   4.391380000000 AA   -3.701822299933  22.955958324208   8.298505508893 Bohr   0.0
[INPUT]  4 N     -2.700240000000  12.086080000000   5.509950000000 AA   -5.102714070596  22.839381119583  10.412296460047 Bohr   0.0
[INPUT]  5 H     -2.374280000000  12.168840000000   6.323560000000 AA   -4.486738943032  22.995774853652  11.949796532255 Bohr   0.0
[INPUT]  6 N      1.180730000000  10.648500000000   2.706230000000 AA    2.231256327058  20.122748637431   5.114033530082 Bohr   0.0
[INPUT]  7 N      0.508130000000  10.513640000000   5.181290000000 AA    0.960226535675  19.867900172272   9.791219071948 Bohr   0.0
[INPUT]  8 N      0.271590000000  10.172250000000   6.458480000000 AA    0.513230718171  19.222766570607  12.204758380981 Bohr   0.0
[INPUT]  9 H     -0.201850000000  10.659230000000   7.016870000000 AA   -0.381441218243  20.143025398748  13.259962551677 Bohr   0.0
[INPUT] 10 N      1.386780000000  13.379980000000   2.688230000000 AA    2.620634395024  25.284497752158   5.080018459840 Bohr   0.0
[INPUT] 11 N      0.852510000000  13.556230000000   5.212130000000 AA    1.611010418453  25.617561981613   9.849498225629 Bohr   0.0
[INPUT] 12 N      0.857140000000  13.781900000000   6.544740000000 AA    1.619759850410  26.044016476143  12.367766156486 Bohr   0.0
[INPUT] 13 H      0.317530000000  13.385340000000   7.114900000000 AA    0.600044736333  25.294626684186  13.445212403668 Bohr   0.0
[INPUT] 14 O     -0.462750000000  12.076890000000   0.718440000000 AA   -0.874470764142  22.822014536499   1.357654836933 Bohr   0.0
[INPUT] 15 O      1.525610000000  10.773600000000   1.373610000000 AA    2.882985072898  20.359153375614   2.595746701964 Bohr   0.0
[INPUT] 16 O      1.642530000000  13.229400000000   1.355430000000 AA    3.103931851382  24.999942792321   2.561391481019 Bohr   0.0
[INPUT] 17 B      1.039120000000  12.025160000000   0.721830000000 AA    1.963652210558  22.724259004075   1.364061008495 Bohr   0.0
[INPUT] 18 C     -3.192330000000  11.764620000000   0.834110000000 AA   -6.032629399233  22.231909759581   1.576239457761 Bohr   0.0
[INPUT] 19 H     -3.059410000000  12.502180000000   0.203180000000 AA   -5.781447002756  23.625696160015   0.383954553989 Bohr   0.0
[INPUT] 20 H     -4.127660000000  11.747380000000   1.126410000000 AA   -7.800146935322  22.199330881193   2.128606403971 Bohr   0.0
[INPUT] 21 H     -2.972960000000  10.915940000000   0.395670000000 AA   -5.618080179287  20.628136992185   0.747707935707 Bohr   0.0
[INPUT] 22 C     -2.309180000000  11.954280000000   2.012200000000 AA   -4.363717772323  22.590315216366   3.802506907850 Bohr   0.0
[INPUT] 23 C     -2.826090000000  11.967690000000   3.375660000000 AA   -5.340536103372  22.615656443696   6.379072889649 Bohr   0.0
[INPUT] 24 C     -4.122900000000  11.804850000000   3.869350000000 AA   -7.791151838969  22.307933441572   7.312011780086 Bohr   0.0
[INPUT] 25 H     -4.919090000000  11.668830000000   3.368530000000 AA   -9.295732882087  22.050892894109   6.365599142381 Bohr   0.0
[INPUT] 26 C     -4.003140000000  11.881480000000   5.236370000000 AA   -7.564838238291  22.452743154497   9.895305186889 Bohr   0.0
[INPUT] 27 H     -4.707200000000  11.804850000000   5.869080000000 AA   -8.895318813553  22.307933441572  11.090953803162 Bohr   0.0
[INPUT] 28 C      2.452100000000   8.555740000000   2.593230000000 AA    4.633797430046  16.168005392986   4.900494478006 Bohr   0.0
[INPUT] 29 H      3.267540000000   8.967630000000   2.238560000000 AA    6.174755701061  16.946364686433   4.230265313406 Bohr   0.0
[INPUT] 30 H      1.936670000000   8.164930000000   1.857150000000 AA    3.659775893661  15.429481526245   3.509504872236 Bohr   0.0
[INPUT] 31 H      2.694380000000   7.852660000000   3.231290000000 AA    5.091640275506  14.839376749327   6.106253129046 Bohr   0.0
[INPUT] 32 C      1.634400000000   9.586410000000   3.277630000000 AA    3.088568377989  18.115689417792   6.193823037658 Bohr   0.0
[INPUT] 33 C      1.249800000000   9.507870000000   4.687420000000 AA    2.361779710481  17.967270327968   8.857940030809 Bohr   0.0
[INPUT] 34 C      1.488800000000   8.536580000000   5.656990000000 AA    2.813424254252  16.131798240440  10.690161789403 Bohr   0.0
[INPUT] 35 H      1.986180000000   7.731970000000   5.562520000000 AA    3.753336234089  14.611305703353  10.511639362416 Bohr   0.0
[INPUT] 36 C      0.842630000000   8.998280000000   6.786960000000 AA    1.592339924342  17.004284792151  12.825495618378 Bohr   0.0
[INPUT] 37 H      0.807780000000   8.569150000000   7.633540000000 AA    1.526482968901  16.193346620317  14.425299960912 Bohr   0.0
[INPUT] 38 C      3.176950000000  15.048220000000   2.630660000000 AA    6.003565411437  28.437014462202   4.971226926848 Bohr   0.0
[INPUT] 39 H      2.798140000000  15.553970000000   1.883880000000 AA    5.287718258190  29.392743449701   3.560017251546 Bohr   0.0
[INPUT] 40 H      3.869510000000  14.440920000000   2.297370000000 AA    7.312314136266  27.289383786754   4.341400106792 Bohr   0.0
[INPUT] 41 H      3.570970000000  15.667000000000   3.279410000000 AA    6.748155299038  29.606339193561   6.197186750160 Bohr   0.0
[INPUT] 42 C      2.104250000000  14.260840000000   3.288320000000 AA    3.976456197616  26.949081906242   6.214024209930 Bohr   0.0
[INPUT] 43 C      1.820960000000  14.348970000000   4.724850000000 AA    3.441115683788  27.115623469600   8.928672479651 Bohr   0.0
[INPUT] 44 C      2.433250000000  15.067370000000   5.751450000000 AA    4.598176092598  28.473202717488  10.868665319130 Bohr   0.0
[INPUT] 45 H      3.148550000000  15.688080000000   5.674810000000 AA    5.949897189499  29.646174620267  10.723836708943 Bohr   0.0
[INPUT] 46 C      1.783850000000  14.684220000000   6.888550000000 AA    3.370987947305  27.749154152861  13.017472895373 Bohr   0.0
[INPUT] 47 H      1.958830000000  15.000320000000   7.767220000000 AA    3.701652224582  28.346496580836  14.677918549244 Bohr   0.0
[INPUT] 48 C      1.538380000000  11.958110000000  -0.796680000000 AA    2.907116875508  22.597552867423  -1.505507008918 Bohr   0.0
[INPUT] 49 C      1.262550000000  10.841230000000  -1.588020000000 AA    2.385873718570  20.486955553418  -3.000922880332 Bohr   0.0
[INPUT] 50 H      0.759420000000  10.126650000000  -1.217300000000 AA    1.435095813517  19.136595059327  -2.300363611433 Bohr   0.0
[INPUT] 51 C      1.702360000000  10.745440000000  -2.901570000000 AA    3.216994165415  20.305938687946  -5.483172631254 Bohr   0.0
[INPUT] 52 H      1.489920000000   9.979140000000  -3.422000000000 AA    2.815540747512  18.857841558692  -6.466642798262 Bohr   0.0
[INPUT] 53 C      2.456320000000  11.778030000000  -3.450510000000 AA    4.641772074292  22.257250986911  -6.520518890073 Bohr   0.0
[INPUT] 54 H      2.783180000000  11.709060000000  -4.339870000000 AA    5.259447955367  22.126916576100  -8.201165716216 Bohr   0.0
[INPUT] 55 C      2.727530000000  12.898740000000  -2.701950000000 AA    5.154284696535  24.375085951972  -5.105945502269 Bohr   0.0
[INPUT] 56 H      3.221410000000  13.613320000000  -3.086930000000 AA    6.087582634935  25.725446446064  -5.833452265704 Bohr   0.0
[INPUT] 57 C      2.287080000000  12.992620000000  -1.390190000000 AA    4.321954824970  24.552493440547  -2.627078361109 Bohr   0.0
[INPUT] 58 H      2.494410000000  13.770410000000  -0.884020000000 AA    4.713751742376  26.022303522972  -1.670555688638 Bohr   0.0

nuclear repulsion = 4623.64001576696
number of shells = 310
number of NR pGTOs = 1273
number of NR cGTOs = 720
basis = {'default': 'def2tzvp', 'C': '6-31G*', 'H': '6-31G*', 'O': '6-31G*', 'B': '6-31G*'}
ecp = {}
CPU time:         7.47


******** <class 'pyscf.x2c.sfx2c1e.sfX2C1eROHF'> ********
method = sfX2C1eROHF
initial guess = chk
damping factor = 0
level_shift factor = 0.0
DIIS = <class 'liblan.utils.rdiis.tag_rdiis_.<locals>.RDIIS'>
diis_start_cycle = 1
diis_space = 8
diis_damp = 0
SCF conv_tol = 1e-09
SCF conv_tol_grad = None
SCF max_cycles = 100
direct_scf = True
direct_scf_tol = 1e-13
chkfile to save SCF result = CoN6BO3_rohf.chk
max_memory 200000 MB (current use 141 MB)
num. doubly occ = 132  num. singly occ = 3


******** <class 'pyscf.x2c.sfx2c1e.SpinFreeX2CHelper'> ********
approx = 1e
xuncontract = 1
Set gradient conv threshold to 3.16228e-05
init E= -2938.32198444062
  HOMO = -0.212024821344655  LUMO = -0.0308888082436448
cycle= 1 E= -2938.32198428825  delta_E= 1.52e-07  |g|= 0.000356  |ddm|= 0.00055
----------SDDIS-Entropy 0.022
  HOMO = -0.212028156042279  LUMO = -0.0308891399601034
cycle= 2 E= -2938.32198191994  delta_E= 2.37e-06  |g|= 0.0014  |ddm|= 0.00216
----------SDDIS-Entropy 0.022
  HOMO = -0.212024544397059  LUMO = -0.0308887401240398
cycle= 3 E= -2938.32198444996  delta_E= -2.53e-06  |g|= 3.27e-05  |ddm|= 0.00173
----------SDDIS-Entropy 0.022
  HOMO = -0.212025109404816  LUMO = -0.0308888014256903
cycle= 4 E= -2938.32198445124  delta_E= -1.28e-09  |g|= 5.51e-06  |ddm|= 4.17e-05
----------SDDIS-Entropy 0.022
  HOMO = -0.212025447004858  LUMO = -0.0308888468705044
cycle= 5 E= -2938.32198445127  delta_E= -2.91e-11  |g|= 3.41e-06  |ddm|= 7e-06
  HOMO = -0.212025663896427  LUMO = -0.0308889005014023
Extra cycle  E= -2938.32198445131  delta_E= -3.27e-11  |g|= 6.16e-06  |ddm|= 9.93e-06
converged SCF energy = -2938.32198445131
nao =  720
nelec =  (135, 132)
imp_inds.shape (45,)
nimp =  45
act_inds =  [0, 1, 2, 3, 4, 5, 6, 7, 8, 9, 10, 11, 12, 13, 14, 15, 16, 17, 18, 19, 20, 21, 22, 23, 24, 25, 26, 27, 28, 29, 30, 31, 32, 33, 34, 35, 36, 37, 38, 39, 40, 41, 42, 43, 44, 585, 586, 587, 588, 589, 590, 591, 592, 593, 594, 595, 596, 597, 598, 599, 600, 601, 602, 603, 604, 605, 606, 607, 608, 609, 610, 611, 612, 613, 614, 615, 616, 617, 618, 619, 620, 621, 622, 623, 624, 625, 626, 627, 628, 629, 630, 631, 632, 633, 634, 635, 636, 637, 638]
nao =  99
nelec =  (54, 51)


******** <class 'pyscf.x2c.sfx2c1e.sfX2C1eROHF'> ********
method = sfX2C1eROHF
initial guess = 1e
damping factor = 0
level_shift factor = 0.2
DIIS = <class 'pyscf.scf.diis.CDIIS'>
diis_start_cycle = 1
diis_space = 8
diis_damp = 0
SCF conv_tol = 1e-09
SCF conv_tol_grad = None
SCF max_cycles = 1000
direct_scf = True
direct_scf_tol = 1e-13
chkfile to save SCF result = /tmp/tmpltiwrbcf
max_memory 200000 MB (current use 619 MB)
num. doubly occ = 51  num. singly occ = 3


******** <class 'pyscf.x2c.sfx2c1e.SpinFreeX2CHelper'> ********
approx = 1e
xuncontract = 1
Set gradient conv threshold to 3.16228e-05
init E= -2348.98764079024
  HOMO = 1.12151018577235  LUMO = 1.19658665813105
cycle= 1 E= -2422.11870268307  delta_E= -73.1  |g|= 4.14  |ddm|= 10.3

WARN: HOMO -0.511357274909797 >= LUMO -0.622405947942846

cycle= 2 E= -2413.95913380147  delta_E= 8.16  |g|= 10.2  |ddm|= 4.19
  HOMO = -0.363986783584887  LUMO = -0.0307578733964044
cycle= 3 E= -2422.50323975289  delta_E= -8.54  |g|= 5.87  |ddm|= 1.73
  HOMO = -0.404806477984425  LUMO = 0.309252007326551
cycle= 4 E= -2425.19371759194  delta_E= -2.69  |g|= 3.64  |ddm|= 0.973

WARN: HOMO 0.456461213735069 >= LUMO -0.29090627993535

cycle= 5 E= -2426.84964766205  delta_E= -1.66  |g|= 0.576  |ddm|= 2.45
  HOMO = 0.195689860909409  LUMO = 0.229418647208431
cycle= 6 E= -2427.62671648069  delta_E= -0.777  |g|= 1.05  |ddm|= 2.04
  HOMO = 0.0739465418327711  LUMO = 0.345595318731938
cycle= 7 E= -2427.76454910334  delta_E= -0.138  |g|= 0.834  |ddm|= 0.333
  HOMO = 0.0614729584021564  LUMO = 0.354545639912661
cycle= 8 E= -2427.8579001291  delta_E= -0.0934  |g|= 0.603  |ddm|= 0.302
  HOMO = 0.0586896615179431  LUMO = 0.3558980513951
cycle= 9 E= -2427.92888286672  delta_E= -0.071  |g|= 0.458  |ddm|= 0.253
  HOMO = 0.059697922679437  LUMO = 0.355817674303443
cycle= 10 E= -2428.01685717446  delta_E= -0.088  |g|= 0.328  |ddm|= 0.316
  HOMO = 0.0087631587470922  LUMO = 0.361161076594715
cycle= 11 E= -2428.1761716209  delta_E= -0.159  |g|= 0.251  |ddm|=  1.2
  HOMO = 0.0139682014026203  LUMO = 0.369905037392549
cycle= 12 E= -2428.13282805104  delta_E= 0.0433  |g|= 0.256  |ddm|= 0.956
  HOMO = -0.00331256316411085  LUMO = 0.37233894109868
cycle= 13 E= -2428.15879678383  delta_E= -0.026  |g|= 0.264  |ddm|= 0.125
  HOMO = -0.0342333990204421  LUMO = 0.378158132439348
cycle= 14 E= -2428.19149397488  delta_E= -0.0327  |g|= 0.29  |ddm|= 0.172
  HOMO = -0.0410719303794114  LUMO = 0.377868001239892
cycle= 15 E= -2428.20079607148  delta_E= -0.0093  |g|= 0.25  |ddm|= 0.0606
  HOMO = -0.0517406637793894  LUMO = 0.377006546094022
cycle= 16 E= -2428.2116293413  delta_E= -0.0108  |g|= 0.227  |ddm|= 0.0542
  HOMO = -0.101480911256458  LUMO = 0.372973754840102
cycle= 17 E= -2428.24560429337  delta_E= -0.034  |g|= 0.0696  |ddm|= 0.29
  HOMO = -0.117211445449703  LUMO = 0.371732045449795
cycle= 18 E= -2428.24706843826  delta_E= -0.00146  |g|= 0.0188  |ddm|= 0.0538
  HOMO = -0.113800689035676  LUMO = 0.371977452715064
cycle= 19 E= -2428.24724986834  delta_E= -0.000181  |g|= 0.00716  |ddm|= 0.0296
  HOMO = -0.110379088217832  LUMO = 0.372346248441083
cycle= 20 E= -2428.24728528277  delta_E= -3.54e-05  |g|= 0.00514  |ddm|= 0.0124
  HOMO = -0.111402137375576  LUMO = 0.372269045013608
cycle= 21 E= -2428.2472998447  delta_E= -1.46e-05  |g|= 0.00264  |ddm|= 0.00516
  HOMO = -0.11208261492119  LUMO = 0.37220677475145
cycle= 22 E= -2428.24731575406  delta_E= -1.59e-05  |g|= 0.00186  |ddm|= 0.00767
  HOMO = -0.111814426945659  LUMO = 0.37223184391572
cycle= 23 E= -2428.2473262834  delta_E= -1.05e-05  |g|= 0.00081  |ddm|= 0.00795
  HOMO = -0.111934115901734  LUMO = 0.372229269138323
cycle= 24 E= -2428.24732984199  delta_E= -3.56e-06  |g|= 0.000435  |ddm|= 0.00479
  HOMO = -0.111937372291279  LUMO = 0.372239834323455
cycle= 25 E= -2428.24733117463  delta_E= -1.33e-06  |g|= 0.000207  |ddm|= 0.00355
  HOMO = -0.11198015804644  LUMO = 0.372238027472517
cycle= 26 E= -2428.24733138839  delta_E= -2.14e-07  |g|= 0.00013  |ddm|= 0.00118
  HOMO = -0.11198760841365  LUMO = 0.372239464490357
cycle= 27 E= -2428.24733147775  delta_E= -8.94e-08  |g|= 9.67e-05  |ddm|= 0.000822
  HOMO = -0.112002197981843  LUMO = 0.372239940312699
cycle= 28 E= -2428.24733152906  delta_E= -5.13e-08  |g|= 7.68e-05  |ddm|= 0.000528
  HOMO = -0.112017018954168  LUMO = 0.372240374701702
cycle= 29 E= -2428.24733158143  delta_E= -5.24e-08  |g|= 5.72e-05  |ddm|= 0.000626
  HOMO = -0.112022813298619  LUMO = 0.372240617571911
cycle= 30 E= -2428.2473316162  delta_E= -3.48e-08  |g|= 4.37e-05  |ddm|= 0.000537
  HOMO = -0.112027468529432  LUMO = 0.372240807125604
cycle= 31 E= -2428.24733163674  delta_E= -2.05e-08  |g|= 3.81e-05  |ddm|= 0.000408
  HOMO = -0.112031177858343  LUMO = 0.372240877054087
cycle= 32 E= -2428.24733165226  delta_E= -1.55e-08  |g|= 3.35e-05  |ddm|= 0.000366
  HOMO = -0.112030674277409  LUMO = 0.372240778639758
cycle= 33 E= -2428.24733166643  delta_E= -1.42e-08  |g|= 2.95e-05  |ddm|= 0.00036
  HOMO = -0.112029332264639  LUMO = 0.372240713498049
cycle= 34 E= -2428.24733168192  delta_E= -1.55e-08  |g|= 2.65e-05  |ddm|= 0.000432
  HOMO = -0.11202772338251  LUMO = 0.372240611888505
cycle= 35 E= -2428.24733168889  delta_E= -6.98e-09  |g|= 2.55e-05  |ddm|= 0.000208
  HOMO = -0.112027016449003  LUMO = 0.372240526561346
cycle= 36 E= -2428.2473316962  delta_E= -7.31e-09  |g|= 2.48e-05  |ddm|= 0.000232
  HOMO = -0.112025898234837  LUMO = 0.372240503874442
cycle= 37 E= -2428.24733170094  delta_E= -4.73e-09  |g|= 2.5e-05  |ddm|= 0.000149
  HOMO = -0.112025935294963  LUMO = 0.372240479253729
cycle= 38 E= -2428.24733170457  delta_E= -3.63e-09  |g|= 2.53e-05  |ddm|= 0.000113
  HOMO = -0.112026154341408  LUMO = 0.372240487748596
cycle= 39 E= -2428.24733170686  delta_E= -2.29e-09  |g|= 2.58e-05  |ddm|= 7.4e-05
  HOMO = -0.112024705442589  LUMO = 0.372240441720812
cycle= 40 E= -2428.24733170895  delta_E= -2.09e-09  |g|= 2.6e-05  |ddm|= 7.48e-05
  HOMO = -0.112024221499358  LUMO = 0.372240413183415
cycle= 41 E= -2428.24733170976  delta_E= -8.08e-10  |g|= 2.66e-05  |ddm|= 4.83e-05
  HOMO = -0.212025361427518  LUMO = 0.172240391278034
Extra cycle  E= -2428.24733171224  delta_E= -2.48e-09  |g|= 2.65e-05  |ddm|= 7.59e-05
converged SCF energy = -2428.24733171224
mo_cas.shape =  (720, 22)
sodm1.shape =  (720, 720)
xdmao.shape =  (1273, 1273)
Initializing 4c-HF with Gaunt with gauge for B atom.
Maximum memory cost (2e part) in SCF and amfi calculation: 0.00321078 GB.
1e-integrals time (CPU/WALL): 0.00/0.00 seconds.
2e-Coulomb-integrals time (CPU/WALL): 5.45/0.13 seconds.
2e-Gaunt-integrals time (CPU/WALL): 0.26/0.01 seconds.
2e-gauge-integrals time (CPU/WALL): 0.90/0.03 seconds.

Start Dirac Hartree-Fock iterations...
with SCF convergence = 1e-09


SCF converges after 10 iterations.

Final DHF energy is -24.3666845218543 hartree.
DHF iterations time (CPU/WALL): 2.56/0.09 seconds.
2e-SO Coulomb integrals time (CPU/WALL): 0.26/0.01 seconds.
Initializing 4c-HF with Gaunt with gauge for C atom.
Maximum memory cost (2e part) in SCF and amfi calculation: 0.00321078300476074 GB.
1e-integrals time (CPU/WALL): 0.00/0.00 seconds.
2e-Coulomb-integrals time (CPU/WALL): 0.24/0.01 seconds.
2e-Gaunt-integrals time (CPU/WALL): 0.26/0.01 seconds.
2e-gauge-integrals time (CPU/WALL): 0.90/0.03 seconds.

Start Dirac Hartree-Fock iterations...
with SCF convergence = 1e-09


SCF converges after 10 iterations.

Final DHF energy is -37.3324964757747 hartree.
DHF iterations time (CPU/WALL): 1.79/0.05 seconds.
2e-SO Coulomb integrals time (CPU/WALL): 0.13/0.01 seconds.
Initializing 4c-HF with Gaunt with gauge for O atom.
Maximum memory cost (2e part) in SCF and amfi calculation: 0.00321078300476074 GB.
1e-integrals time (CPU/WALL): 0.00/0.00 seconds.
2e-Coulomb-integrals time (CPU/WALL): 0.21/0.01 seconds.
2e-Gaunt-integrals time (CPU/WALL): 0.26/0.01 seconds.
2e-gauge-integrals time (CPU/WALL): 0.90/0.03 seconds.

Start Dirac Hartree-Fock iterations...
with SCF convergence = 1e-09


SCF converges after 11 iterations.

Final DHF energy is -74.3107180725906 hartree.
DHF iterations time (CPU/WALL): 1.79/0.05 seconds.
2e-SO Coulomb integrals time (CPU/WALL): 0.13/0.01 seconds.
Initializing 4c-HF with Gaunt with gauge for H atom.
Maximum memory cost (2e part) in SCF and amfi calculation: 4.57763671875e-05 GB.
1e-integrals time (CPU/WALL): 0.00/0.00 seconds.
2e-Coulomb-integrals time (CPU/WALL): 0.00/0.00 seconds.
2e-Gaunt-integrals time (CPU/WALL): 0.00/0.00 seconds.
2e-gauge-integrals time (CPU/WALL): 0.00/0.00 seconds.

Start Dirac Hartree-Fock iterations...
with SCF convergence = 1e-09

Special treatment for fractional occupation of H atom.

SCF converges after 1 iterations.

Final DHF energy is -0.340081496312782 hartree.
DHF iterations time (CPU/WALL): 0.00/0.00 seconds.
2e-SO Coulomb integrals time (CPU/WALL): 0.00/0.00 seconds.
Initializing 4c-HF with Gaunt with gauge for CO atom.
Maximum memory cost (2e part) in SCF and amfi calculation: 0.0711967349052429 GB.
1e-integrals time (CPU/WALL): 0.00/0.00 seconds.
2e-Coulomb-integrals time (CPU/WALL): 3.19/0.10 seconds.
2e-Gaunt-integrals time (CPU/WALL): 2.43/0.08 seconds.
2e-gauge-integrals time (CPU/WALL): 6.22/0.20 seconds.

Start Dirac Hartree-Fock iterations...
with SCF convergence = 1e-09


SCF converges after 18 iterations.

Final DHF energy is -1390.51515626882 hartree.
DHF iterations time (CPU/WALL): 31.70/1.14 seconds.
2e-SO Coulomb integrals time (CPU/WALL): 4.90/0.15 seconds.
Initializing 4c-HF with Gaunt with gauge for N atom.
Maximum memory cost (2e part) in SCF and amfi calculation: 0.00736874341964722 GB.
1e-integrals time (CPU/WALL): 0.00/0.00 seconds.
2e-Coulomb-integrals time (CPU/WALL): 0.41/0.02 seconds.
2e-Gaunt-integrals time (CPU/WALL): 0.64/0.02 seconds.
2e-gauge-integrals time (CPU/WALL): 1.79/0.06 seconds.

Start Dirac Hartree-Fock iterations...
with SCF convergence = 1e-09


SCF converges after 12 iterations.

Final DHF energy is -53.8754539020806 hartree.
DHF iterations time (CPU/WALL): 3.13/0.10 seconds.
2e-SO Coulomb integrals time (CPU/WALL): 0.38/0.01 seconds.
hso1e.shape =  (3, 720, 720)
hso2e.shape =  (3, 720, 720)
hso.shape =  (3, 22, 22)
